2026-02-08 15:13:44.641 [background-preinit] INFO  o.h.validator.internal.util.Version - HV000001: Hibernate Validator 8.0.3.Final
2026-02-08 15:13:44.722 [main] INFO  c.a.journalApp.JournalApplication - Starting JournalApplication using Java 21.0.6 with PID 9420 (D:\SpringBoot\journalApp\target\classes started by aakas in D:\SpringBoot\journalApp)
2026-02-08 15:13:44.723 [main] INFO  c.a.journalApp.JournalApplication - The following 1 profile is active: "dev"
2026-02-08 15:13:46.684 [main] INFO  o.s.d.r.c.RepositoryConfigurationDelegate - Bootstrapping Spring Data MongoDB repositories in DEFAULT mode.
2026-02-08 15:13:46.997 [main] INFO  o.s.d.r.c.RepositoryConfigurationDelegate - Finished Spring Data repository scanning in 296 ms. Found 3 MongoDB repository interfaces.
2026-02-08 15:13:48.675 [main] INFO  o.s.b.w.e.tomcat.TomcatWebServer - Tomcat initialized with port 8080 (http)
2026-02-08 15:13:48.689 [main] INFO  o.a.coyote.http11.Http11NioProtocol - Initializing ProtocolHandler ["http-nio-8080"]
2026-02-08 15:13:48.691 [main] INFO  o.a.catalina.core.StandardService - Starting service [Tomcat]
2026-02-08 15:13:48.692 [main] INFO  o.a.catalina.core.StandardEngine - Starting Servlet engine: [Apache Tomcat/10.1.50]
2026-02-08 15:13:48.752 [main] INFO  o.a.c.c.C.[Tomcat].[localhost].[/] - Initializing Spring embedded WebApplicationContext
2026-02-08 15:13:48.753 [main] INFO  o.s.b.w.s.c.ServletWebServerApplicationContext - Root WebApplicationContext: initialization completed in 3811 ms
2026-02-08 15:13:48.951 [main] DEBUG o.s.s.c.ThreadPoolTaskExecutor - Initializing ExecutorService 'applicationTaskExecutor'
2026-02-08 15:13:49.584 [cluster-ClusterId{value='69885ad5cfd79eda4833e733', description='Cluster0'}-srv-cluster0.tzll3pi.mongodb.net] INFO  org.mongodb.driver.cluster - Adding discovered server ac-ekkqvqw-shard-00-01.tzll3pi.mongodb.net:27017 to client view of cluster
2026-02-08 15:13:49.587 [main] INFO  org.mongodb.driver.client - MongoClient with metadata {"application": {"name": "Cluster0"}, "driver": {"name": "mongo-java-driver|sync|spring-boot", "version": "5.5.2"}, "os": {"type": "Windows", "name": "Windows 11", "architecture": "amd64", "version": "10.0"}, "platform": "Java/Oracle Corporation/21.0.6+8-LTS-188"} created with settings MongoClientSettings{readPreference=primary, writeConcern=WriteConcern{w=null, wTimeout=null ms, journal=null}, retryWrites=true, retryReads=true, readConcern=ReadConcern{level=null}, credential=MongoCredential{mechanism=null, userName='aakashbhatt19_db_user', source='admin', password=<hidden>, mechanismProperties=<hidden>}, transportSettings=null, commandListeners=[], codecRegistry=ProvidersCodecRegistry{codecProviders=[ValueCodecProvider{}, BsonValueCodecProvider{}, DBRefCodecProvider{}, DBObjectCodecProvider{}, DocumentCodecProvider{}, CollectionCodecProvider{}, IterableCodecProvider{}, MapCodecProvider{}, GeoJsonCodecProvider{}, GridFSFileCodecProvider{}, Jsr310CodecProvider{}, JsonObjectCodecProvider{}, BsonCodecProvider{}, EnumCodecProvider{}, com.mongodb.client.model.mql.ExpressionCodecProvider@329dc214, com.mongodb.Jep395RecordCodecProvider@fbe70d8, com.mongodb.KotlinCodecProvider@64021427]}, loggerSettings=LoggerSettings{maxDocumentLength=1000}, clusterSettings={hosts=[127.0.0.1:27017], srvHost=cluster0.tzll3pi.mongodb.net, srvServiceName=mongodb, mode=MULTIPLE, requiredClusterType=REPLICA_SET, requiredReplicaSetName='atlas-b2qrri-shard-0', serverSelector='null', clusterListeners='[]', serverSelectionTimeout='30000 ms', localThreshold='15 ms'}, socketSettings=SocketSettings{connectTimeoutMS=10000, readTimeoutMS=0, receiveBufferSize=0, proxySettings=ProxySettings{host=null, port=null, username=null, password=null}}, heartbeatSocketSettings=SocketSettings{connectTimeoutMS=10000, readTimeoutMS=10000, receiveBufferSize=0, proxySettings=ProxySettings{host=null, port=null, username=null, password=null}}, connectionPoolSettings=ConnectionPoolSettings{maxSize=100, minSize=0, maxWaitTimeMS=120000, maxConnectionLifeTimeMS=0, maxConnectionIdleTimeMS=0, maintenanceInitialDelayMS=0, maintenanceFrequencyMS=60000, connectionPoolListeners=[], maxConnecting=2}, serverSettings=ServerSettings{heartbeatFrequencyMS=10000, minHeartbeatFrequencyMS=500, serverMonitoringMode=AUTO, serverListeners='[]', serverMonitorListeners='[]'}, sslSettings=SslSettings{enabled=true, invalidHostNameAllowed=false, context=null}, applicationName='Cluster0', compressorList=[], uuidRepresentation=JAVA_LEGACY, serverApi=null, autoEncryptionSettings=null, dnsClient=null, inetAddressResolver=null, contextProvider=null, timeoutMS=null}
2026-02-08 15:13:49.673 [cluster-ClusterId{value='69885ad5cfd79eda4833e733', description='Cluster0'}-srv-cluster0.tzll3pi.mongodb.net] INFO  org.mongodb.driver.cluster - Adding discovered server ac-ekkqvqw-shard-00-00.tzll3pi.mongodb.net:27017 to client view of cluster
2026-02-08 15:13:49.714 [cluster-ClusterId{value='69885ad5cfd79eda4833e733', description='Cluster0'}-srv-cluster0.tzll3pi.mongodb.net] INFO  org.mongodb.driver.cluster - Adding discovered server ac-ekkqvqw-shard-00-02.tzll3pi.mongodb.net:27017 to client view of cluster
2026-02-08 15:13:50.235 [main] INFO  org.mongodb.driver.cluster - Waiting for server to become available for operation with ID 5. Remaining time: 29994 ms. Selector: WritableServerSelector, topology description: {type=REPLICA_SET, servers=[{address=ac-ekkqvqw-shard-00-00.tzll3pi.mongodb.net:27017, type=UNKNOWN, state=CONNECTING}, {address=ac-ekkqvqw-shard-00-02.tzll3pi.mongodb.net:27017, type=UNKNOWN, state=CONNECTING}, {address=ac-ekkqvqw-shard-00-01.tzll3pi.mongodb.net:27017, type=UNKNOWN, state=CONNECTING}].
2026-02-08 15:13:50.618 [cluster-ClusterId{value='69885ad5cfd79eda4833e733', description='Cluster0'}-ac-ekkqvqw-shard-00-00.tzll3pi.mongodb.net:27017] INFO  org.mongodb.driver.cluster - Monitor thread successfully connected to server with description ServerDescription{address=ac-ekkqvqw-shard-00-00.tzll3pi.mongodb.net:27017, type=REPLICA_SET_SECONDARY, cryptd=false, state=CONNECTED, ok=true, minWireVersion=0, maxWireVersion=25, maxDocumentSize=16777216, logicalSessionTimeoutMinutes=30, roundTripTimeNanos=369495300, minRoundTripTimeNanos=0, setName='atlas-b2qrri-shard-0', canonicalAddress=ac-ekkqvqw-shard-00-00.tzll3pi.mongodb.net:27017, hosts=[ac-ekkqvqw-shard-00-00.tzll3pi.mongodb.net:27017, ac-ekkqvqw-shard-00-01.tzll3pi.mongodb.net:27017, ac-ekkqvqw-shard-00-02.tzll3pi.mongodb.net:27017], passives=[], arbiters=[], primary='ac-ekkqvqw-shard-00-02.tzll3pi.mongodb.net:27017', tagSet=TagSet{[Tag{name='availabilityZone', value='aps1-az1'}, Tag{name='diskState', value='READY'}, Tag{name='nodeType', value='ELECTABLE'}, Tag{name='provider', value='AWS'}, Tag{name='region', value='AP_SOUTH_1'}, Tag{name='workloadType', value='OPERATIONAL'}]}, electionId=null, setVersion=192, topologyVersion=TopologyVersion{processId=6985050dea09824c261ec9ba, counter=4}, lastWriteDate=Sun Feb 08 15:13:49 IST 2026, lastUpdateTimeNanos=6718421572400}
2026-02-08 15:13:50.618 [cluster-ClusterId{value='69885ad5cfd79eda4833e733', description='Cluster0'}-ac-ekkqvqw-shard-00-01.tzll3pi.mongodb.net:27017] INFO  org.mongodb.driver.cluster - Monitor thread successfully connected to server with description ServerDescription{address=ac-ekkqvqw-shard-00-01.tzll3pi.mongodb.net:27017, type=REPLICA_SET_SECONDARY, cryptd=false, state=CONNECTED, ok=true, minWireVersion=0, maxWireVersion=25, maxDocumentSize=16777216, logicalSessionTimeoutMinutes=30, roundTripTimeNanos=369538500, minRoundTripTimeNanos=0, setName='atlas-b2qrri-shard-0', canonicalAddress=ac-ekkqvqw-shard-00-01.tzll3pi.mongodb.net:27017, hosts=[ac-ekkqvqw-shard-00-00.tzll3pi.mongodb.net:27017, ac-ekkqvqw-shard-00-01.tzll3pi.mongodb.net:27017, ac-ekkqvqw-shard-00-02.tzll3pi.mongodb.net:27017], passives=[], arbiters=[], primary='ac-ekkqvqw-shard-00-02.tzll3pi.mongodb.net:27017', tagSet=TagSet{[Tag{name='availabilityZone', value='aps1-az3'}, Tag{name='diskState', value='READY'}, Tag{name='nodeType', value='ELECTABLE'}, Tag{name='provider', value='AWS'}, Tag{name='region', value='AP_SOUTH_1'}, Tag{name='workloadType', value='OPERATIONAL'}]}, electionId=null, setVersion=192, topologyVersion=TopologyVersion{processId=698505c1864b3814516c91a0, counter=3}, lastWriteDate=Sun Feb 08 15:13:49 IST 2026, lastUpdateTimeNanos=6718421611500}
2026-02-08 15:13:50.618 [cluster-ClusterId{value='69885ad5cfd79eda4833e733', description='Cluster0'}-ac-ekkqvqw-shard-00-02.tzll3pi.mongodb.net:27017] INFO  org.mongodb.driver.cluster - Monitor thread successfully connected to server with description ServerDescription{address=ac-ekkqvqw-shard-00-02.tzll3pi.mongodb.net:27017, type=REPLICA_SET_PRIMARY, cryptd=false, state=CONNECTED, ok=true, minWireVersion=0, maxWireVersion=25, maxDocumentSize=16777216, logicalSessionTimeoutMinutes=30, roundTripTimeNanos=369495400, minRoundTripTimeNanos=0, setName='atlas-b2qrri-shard-0', canonicalAddress=ac-ekkqvqw-shard-00-02.tzll3pi.mongodb.net:27017, hosts=[ac-ekkqvqw-shard-00-00.tzll3pi.mongodb.net:27017, ac-ekkqvqw-shard-00-01.tzll3pi.mongodb.net:27017, ac-ekkqvqw-shard-00-02.tzll3pi.mongodb.net:27017], passives=[], arbiters=[], primary='ac-ekkqvqw-shard-00-02.tzll3pi.mongodb.net:27017', tagSet=TagSet{[Tag{name='availabilityZone', value='aps1-az2'}, Tag{name='diskState', value='READY'}, Tag{name='nodeType', value='ELECTABLE'}, Tag{name='provider', value='AWS'}, Tag{name='region', value='AP_SOUTH_1'}, Tag{name='workloadType', value='OPERATIONAL'}]}, electionId=7fffffff00000000000001f2, setVersion=192, topologyVersion=TopologyVersion{processId=69850566af57af3db5983b91, counter=6}, lastWriteDate=Sun Feb 08 15:13:49 IST 2026, lastUpdateTimeNanos=6718421572000}
2026-02-08 15:13:50.623 [cluster-ClusterId{value='69885ad5cfd79eda4833e733', description='Cluster0'}-ac-ekkqvqw-shard-00-02.tzll3pi.mongodb.net:27017] INFO  org.mongodb.driver.cluster - Discovered replica set primary ac-ekkqvqw-shard-00-02.tzll3pi.mongodb.net:27017 with max election id 7fffffff00000000000001f2 and max set version 192
2026-02-08 15:13:51.632 [main] INFO  o.s.s.c.a.a.c.InitializeUserDetailsBeanManagerConfigurer$InitializeUserDetailsManagerConfigurer - Global AuthenticationManager configured with UserDetailsService bean with name userDetailsServiceImpl
2026-02-08 15:13:52.413 [main] DEBUG o.s.s.c.ThreadPoolTaskScheduler - Initializing ExecutorService 'taskScheduler'
2026-02-08 15:13:52.433 [main] INFO  o.a.coyote.http11.Http11NioProtocol - Starting ProtocolHandler ["http-nio-8080"]
2026-02-08 15:13:52.450 [main] INFO  o.s.b.w.e.tomcat.TomcatWebServer - Tomcat started on port 8080 (http) with context path '/'
2026-02-08 15:13:52.462 [main] INFO  c.a.journalApp.JournalApplication - Started JournalApplication in 8.424 seconds (process running for 10.039)
2026-02-08 15:15:26.519 [http-nio-8080-exec-2] INFO  o.a.c.c.C.[Tomcat].[localhost].[/] - Initializing Spring DispatcherServlet 'dispatcherServlet'
2026-02-08 15:15:26.522 [http-nio-8080-exec-2] INFO  o.s.web.servlet.DispatcherServlet - Initializing Servlet 'dispatcherServlet'
2026-02-08 15:15:26.542 [http-nio-8080-exec-2] INFO  o.s.web.servlet.DispatcherServlet - Completed initialization in 19 ms
2026-02-08 15:15:27.128 [http-nio-8080-exec-2] INFO  c.a.j.controller.PublicController - createUser User(id=null, userName=aakash20, password=aakash20, email=null, sentimentAnalysis=false, journalEntries=[], roles=null)
2026-02-08 15:15:27.370 [http-nio-8080-exec-2] INFO  c.a.journalApp.services.UserServices - Saving user to Mongo: User(id=null, userName=aakash20, password=$2a$10$EV2D3lzJii4PW9oqxyhAleUAfixt5EDUiz4U7J9bJmQ2Q/OmNbO4i, email=null, sentimentAnalysis=false, journalEntries=[], roles=[USER])
2026-02-08 15:20:11.505 [http-nio-8080-exec-5] INFO  c.a.j.controller.PublicController - createUser User(id=null, userName=aakash, password=aakash, email=null, sentimentAnalysis=true, journalEntries=[], roles=null)
2026-02-08 15:20:11.747 [http-nio-8080-exec-5] INFO  c.a.journalApp.services.UserServices - Saving user to Mongo: User(id=null, userName=aakash, password=$2a$10$pCAqhbfPi2oKtiKxc2SSVe9tQc8/VslsEXUiBu9Gb1.I2o9DG0jcm, email=null, sentimentAnalysis=true, journalEntries=[], roles=[USER])
2026-02-08 15:21:36.574 [http-nio-8080-exec-10] INFO  c.a.j.controller.PublicController - createUser User(id=null, userName=aakash, password=aakash, email=aakashbhatt.19@gmail.com, sentimentAnalysis=true, journalEntries=[], roles=null)
2026-02-08 15:21:36.703 [http-nio-8080-exec-10] INFO  c.a.journalApp.services.UserServices - Saving user to Mongo: User(id=null, userName=aakash, password=$2a$10$6iP/2nl7mvp93hHL6Sp6LuSNpupKOlMFiOz.QImY66Ghh8Ms6jxmi, email=aakashbhatt.19@gmail.com, sentimentAnalysis=true, journalEntries=[], roles=[USER])
2026-02-08 15:32:47.817 [http-nio-8080-exec-7] INFO  c.a.j.controller.PublicController - createUser User(id=null, userName=aishu, password=aishu, email=abc.com, sentimentAnalysis=false, journalEntries=[], roles=null)
2026-02-08 15:32:47.958 [http-nio-8080-exec-7] INFO  c.a.journalApp.services.UserServices - Saving user to Mongo: User(id=null, userName=aishu, password=$2a$10$eY/Mmg1/xobem6bLTJerf.tY5DX.FK6UbNh5UeKQDI4z/XqOOTJby, email=abc.com, sentimentAnalysis=false, journalEntries=[], roles=[USER])
2026-02-08 15:33:24.134 [cluster-ClusterId{value='69885ad5cfd79eda4833e733', description='Cluster0'}-ac-ekkqvqw-shard-00-01.tzll3pi.mongodb.net:27017] INFO  org.mongodb.driver.cluster - Exception in monitor thread while connecting to server ac-ekkqvqw-shard-00-01.tzll3pi.mongodb.net:27017
com.mongodb.MongoSocketReadTimeoutException: Timeout while receiving message
	at com.mongodb.internal.connection.InternalStreamConnection.createReadTimeoutException(InternalStreamConnection.java:819)
	at com.mongodb.internal.connection.InternalStreamConnection.translateReadException(InternalStreamConnection.java:807)
	at com.mongodb.internal.connection.InternalStreamConnection.receiveResponseBuffers(InternalStreamConnection.java:857)
	at com.mongodb.internal.connection.InternalStreamConnection.receiveCommandMessageResponse(InternalStreamConnection.java:517)
	at com.mongodb.internal.connection.InternalStreamConnection.receive(InternalStreamConnection.java:469)
	at com.mongodb.internal.connection.DefaultServerMonitor$ServerMonitor.lookupServerDescription(DefaultServerMonitor.java:249)
	at com.mongodb.internal.connection.DefaultServerMonitor$ServerMonitor.run(DefaultServerMonitor.java:176)
Caused by: java.net.SocketTimeoutException: Read timed out
	at java.base/sun.nio.ch.NioSocketImpl.timedRead(NioSocketImpl.java:278)
	at java.base/sun.nio.ch.NioSocketImpl.implRead(NioSocketImpl.java:304)
	at java.base/sun.nio.ch.NioSocketImpl.read(NioSocketImpl.java:346)
	at java.base/sun.nio.ch.NioSocketImpl$1.read(NioSocketImpl.java:796)
	at java.base/java.net.Socket$SocketInputStream.read(Socket.java:1099)
	at java.base/sun.security.ssl.SSLSocketInputRecord.read(SSLSocketInputRecord.java:489)
	at java.base/sun.security.ssl.SSLSocketInputRecord.readHeader(SSLSocketInputRecord.java:483)
	at java.base/sun.security.ssl.SSLSocketInputRecord.bytesInCompletePacket(SSLSocketInputRecord.java:70)
	at java.base/sun.security.ssl.SSLSocketImpl.readApplicationRecord(SSLSocketImpl.java:1461)
	at java.base/sun.security.ssl.SSLSocketImpl$AppInputStream.read(SSLSocketImpl.java:1066)
	at com.mongodb.internal.connection.SocketStream.read(SocketStream.java:182)
	at com.mongodb.internal.connection.InternalStreamConnection.receiveResponseBuffers(InternalStreamConnection.java:824)
	... 4 common frames omitted
2026-02-08 15:33:24.134 [cluster-ClusterId{value='69885ad5cfd79eda4833e733', description='Cluster0'}-ac-ekkqvqw-shard-00-02.tzll3pi.mongodb.net:27017] INFO  org.mongodb.driver.cluster - Exception in monitor thread while connecting to server ac-ekkqvqw-shard-00-02.tzll3pi.mongodb.net:27017
com.mongodb.MongoSocketReadTimeoutException: Timeout while receiving message
	at com.mongodb.internal.connection.InternalStreamConnection.createReadTimeoutException(InternalStreamConnection.java:819)
	at com.mongodb.internal.connection.InternalStreamConnection.translateReadException(InternalStreamConnection.java:807)
	at com.mongodb.internal.connection.InternalStreamConnection.receiveResponseBuffers(InternalStreamConnection.java:857)
	at com.mongodb.internal.connection.InternalStreamConnection.receiveCommandMessageResponse(InternalStreamConnection.java:517)
	at com.mongodb.internal.connection.InternalStreamConnection.receive(InternalStreamConnection.java:469)
	at com.mongodb.internal.connection.DefaultServerMonitor$ServerMonitor.lookupServerDescription(DefaultServerMonitor.java:249)
	at com.mongodb.internal.connection.DefaultServerMonitor$ServerMonitor.run(DefaultServerMonitor.java:176)
Caused by: java.net.SocketTimeoutException: Read timed out
	at java.base/sun.nio.ch.NioSocketImpl.timedRead(NioSocketImpl.java:278)
	at java.base/sun.nio.ch.NioSocketImpl.implRead(NioSocketImpl.java:304)
	at java.base/sun.nio.ch.NioSocketImpl.read(NioSocketImpl.java:346)
	at java.base/sun.nio.ch.NioSocketImpl$1.read(NioSocketImpl.java:796)
	at java.base/java.net.Socket$SocketInputStream.read(Socket.java:1099)
	at java.base/sun.security.ssl.SSLSocketInputRecord.read(SSLSocketInputRecord.java:489)
	at java.base/sun.security.ssl.SSLSocketInputRecord.readHeader(SSLSocketInputRecord.java:483)
	at java.base/sun.security.ssl.SSLSocketInputRecord.bytesInCompletePacket(SSLSocketInputRecord.java:70)
	at java.base/sun.security.ssl.SSLSocketImpl.readApplicationRecord(SSLSocketImpl.java:1461)
	at java.base/sun.security.ssl.SSLSocketImpl$AppInputStream.read(SSLSocketImpl.java:1066)
	at com.mongodb.internal.connection.SocketStream.read(SocketStream.java:182)
	at com.mongodb.internal.connection.InternalStreamConnection.receiveResponseBuffers(InternalStreamConnection.java:824)
	... 4 common frames omitted
2026-02-08 15:33:24.236 [cluster-ClusterId{value='69885ad5cfd79eda4833e733', description='Cluster0'}-ac-ekkqvqw-shard-00-00.tzll3pi.mongodb.net:27017] INFO  org.mongodb.driver.cluster - Exception in monitor thread while connecting to server ac-ekkqvqw-shard-00-00.tzll3pi.mongodb.net:27017
com.mongodb.MongoSocketReadTimeoutException: Timeout while receiving message
	at com.mongodb.internal.connection.InternalStreamConnection.createReadTimeoutException(InternalStreamConnection.java:819)
	at com.mongodb.internal.connection.InternalStreamConnection.translateReadException(InternalStreamConnection.java:807)
	at com.mongodb.internal.connection.InternalStreamConnection.receiveResponseBuffers(InternalStreamConnection.java:857)
	at com.mongodb.internal.connection.InternalStreamConnection.receiveCommandMessageResponse(InternalStreamConnection.java:517)
	at com.mongodb.internal.connection.InternalStreamConnection.receive(InternalStreamConnection.java:469)
	at com.mongodb.internal.connection.DefaultServerMonitor$ServerMonitor.lookupServerDescription(DefaultServerMonitor.java:249)
	at com.mongodb.internal.connection.DefaultServerMonitor$ServerMonitor.run(DefaultServerMonitor.java:176)
Caused by: java.net.SocketTimeoutException: Read timed out
	at java.base/sun.nio.ch.NioSocketImpl.timedRead(NioSocketImpl.java:278)
	at java.base/sun.nio.ch.NioSocketImpl.implRead(NioSocketImpl.java:304)
	at java.base/sun.nio.ch.NioSocketImpl.read(NioSocketImpl.java:346)
	at java.base/sun.nio.ch.NioSocketImpl$1.read(NioSocketImpl.java:796)
	at java.base/java.net.Socket$SocketInputStream.read(Socket.java:1099)
	at java.base/sun.security.ssl.SSLSocketInputRecord.read(SSLSocketInputRecord.java:489)
	at java.base/sun.security.ssl.SSLSocketInputRecord.readHeader(SSLSocketInputRecord.java:483)
	at java.base/sun.security.ssl.SSLSocketInputRecord.bytesInCompletePacket(SSLSocketInputRecord.java:70)
	at java.base/sun.security.ssl.SSLSocketImpl.readApplicationRecord(SSLSocketImpl.java:1461)
	at java.base/sun.security.ssl.SSLSocketImpl$AppInputStream.read(SSLSocketImpl.java:1066)
	at com.mongodb.internal.connection.SocketStream.read(SocketStream.java:182)
	at com.mongodb.internal.connection.InternalStreamConnection.receiveResponseBuffers(InternalStreamConnection.java:824)
	... 4 common frames omitted
2026-02-08 15:33:27.113 [cluster-ClusterId{value='69885ad5cfd79eda4833e733', description='Cluster0'}-ac-ekkqvqw-shard-00-01.tzll3pi.mongodb.net:27017] INFO  org.mongodb.driver.cluster - Monitor thread successfully connected to server with description ServerDescription{address=ac-ekkqvqw-shard-00-01.tzll3pi.mongodb.net:27017, type=REPLICA_SET_SECONDARY, cryptd=false, state=CONNECTED, ok=true, minWireVersion=0, maxWireVersion=25, maxDocumentSize=16777216, logicalSessionTimeoutMinutes=30, roundTripTimeNanos=122369900, minRoundTripTimeNanos=0, setName='atlas-b2qrri-shard-0', canonicalAddress=ac-ekkqvqw-shard-00-01.tzll3pi.mongodb.net:27017, hosts=[ac-ekkqvqw-shard-00-00.tzll3pi.mongodb.net:27017, ac-ekkqvqw-shard-00-01.tzll3pi.mongodb.net:27017, ac-ekkqvqw-shard-00-02.tzll3pi.mongodb.net:27017], passives=[], arbiters=[], primary='ac-ekkqvqw-shard-00-02.tzll3pi.mongodb.net:27017', tagSet=TagSet{[Tag{name='availabilityZone', value='aps1-az3'}, Tag{name='diskState', value='READY'}, Tag{name='nodeType', value='ELECTABLE'}, Tag{name='provider', value='AWS'}, Tag{name='region', value='AP_SOUTH_1'}, Tag{name='workloadType', value='OPERATIONAL'}]}, electionId=null, setVersion=192, topologyVersion=TopologyVersion{processId=698505c1864b3814516c91a0, counter=3}, lastWriteDate=Sun Feb 08 15:33:26 IST 2026, lastUpdateTimeNanos=7894911465700}
2026-02-08 15:33:27.131 [cluster-ClusterId{value='69885ad5cfd79eda4833e733', description='Cluster0'}-ac-ekkqvqw-shard-00-00.tzll3pi.mongodb.net:27017] INFO  org.mongodb.driver.cluster - Monitor thread successfully connected to server with description ServerDescription{address=ac-ekkqvqw-shard-00-00.tzll3pi.mongodb.net:27017, type=REPLICA_SET_SECONDARY, cryptd=false, state=CONNECTED, ok=true, minWireVersion=0, maxWireVersion=25, maxDocumentSize=16777216, logicalSessionTimeoutMinutes=30, roundTripTimeNanos=156653700, minRoundTripTimeNanos=0, setName='atlas-b2qrri-shard-0', canonicalAddress=ac-ekkqvqw-shard-00-00.tzll3pi.mongodb.net:27017, hosts=[ac-ekkqvqw-shard-00-00.tzll3pi.mongodb.net:27017, ac-ekkqvqw-shard-00-01.tzll3pi.mongodb.net:27017, ac-ekkqvqw-shard-00-02.tzll3pi.mongodb.net:27017], passives=[], arbiters=[], primary='ac-ekkqvqw-shard-00-02.tzll3pi.mongodb.net:27017', tagSet=TagSet{[Tag{name='availabilityZone', value='aps1-az1'}, Tag{name='diskState', value='READY'}, Tag{name='nodeType', value='ELECTABLE'}, Tag{name='provider', value='AWS'}, Tag{name='region', value='AP_SOUTH_1'}, Tag{name='workloadType', value='OPERATIONAL'}]}, electionId=null, setVersion=192, topologyVersion=TopologyVersion{processId=6985050dea09824c261ec9ba, counter=4}, lastWriteDate=Sun Feb 08 15:33:26 IST 2026, lastUpdateTimeNanos=7894937812300}
2026-02-08 15:33:27.138 [cluster-ClusterId{value='69885ad5cfd79eda4833e733', description='Cluster0'}-ac-ekkqvqw-shard-00-02.tzll3pi.mongodb.net:27017] INFO  org.mongodb.driver.cluster - Monitor thread successfully connected to server with description ServerDescription{address=ac-ekkqvqw-shard-00-02.tzll3pi.mongodb.net:27017, type=REPLICA_SET_PRIMARY, cryptd=false, state=CONNECTED, ok=true, minWireVersion=0, maxWireVersion=25, maxDocumentSize=16777216, logicalSessionTimeoutMinutes=30, roundTripTimeNanos=153592000, minRoundTripTimeNanos=0, setName='atlas-b2qrri-shard-0', canonicalAddress=ac-ekkqvqw-shard-00-02.tzll3pi.mongodb.net:27017, hosts=[ac-ekkqvqw-shard-00-00.tzll3pi.mongodb.net:27017, ac-ekkqvqw-shard-00-01.tzll3pi.mongodb.net:27017, ac-ekkqvqw-shard-00-02.tzll3pi.mongodb.net:27017], passives=[], arbiters=[], primary='ac-ekkqvqw-shard-00-02.tzll3pi.mongodb.net:27017', tagSet=TagSet{[Tag{name='availabilityZone', value='aps1-az2'}, Tag{name='diskState', value='READY'}, Tag{name='nodeType', value='ELECTABLE'}, Tag{name='provider', value='AWS'}, Tag{name='region', value='AP_SOUTH_1'}, Tag{name='workloadType', value='OPERATIONAL'}]}, electionId=7fffffff00000000000001f2, setVersion=192, topologyVersion=TopologyVersion{processId=69850566af57af3db5983b91, counter=6}, lastWriteDate=Sun Feb 08 15:33:26 IST 2026, lastUpdateTimeNanos=7894944688000}
2026-02-08 15:33:27.139 [cluster-ClusterId{value='69885ad5cfd79eda4833e733', description='Cluster0'}-ac-ekkqvqw-shard-00-02.tzll3pi.mongodb.net:27017] INFO  org.mongodb.driver.cluster - Discovered replica set primary ac-ekkqvqw-shard-00-02.tzll3pi.mongodb.net:27017 with max election id 7fffffff00000000000001f2 and max set version 192
