2026-02-07 15:44:46.924 [background-preinit] INFO  o.h.validator.internal.util.Version - HV000001: Hibernate Validator 8.0.3.Final
2026-02-07 15:44:46.979 [main] INFO  c.a.journalApp.JournalApplication - Starting JournalApplication using Java 21.0.6 with PID 14448 (D:\SpringBoot\journalApp\target\classes started by aakas in D:\SpringBoot\journalApp)
2026-02-07 15:44:46.979 [main] INFO  c.a.journalApp.JournalApplication - The following 1 profile is active: "dev"
2026-02-07 15:44:47.649 [main] INFO  o.s.d.r.c.RepositoryConfigurationDelegate - Bootstrapping Spring Data MongoDB repositories in DEFAULT mode.
2026-02-07 15:44:47.711 [main] INFO  o.s.d.r.c.RepositoryConfigurationDelegate - Finished Spring Data repository scanning in 56 ms. Found 3 MongoDB repository interfaces.
2026-02-07 15:44:48.381 [main] INFO  o.s.b.w.e.tomcat.TomcatWebServer - Tomcat initialized with port 8080 (http)
2026-02-07 15:44:48.398 [main] INFO  o.a.coyote.http11.Http11NioProtocol - Initializing ProtocolHandler ["http-nio-8080"]
2026-02-07 15:44:48.400 [main] INFO  o.a.catalina.core.StandardService - Starting service [Tomcat]
2026-02-07 15:44:48.401 [main] INFO  o.a.catalina.core.StandardEngine - Starting Servlet engine: [Apache Tomcat/10.1.50]
2026-02-07 15:44:48.454 [main] INFO  o.a.c.c.C.[Tomcat].[localhost].[/] - Initializing Spring embedded WebApplicationContext
2026-02-07 15:44:48.454 [main] INFO  o.s.b.w.s.c.ServletWebServerApplicationContext - Root WebApplicationContext: initialization completed in 1423 ms
2026-02-07 15:44:48.516 [main] DEBUG o.s.s.c.ThreadPoolTaskExecutor - Initializing ExecutorService 'applicationTaskExecutor'
2026-02-07 15:44:48.748 [main] INFO  org.mongodb.driver.client - MongoClient with metadata {"application": {"name": "Cluster0"}, "driver": {"name": "mongo-java-driver|sync|spring-boot", "version": "5.5.2"}, "os": {"type": "Windows", "name": "Windows 11", "architecture": "amd64", "version": "10.0"}, "platform": "Java/Oracle Corporation/21.0.6+8-LTS-188"} created with settings MongoClientSettings{readPreference=primary, writeConcern=WriteConcern{w=null, wTimeout=null ms, journal=null}, retryWrites=true, retryReads=true, readConcern=ReadConcern{level=null}, credential=MongoCredential{mechanism=null, userName='aakashbhatt19_db_user', source='admin', password=<hidden>, mechanismProperties=<hidden>}, transportSettings=null, commandListeners=[], codecRegistry=ProvidersCodecRegistry{codecProviders=[ValueCodecProvider{}, BsonValueCodecProvider{}, DBRefCodecProvider{}, DBObjectCodecProvider{}, DocumentCodecProvider{}, CollectionCodecProvider{}, IterableCodecProvider{}, MapCodecProvider{}, GeoJsonCodecProvider{}, GridFSFileCodecProvider{}, Jsr310CodecProvider{}, JsonObjectCodecProvider{}, BsonCodecProvider{}, EnumCodecProvider{}, com.mongodb.client.model.mql.ExpressionCodecProvider@64021427, com.mongodb.Jep395RecordCodecProvider@7d2c345d, com.mongodb.KotlinCodecProvider@217dc48e]}, loggerSettings=LoggerSettings{maxDocumentLength=1000}, clusterSettings={hosts=[127.0.0.1:27017], srvHost=cluster0.tzll3pi.mongodb.net, srvServiceName=mongodb, mode=MULTIPLE, requiredClusterType=REPLICA_SET, requiredReplicaSetName='atlas-b2qrri-shard-0', serverSelector='null', clusterListeners='[]', serverSelectionTimeout='30000 ms', localThreshold='15 ms'}, socketSettings=SocketSettings{connectTimeoutMS=10000, readTimeoutMS=0, receiveBufferSize=0, proxySettings=ProxySettings{host=null, port=null, username=null, password=null}}, heartbeatSocketSettings=SocketSettings{connectTimeoutMS=10000, readTimeoutMS=10000, receiveBufferSize=0, proxySettings=ProxySettings{host=null, port=null, username=null, password=null}}, connectionPoolSettings=ConnectionPoolSettings{maxSize=100, minSize=0, maxWaitTimeMS=120000, maxConnectionLifeTimeMS=0, maxConnectionIdleTimeMS=0, maintenanceInitialDelayMS=0, maintenanceFrequencyMS=60000, connectionPoolListeners=[], maxConnecting=2}, serverSettings=ServerSettings{heartbeatFrequencyMS=10000, minHeartbeatFrequencyMS=500, serverMonitoringMode=AUTO, serverListeners='[]', serverMonitorListeners='[]'}, sslSettings=SslSettings{enabled=true, invalidHostNameAllowed=false, context=null}, applicationName='Cluster0', compressorList=[], uuidRepresentation=JAVA_LEGACY, serverApi=null, autoEncryptionSettings=null, dnsClient=null, inetAddressResolver=null, contextProvider=null, timeoutMS=null}
2026-02-07 15:44:48.997 [main] INFO  org.mongodb.driver.cluster - Waiting for server to become available for operation with ID 2. Remaining time: 29992 ms. Selector: WritableServerSelector, topology description: {type=UNKNOWN, servers=[].
2026-02-07 15:44:49.031 [cluster-ClusterId{value='69871098861e78da7debf142', description='Cluster0'}-srv-cluster0.tzll3pi.mongodb.net] INFO  org.mongodb.driver.cluster - Adding discovered server ac-ekkqvqw-shard-00-01.tzll3pi.mongodb.net:27017 to client view of cluster
2026-02-07 15:44:49.062 [cluster-ClusterId{value='69871098861e78da7debf142', description='Cluster0'}-srv-cluster0.tzll3pi.mongodb.net] INFO  org.mongodb.driver.cluster - Adding discovered server ac-ekkqvqw-shard-00-00.tzll3pi.mongodb.net:27017 to client view of cluster
2026-02-07 15:44:49.065 [cluster-ClusterId{value='69871098861e78da7debf142', description='Cluster0'}-srv-cluster0.tzll3pi.mongodb.net] INFO  org.mongodb.driver.cluster - Adding discovered server ac-ekkqvqw-shard-00-02.tzll3pi.mongodb.net:27017 to client view of cluster
2026-02-07 15:44:49.490 [cluster-ClusterId{value='69871098861e78da7debf142', description='Cluster0'}-ac-ekkqvqw-shard-00-02.tzll3pi.mongodb.net:27017] INFO  org.mongodb.driver.cluster - Exception in monitor thread while connecting to server ac-ekkqvqw-shard-00-02.tzll3pi.mongodb.net:27017
com.mongodb.MongoSocketWriteException: Exception sending message
	at com.mongodb.internal.connection.InternalStreamConnection.throwTranslatedWriteException(InternalStreamConnection.java:785)
	at com.mongodb.internal.connection.InternalStreamConnection.sendMessage(InternalStreamConnection.java:670)
	at com.mongodb.internal.connection.InternalStreamConnection.trySendMessage(InternalStreamConnection.java:507)
	at com.mongodb.internal.connection.InternalStreamConnection.sendCommandMessage(InternalStreamConnection.java:482)
	at com.mongodb.internal.connection.InternalStreamConnection.sendAndReceiveInternal(InternalStreamConnection.java:440)
	at com.mongodb.internal.connection.InternalStreamConnection.lambda$sendAndReceive$0(InternalStreamConnection.java:375)
	at com.mongodb.internal.connection.InternalStreamConnection.sendAndReceive(InternalStreamConnection.java:378)
	at com.mongodb.internal.connection.CommandHelper.sendAndReceive(CommandHelper.java:100)
	at com.mongodb.internal.connection.CommandHelper.executeCommand(CommandHelper.java:49)
	at com.mongodb.internal.connection.InternalStreamConnectionInitializer.initializeConnectionDescription(InternalStreamConnectionInitializer.java:144)
	at com.mongodb.internal.connection.InternalStreamConnectionInitializer.startHandshake(InternalStreamConnectionInitializer.java:79)
	at com.mongodb.internal.connection.InternalStreamConnection.open(InternalStreamConnection.java:235)
	at com.mongodb.internal.connection.DefaultServerMonitor$ServerMonitor.lookupServerDescription(DefaultServerMonitor.java:219)
	at com.mongodb.internal.connection.DefaultServerMonitor$ServerMonitor.run(DefaultServerMonitor.java:176)
Caused by: javax.net.ssl.SSLException: Received fatal alert: internal_error
	at java.base/sun.security.ssl.Alert.createSSLException(Alert.java:132)
	at java.base/sun.security.ssl.Alert.createSSLException(Alert.java:117)
	at java.base/sun.security.ssl.TransportContext.fatal(TransportContext.java:370)
	at java.base/sun.security.ssl.Alert$AlertConsumer.consume(Alert.java:287)
	at java.base/sun.security.ssl.TransportContext.dispatch(TransportContext.java:209)
	at java.base/sun.security.ssl.SSLTransport.decode(SSLTransport.java:172)
	at java.base/sun.security.ssl.SSLSocketImpl.decode(SSLSocketImpl.java:1506)
	at java.base/sun.security.ssl.SSLSocketImpl.readHandshakeRecord(SSLSocketImpl.java:1421)
	at java.base/sun.security.ssl.SSLSocketImpl.startHandshake(SSLSocketImpl.java:455)
	at java.base/sun.security.ssl.SSLSocketImpl.ensureNegotiated(SSLSocketImpl.java:922)
	at java.base/sun.security.ssl.SSLSocketImpl$AppOutputStream.write(SSLSocketImpl.java:1291)
	at com.mongodb.internal.connection.SocketStream.write(SocketStream.java:165)
	at com.mongodb.internal.connection.InternalStreamConnection.sendMessage(InternalStreamConnection.java:667)
	... 12 common frames omitted
2026-02-07 15:44:49.491 [cluster-ClusterId{value='69871098861e78da7debf142', description='Cluster0'}-ac-ekkqvqw-shard-00-01.tzll3pi.mongodb.net:27017] INFO  org.mongodb.driver.cluster - Exception in monitor thread while connecting to server ac-ekkqvqw-shard-00-01.tzll3pi.mongodb.net:27017
com.mongodb.MongoSocketWriteException: Exception sending message
	at com.mongodb.internal.connection.InternalStreamConnection.throwTranslatedWriteException(InternalStreamConnection.java:785)
	at com.mongodb.internal.connection.InternalStreamConnection.sendMessage(InternalStreamConnection.java:670)
	at com.mongodb.internal.connection.InternalStreamConnection.trySendMessage(InternalStreamConnection.java:507)
	at com.mongodb.internal.connection.InternalStreamConnection.sendCommandMessage(InternalStreamConnection.java:482)
	at com.mongodb.internal.connection.InternalStreamConnection.sendAndReceiveInternal(InternalStreamConnection.java:440)
	at com.mongodb.internal.connection.InternalStreamConnection.lambda$sendAndReceive$0(InternalStreamConnection.java:375)
	at com.mongodb.internal.connection.InternalStreamConnection.sendAndReceive(InternalStreamConnection.java:378)
	at com.mongodb.internal.connection.CommandHelper.sendAndReceive(CommandHelper.java:100)
	at com.mongodb.internal.connection.CommandHelper.executeCommand(CommandHelper.java:49)
	at com.mongodb.internal.connection.InternalStreamConnectionInitializer.initializeConnectionDescription(InternalStreamConnectionInitializer.java:144)
	at com.mongodb.internal.connection.InternalStreamConnectionInitializer.startHandshake(InternalStreamConnectionInitializer.java:79)
	at com.mongodb.internal.connection.InternalStreamConnection.open(InternalStreamConnection.java:235)
	at com.mongodb.internal.connection.DefaultServerMonitor$ServerMonitor.lookupServerDescription(DefaultServerMonitor.java:219)
	at com.mongodb.internal.connection.DefaultServerMonitor$ServerMonitor.run(DefaultServerMonitor.java:176)
Caused by: javax.net.ssl.SSLException: Received fatal alert: internal_error
	at java.base/sun.security.ssl.Alert.createSSLException(Alert.java:132)
	at java.base/sun.security.ssl.Alert.createSSLException(Alert.java:117)
	at java.base/sun.security.ssl.TransportContext.fatal(TransportContext.java:370)
	at java.base/sun.security.ssl.Alert$AlertConsumer.consume(Alert.java:287)
	at java.base/sun.security.ssl.TransportContext.dispatch(TransportContext.java:209)
	at java.base/sun.security.ssl.SSLTransport.decode(SSLTransport.java:172)
	at java.base/sun.security.ssl.SSLSocketImpl.decode(SSLSocketImpl.java:1506)
	at java.base/sun.security.ssl.SSLSocketImpl.readHandshakeRecord(SSLSocketImpl.java:1421)
	at java.base/sun.security.ssl.SSLSocketImpl.startHandshake(SSLSocketImpl.java:455)
	at java.base/sun.security.ssl.SSLSocketImpl.ensureNegotiated(SSLSocketImpl.java:922)
	at java.base/sun.security.ssl.SSLSocketImpl$AppOutputStream.write(SSLSocketImpl.java:1291)
	at com.mongodb.internal.connection.SocketStream.write(SocketStream.java:165)
	at com.mongodb.internal.connection.InternalStreamConnection.sendMessage(InternalStreamConnection.java:667)
	... 12 common frames omitted
2026-02-07 15:44:49.490 [cluster-ClusterId{value='69871098861e78da7debf142', description='Cluster0'}-ac-ekkqvqw-shard-00-00.tzll3pi.mongodb.net:27017] INFO  org.mongodb.driver.cluster - Exception in monitor thread while connecting to server ac-ekkqvqw-shard-00-00.tzll3pi.mongodb.net:27017
com.mongodb.MongoSocketWriteException: Exception sending message
	at com.mongodb.internal.connection.InternalStreamConnection.throwTranslatedWriteException(InternalStreamConnection.java:785)
	at com.mongodb.internal.connection.InternalStreamConnection.sendMessage(InternalStreamConnection.java:670)
	at com.mongodb.internal.connection.InternalStreamConnection.trySendMessage(InternalStreamConnection.java:507)
	at com.mongodb.internal.connection.InternalStreamConnection.sendCommandMessage(InternalStreamConnection.java:482)
	at com.mongodb.internal.connection.InternalStreamConnection.sendAndReceiveInternal(InternalStreamConnection.java:440)
	at com.mongodb.internal.connection.InternalStreamConnection.lambda$sendAndReceive$0(InternalStreamConnection.java:375)
	at com.mongodb.internal.connection.InternalStreamConnection.sendAndReceive(InternalStreamConnection.java:378)
	at com.mongodb.internal.connection.CommandHelper.sendAndReceive(CommandHelper.java:100)
	at com.mongodb.internal.connection.CommandHelper.executeCommand(CommandHelper.java:49)
	at com.mongodb.internal.connection.InternalStreamConnectionInitializer.initializeConnectionDescription(InternalStreamConnectionInitializer.java:144)
	at com.mongodb.internal.connection.InternalStreamConnectionInitializer.startHandshake(InternalStreamConnectionInitializer.java:79)
	at com.mongodb.internal.connection.InternalStreamConnection.open(InternalStreamConnection.java:235)
	at com.mongodb.internal.connection.DefaultServerMonitor$ServerMonitor.lookupServerDescription(DefaultServerMonitor.java:219)
	at com.mongodb.internal.connection.DefaultServerMonitor$ServerMonitor.run(DefaultServerMonitor.java:176)
Caused by: javax.net.ssl.SSLException: Received fatal alert: internal_error
	at java.base/sun.security.ssl.Alert.createSSLException(Alert.java:132)
	at java.base/sun.security.ssl.Alert.createSSLException(Alert.java:117)
	at java.base/sun.security.ssl.TransportContext.fatal(TransportContext.java:370)
	at java.base/sun.security.ssl.Alert$AlertConsumer.consume(Alert.java:287)
	at java.base/sun.security.ssl.TransportContext.dispatch(TransportContext.java:209)
	at java.base/sun.security.ssl.SSLTransport.decode(SSLTransport.java:172)
	at java.base/sun.security.ssl.SSLSocketImpl.decode(SSLSocketImpl.java:1506)
	at java.base/sun.security.ssl.SSLSocketImpl.readHandshakeRecord(SSLSocketImpl.java:1421)
	at java.base/sun.security.ssl.SSLSocketImpl.startHandshake(SSLSocketImpl.java:455)
	at java.base/sun.security.ssl.SSLSocketImpl.ensureNegotiated(SSLSocketImpl.java:922)
	at java.base/sun.security.ssl.SSLSocketImpl$AppOutputStream.write(SSLSocketImpl.java:1291)
	at com.mongodb.internal.connection.SocketStream.write(SocketStream.java:165)
	at com.mongodb.internal.connection.InternalStreamConnection.sendMessage(InternalStreamConnection.java:667)
	... 12 common frames omitted
2026-02-07 15:45:19.012 [main] WARN  o.s.b.w.s.c.AnnotationConfigServletWebServerApplicationContext - Exception encountered during context initialization - cancelling refresh attempt: org.springframework.beans.factory.UnsatisfiedDependencyException: Error creating bean with name 'appCache': Unsatisfied dependency expressed through field 'config_Journal_AppRepository': Error creating bean with name 'config_Journal_AppRepository' defined in com.aakiproject.journalApp.repository.Config_Journal_AppRepository defined in @EnableMongoRepositories declared on MongoRepositoriesRegistrar.EnableMongoRepositoriesConfiguration: Cannot resolve reference to bean 'mongoTemplate' while setting bean property 'mongoOperations'
2026-02-07 15:45:19.017 [main] DEBUG o.s.s.c.ThreadPoolTaskExecutor - Shutting down ExecutorService 'applicationTaskExecutor'
2026-02-07 15:45:19.027 [main] INFO  o.a.catalina.core.StandardService - Stopping service [Tomcat]
2026-02-07 15:45:19.057 [main] INFO  o.s.b.a.l.ConditionEvaluationReportLogger - 

Error starting ApplicationContext. To display the condition evaluation report re-run your application with 'debug' enabled.
2026-02-07 15:45:19.095 [main] ERROR o.s.boot.SpringApplication - Application run failed
org.springframework.beans.factory.UnsatisfiedDependencyException: Error creating bean with name 'appCache': Unsatisfied dependency expressed through field 'config_Journal_AppRepository': Error creating bean with name 'config_Journal_AppRepository' defined in com.aakiproject.journalApp.repository.Config_Journal_AppRepository defined in @EnableMongoRepositories declared on MongoRepositoriesRegistrar.EnableMongoRepositoriesConfiguration: Cannot resolve reference to bean 'mongoTemplate' while setting bean property 'mongoOperations'
	at org.springframework.beans.factory.annotation.AutowiredAnnotationBeanPostProcessor$AutowiredFieldElement.resolveFieldValue(AutowiredAnnotationBeanPostProcessor.java:787)
	at org.springframework.beans.factory.annotation.AutowiredAnnotationBeanPostProcessor$AutowiredFieldElement.inject(AutowiredAnnotationBeanPostProcessor.java:767)
	at org.springframework.beans.factory.annotation.InjectionMetadata.inject(InjectionMetadata.java:146)
	at org.springframework.beans.factory.annotation.AutowiredAnnotationBeanPostProcessor.postProcessProperties(AutowiredAnnotationBeanPostProcessor.java:509)
	at org.springframework.beans.factory.support.AbstractAutowireCapableBeanFactory.populateBean(AbstractAutowireCapableBeanFactory.java:1459)
	at org.springframework.beans.factory.support.AbstractAutowireCapableBeanFactory.doCreateBean(AbstractAutowireCapableBeanFactory.java:606)
	at org.springframework.beans.factory.support.AbstractAutowireCapableBeanFactory.createBean(AbstractAutowireCapableBeanFactory.java:529)
	at org.springframework.beans.factory.support.AbstractBeanFactory.lambda$doGetBean$0(AbstractBeanFactory.java:339)
	at org.springframework.beans.factory.support.DefaultSingletonBeanRegistry.getSingleton(DefaultSingletonBeanRegistry.java:373)
	at org.springframework.beans.factory.support.AbstractBeanFactory.doGetBean(AbstractBeanFactory.java:337)
	at org.springframework.beans.factory.support.AbstractBeanFactory.getBean(AbstractBeanFactory.java:202)
	at org.springframework.beans.factory.support.DefaultListableBeanFactory.instantiateSingleton(DefaultListableBeanFactory.java:1228)
	at org.springframework.beans.factory.support.DefaultListableBeanFactory.preInstantiateSingleton(DefaultListableBeanFactory.java:1194)
	at org.springframework.beans.factory.support.DefaultListableBeanFactory.preInstantiateSingletons(DefaultListableBeanFactory.java:1130)
	at org.springframework.context.support.AbstractApplicationContext.finishBeanFactoryInitialization(AbstractApplicationContext.java:990)
	at org.springframework.context.support.AbstractApplicationContext.refresh(AbstractApplicationContext.java:627)
	at org.springframework.boot.web.servlet.context.ServletWebServerApplicationContext.refresh(ServletWebServerApplicationContext.java:146)
	at org.springframework.boot.SpringApplication.refresh(SpringApplication.java:752)
	at org.springframework.boot.SpringApplication.refreshContext(SpringApplication.java:439)
	at org.springframework.boot.SpringApplication.run(SpringApplication.java:318)
	at org.springframework.boot.SpringApplication.run(SpringApplication.java:1361)
	at org.springframework.boot.SpringApplication.run(SpringApplication.java:1350)
	at com.aakiproject.journalApp.JournalApplication.main(JournalApplication.java:19)
Caused by: org.springframework.beans.factory.BeanCreationException: Error creating bean with name 'config_Journal_AppRepository' defined in com.aakiproject.journalApp.repository.Config_Journal_AppRepository defined in @EnableMongoRepositories declared on MongoRepositoriesRegistrar.EnableMongoRepositoriesConfiguration: Cannot resolve reference to bean 'mongoTemplate' while setting bean property 'mongoOperations'
	at org.springframework.beans.factory.support.BeanDefinitionValueResolver.resolveReference(BeanDefinitionValueResolver.java:377)
	at org.springframework.beans.factory.support.BeanDefinitionValueResolver.resolveValueIfNecessary(BeanDefinitionValueResolver.java:135)
	at org.springframework.beans.factory.support.AbstractAutowireCapableBeanFactory.applyPropertyValues(AbstractAutowireCapableBeanFactory.java:1725)
	at org.springframework.beans.factory.support.AbstractAutowireCapableBeanFactory.populateBean(AbstractAutowireCapableBeanFactory.java:1474)
	at org.springframework.beans.factory.support.AbstractAutowireCapableBeanFactory.doCreateBean(AbstractAutowireCapableBeanFactory.java:606)
	at org.springframework.beans.factory.support.AbstractAutowireCapableBeanFactory.createBean(AbstractAutowireCapableBeanFactory.java:529)
	at org.springframework.beans.factory.support.AbstractBeanFactory.lambda$doGetBean$0(AbstractBeanFactory.java:339)
	at org.springframework.beans.factory.support.DefaultSingletonBeanRegistry.getSingleton(DefaultSingletonBeanRegistry.java:373)
	at org.springframework.beans.factory.support.AbstractBeanFactory.doGetBean(AbstractBeanFactory.java:337)
	at org.springframework.beans.factory.support.AbstractBeanFactory.getBean(AbstractBeanFactory.java:202)
	at org.springframework.beans.factory.support.DefaultListableBeanFactory.doResolveDependency(DefaultListableBeanFactory.java:1708)
	at org.springframework.beans.factory.support.DefaultListableBeanFactory.resolveDependency(DefaultListableBeanFactory.java:1653)
	at org.springframework.beans.factory.annotation.AutowiredAnnotationBeanPostProcessor$AutowiredFieldElement.resolveFieldValue(AutowiredAnnotationBeanPostProcessor.java:784)
	... 22 common frames omitted
Caused by: org.springframework.beans.factory.BeanCreationException: Error creating bean with name 'mongoTemplate' defined in class path resource [org/springframework/boot/autoconfigure/data/mongo/MongoDatabaseFactoryDependentConfiguration.class]: Failed to instantiate [org.springframework.data.mongodb.core.MongoTemplate]: Factory method 'mongoTemplate' threw exception with message: Timed out while waiting for a server that matches WritableServerSelector. Client view of cluster state is {type=REPLICA_SET, servers=[{address=ac-ekkqvqw-shard-00-00.tzll3pi.mongodb.net:27017, type=UNKNOWN, state=CONNECTING, exception={com.mongodb.MongoSocketWriteException: Exception sending message}, caused by {javax.net.ssl.SSLException: Received fatal alert: internal_error}}, {address=ac-ekkqvqw-shard-00-02.tzll3pi.mongodb.net:27017, type=UNKNOWN, state=CONNECTING, exception={com.mongodb.MongoSocketWriteException: Exception sending message}, caused by {javax.net.ssl.SSLException: Received fatal alert: internal_error}}, {address=ac-ekkqvqw-shard-00-01.tzll3pi.mongodb.net:27017, type=UNKNOWN, state=CONNECTING, exception={com.mongodb.MongoSocketWriteException: Exception sending message}, caused by {javax.net.ssl.SSLException: Received fatal alert: internal_error}}]
	at org.springframework.beans.factory.support.ConstructorResolver.instantiate(ConstructorResolver.java:657)
	at org.springframework.beans.factory.support.ConstructorResolver.instantiateUsingFactoryMethod(ConstructorResolver.java:645)
	at org.springframework.beans.factory.support.AbstractAutowireCapableBeanFactory.instantiateUsingFactoryMethod(AbstractAutowireCapableBeanFactory.java:1375)
	at org.springframework.beans.factory.support.AbstractAutowireCapableBeanFactory.createBeanInstance(AbstractAutowireCapableBeanFactory.java:1205)
	at org.springframework.beans.factory.support.AbstractAutowireCapableBeanFactory.doCreateBean(AbstractAutowireCapableBeanFactory.java:569)
	at org.springframework.beans.factory.support.AbstractAutowireCapableBeanFactory.createBean(AbstractAutowireCapableBeanFactory.java:529)
	at org.springframework.beans.factory.support.AbstractBeanFactory.lambda$doGetBean$0(AbstractBeanFactory.java:339)
	at org.springframework.beans.factory.support.DefaultSingletonBeanRegistry.getSingleton(DefaultSingletonBeanRegistry.java:373)
	at org.springframework.beans.factory.support.AbstractBeanFactory.doGetBean(AbstractBeanFactory.java:337)
	at org.springframework.beans.factory.support.AbstractBeanFactory.getBean(AbstractBeanFactory.java:202)
	at org.springframework.beans.factory.support.BeanDefinitionValueResolver.resolveReference(BeanDefinitionValueResolver.java:365)
	... 34 common frames omitted
Caused by: org.springframework.beans.BeanInstantiationException: Failed to instantiate [org.springframework.data.mongodb.core.MongoTemplate]: Factory method 'mongoTemplate' threw exception with message: Timed out while waiting for a server that matches WritableServerSelector. Client view of cluster state is {type=REPLICA_SET, servers=[{address=ac-ekkqvqw-shard-00-00.tzll3pi.mongodb.net:27017, type=UNKNOWN, state=CONNECTING, exception={com.mongodb.MongoSocketWriteException: Exception sending message}, caused by {javax.net.ssl.SSLException: Received fatal alert: internal_error}}, {address=ac-ekkqvqw-shard-00-02.tzll3pi.mongodb.net:27017, type=UNKNOWN, state=CONNECTING, exception={com.mongodb.MongoSocketWriteException: Exception sending message}, caused by {javax.net.ssl.SSLException: Received fatal alert: internal_error}}, {address=ac-ekkqvqw-shard-00-01.tzll3pi.mongodb.net:27017, type=UNKNOWN, state=CONNECTING, exception={com.mongodb.MongoSocketWriteException: Exception sending message}, caused by {javax.net.ssl.SSLException: Received fatal alert: internal_error}}]
	at org.springframework.beans.factory.support.SimpleInstantiationStrategy.lambda$instantiate$0(SimpleInstantiationStrategy.java:200)
	at org.springframework.beans.factory.support.SimpleInstantiationStrategy.instantiateWithFactoryMethod(SimpleInstantiationStrategy.java:89)
	at org.springframework.beans.factory.support.SimpleInstantiationStrategy.instantiate(SimpleInstantiationStrategy.java:169)
	at org.springframework.beans.factory.support.ConstructorResolver.instantiate(ConstructorResolver.java:653)
	... 44 common frames omitted
Caused by: org.springframework.dao.DataAccessResourceFailureException: Timed out while waiting for a server that matches WritableServerSelector. Client view of cluster state is {type=REPLICA_SET, servers=[{address=ac-ekkqvqw-shard-00-00.tzll3pi.mongodb.net:27017, type=UNKNOWN, state=CONNECTING, exception={com.mongodb.MongoSocketWriteException: Exception sending message}, caused by {javax.net.ssl.SSLException: Received fatal alert: internal_error}}, {address=ac-ekkqvqw-shard-00-02.tzll3pi.mongodb.net:27017, type=UNKNOWN, state=CONNECTING, exception={com.mongodb.MongoSocketWriteException: Exception sending message}, caused by {javax.net.ssl.SSLException: Received fatal alert: internal_error}}, {address=ac-ekkqvqw-shard-00-01.tzll3pi.mongodb.net:27017, type=UNKNOWN, state=CONNECTING, exception={com.mongodb.MongoSocketWriteException: Exception sending message}, caused by {javax.net.ssl.SSLException: Received fatal alert: internal_error}}]
	at org.springframework.data.mongodb.core.MongoExceptionTranslator.doTranslateException(MongoExceptionTranslator.java:97)
	at org.springframework.data.mongodb.core.MongoExceptionTranslator.translateExceptionIfPossible(MongoExceptionTranslator.java:74)
	at org.springframework.data.mongodb.core.MongoTemplate.potentiallyConvertRuntimeException(MongoTemplate.java:3043)
	at org.springframework.data.mongodb.core.MongoTemplate.execute(MongoTemplate.java:618)
	at org.springframework.data.mongodb.core.DefaultIndexOperations.execute(DefaultIndexOperations.java:216)
	at org.springframework.data.mongodb.core.DefaultIndexOperations.createIndex(DefaultIndexOperations.java:120)
	at org.springframework.data.mongodb.core.index.IndexOperations.ensureIndex(IndexOperations.java:40)
	at org.springframework.data.mongodb.core.index.MongoPersistentEntityIndexCreator.createIndex(MongoPersistentEntityIndexCreator.java:152)
	at org.springframework.data.mongodb.core.index.MongoPersistentEntityIndexCreator.checkForAndCreateIndexes(MongoPersistentEntityIndexCreator.java:142)
	at org.springframework.data.mongodb.core.index.MongoPersistentEntityIndexCreator.checkForIndexes(MongoPersistentEntityIndexCreator.java:126)
	at org.springframework.data.mongodb.core.index.MongoPersistentEntityIndexCreator.<init>(MongoPersistentEntityIndexCreator.java:95)
	at org.springframework.data.mongodb.core.index.MongoPersistentEntityIndexCreator.<init>(MongoPersistentEntityIndexCreator.java:72)
	at org.springframework.data.mongodb.core.MongoTemplate.<init>(MongoTemplate.java:278)
	at org.springframework.boot.autoconfigure.data.mongo.MongoDatabaseFactoryDependentConfiguration.mongoTemplate(MongoDatabaseFactoryDependentConfiguration.java:56)
	at java.base/jdk.internal.reflect.DirectMethodHandleAccessor.invoke(DirectMethodHandleAccessor.java:103)
	at java.base/java.lang.reflect.Method.invoke(Method.java:580)
	at org.springframework.beans.factory.support.SimpleInstantiationStrategy.lambda$instantiate$0(SimpleInstantiationStrategy.java:172)
	... 47 common frames omitted
Caused by: com.mongodb.MongoTimeoutException: Timed out while waiting for a server that matches WritableServerSelector. Client view of cluster state is {type=REPLICA_SET, servers=[{address=ac-ekkqvqw-shard-00-00.tzll3pi.mongodb.net:27017, type=UNKNOWN, state=CONNECTING, exception={com.mongodb.MongoSocketWriteException: Exception sending message}, caused by {javax.net.ssl.SSLException: Received fatal alert: internal_error}}, {address=ac-ekkqvqw-shard-00-02.tzll3pi.mongodb.net:27017, type=UNKNOWN, state=CONNECTING, exception={com.mongodb.MongoSocketWriteException: Exception sending message}, caused by {javax.net.ssl.SSLException: Received fatal alert: internal_error}}, {address=ac-ekkqvqw-shard-00-01.tzll3pi.mongodb.net:27017, type=UNKNOWN, state=CONNECTING, exception={com.mongodb.MongoSocketWriteException: Exception sending message}, caused by {javax.net.ssl.SSLException: Received fatal alert: internal_error}}]
	at com.mongodb.internal.connection.BaseCluster.logAndThrowTimeoutException(BaseCluster.java:427)
	at com.mongodb.internal.connection.BaseCluster.lambda$selectServer$0(BaseCluster.java:154)
	at com.mongodb.internal.time.Timeout.lambda$onExistsAndExpired$16(Timeout.java:236)
	at com.mongodb.internal.time.Timeout.lambda$run$10(Timeout.java:201)
	at com.mongodb.internal.time.TimePoint.checkedCall(TimePoint.java:99)
	at com.mongodb.internal.time.Timeout.call(Timeout.java:174)
	at com.mongodb.internal.time.Timeout.run(Timeout.java:194)
	at com.mongodb.internal.time.Timeout.onExistsAndExpired(Timeout.java:233)
	at com.mongodb.internal.time.Timeout.onExpired(Timeout.java:226)
	at com.mongodb.internal.connection.BaseCluster.selectServer(BaseCluster.java:153)
	at com.mongodb.internal.connection.AbstractMultiServerCluster.selectServer(AbstractMultiServerCluster.java:59)
	at com.mongodb.internal.binding.ClusterBinding.getWriteConnectionSource(ClusterBinding.java:100)
	at com.mongodb.client.internal.ClientSessionBinding.getConnectionSource(ClientSessionBinding.java:108)
	at com.mongodb.client.internal.ClientSessionBinding.getWriteConnectionSource(ClientSessionBinding.java:98)
	at com.mongodb.internal.operation.SyncOperationHelper.withSuppliedResource(SyncOperationHelper.java:148)
	at com.mongodb.internal.operation.SyncOperationHelper.withSourceAndConnection(SyncOperationHelper.java:129)
	at com.mongodb.internal.operation.SyncOperationHelper.executeCommand(SyncOperationHelper.java:207)
	at com.mongodb.internal.operation.CreateIndexesOperation.execute(CreateIndexesOperation.java:105)
	at com.mongodb.internal.operation.CreateIndexesOperation.execute(CreateIndexesOperation.java:60)
	at com.mongodb.client.internal.MongoClusterImpl$OperationExecutorImpl.execute(MongoClusterImpl.java:446)
	at com.mongodb.client.internal.MongoCollectionImpl.executeCreateIndexes(MongoCollectionImpl.java:941)
	at com.mongodb.client.internal.MongoCollectionImpl.createIndexes(MongoCollectionImpl.java:923)
	at com.mongodb.client.internal.MongoCollectionImpl.createIndexes(MongoCollectionImpl.java:918)
	at com.mongodb.client.internal.MongoCollectionImpl.createIndex(MongoCollectionImpl.java:903)
	at org.springframework.data.mongodb.core.DefaultIndexOperations.lambda$createIndex$0(DefaultIndexOperations.java:130)
	at org.springframework.data.mongodb.core.MongoTemplate.execute(MongoTemplate.java:616)
	... 60 common frames omitted
2026-02-07 15:47:52.221 [background-preinit] INFO  o.h.validator.internal.util.Version - HV000001: Hibernate Validator 8.0.3.Final
2026-02-07 15:47:52.263 [main] INFO  c.a.journalApp.JournalApplication - Starting JournalApplication using Java 21.0.6 with PID 9284 (D:\SpringBoot\journalApp\target\classes started by aakas in D:\SpringBoot\journalApp)
2026-02-07 15:47:52.264 [main] INFO  c.a.journalApp.JournalApplication - The following 1 profile is active: "dev"
2026-02-07 15:47:52.855 [main] INFO  o.s.d.r.c.RepositoryConfigurationDelegate - Bootstrapping Spring Data MongoDB repositories in DEFAULT mode.
2026-02-07 15:47:52.901 [main] INFO  o.s.d.r.c.RepositoryConfigurationDelegate - Finished Spring Data repository scanning in 41 ms. Found 3 MongoDB repository interfaces.
2026-02-07 15:47:53.391 [main] INFO  o.s.b.w.e.tomcat.TomcatWebServer - Tomcat initialized with port 8080 (http)
2026-02-07 15:47:53.401 [main] INFO  o.a.coyote.http11.Http11NioProtocol - Initializing ProtocolHandler ["http-nio-8080"]
2026-02-07 15:47:53.404 [main] INFO  o.a.catalina.core.StandardService - Starting service [Tomcat]
2026-02-07 15:47:53.404 [main] INFO  o.a.catalina.core.StandardEngine - Starting Servlet engine: [Apache Tomcat/10.1.50]
2026-02-07 15:47:53.444 [main] INFO  o.a.c.c.C.[Tomcat].[localhost].[/] - Initializing Spring embedded WebApplicationContext
2026-02-07 15:47:53.445 [main] INFO  o.s.b.w.s.c.ServletWebServerApplicationContext - Root WebApplicationContext: initialization completed in 1128 ms
2026-02-07 15:47:53.499 [main] DEBUG o.s.s.c.ThreadPoolTaskExecutor - Initializing ExecutorService 'applicationTaskExecutor'
2026-02-07 15:47:53.769 [main] INFO  org.mongodb.driver.client - MongoClient with metadata {"application": {"name": "Cluster0"}, "driver": {"name": "mongo-java-driver|sync|spring-boot", "version": "5.5.2"}, "os": {"type": "Windows", "name": "Windows 11", "architecture": "amd64", "version": "10.0"}, "platform": "Java/Oracle Corporation/21.0.6+8-LTS-188"} created with settings MongoClientSettings{readPreference=primary, writeConcern=WriteConcern{w=null, wTimeout=null ms, journal=null}, retryWrites=true, retryReads=true, readConcern=ReadConcern{level=null}, credential=MongoCredential{mechanism=null, userName='aakashbhatt19_db_user', source='admin', password=<hidden>, mechanismProperties=<hidden>}, transportSettings=null, commandListeners=[], codecRegistry=ProvidersCodecRegistry{codecProviders=[ValueCodecProvider{}, BsonValueCodecProvider{}, DBRefCodecProvider{}, DBObjectCodecProvider{}, DocumentCodecProvider{}, CollectionCodecProvider{}, IterableCodecProvider{}, MapCodecProvider{}, GeoJsonCodecProvider{}, GridFSFileCodecProvider{}, Jsr310CodecProvider{}, JsonObjectCodecProvider{}, BsonCodecProvider{}, EnumCodecProvider{}, com.mongodb.client.model.mql.ExpressionCodecProvider@329dc214, com.mongodb.Jep395RecordCodecProvider@fbe70d8, com.mongodb.KotlinCodecProvider@64021427]}, loggerSettings=LoggerSettings{maxDocumentLength=1000}, clusterSettings={hosts=[127.0.0.1:27017], srvHost=cluster0.tzll3pi.mongodb.net, srvServiceName=mongodb, mode=MULTIPLE, requiredClusterType=REPLICA_SET, requiredReplicaSetName='atlas-b2qrri-shard-0', serverSelector='null', clusterListeners='[]', serverSelectionTimeout='30000 ms', localThreshold='15 ms'}, socketSettings=SocketSettings{connectTimeoutMS=10000, readTimeoutMS=0, receiveBufferSize=0, proxySettings=ProxySettings{host=null, port=null, username=null, password=null}}, heartbeatSocketSettings=SocketSettings{connectTimeoutMS=10000, readTimeoutMS=10000, receiveBufferSize=0, proxySettings=ProxySettings{host=null, port=null, username=null, password=null}}, connectionPoolSettings=ConnectionPoolSettings{maxSize=100, minSize=0, maxWaitTimeMS=120000, maxConnectionLifeTimeMS=0, maxConnectionIdleTimeMS=0, maintenanceInitialDelayMS=0, maintenanceFrequencyMS=60000, connectionPoolListeners=[], maxConnecting=2}, serverSettings=ServerSettings{heartbeatFrequencyMS=10000, minHeartbeatFrequencyMS=500, serverMonitoringMode=AUTO, serverListeners='[]', serverMonitorListeners='[]'}, sslSettings=SslSettings{enabled=true, invalidHostNameAllowed=false, context=null}, applicationName='Cluster0', compressorList=[], uuidRepresentation=JAVA_LEGACY, serverApi=null, autoEncryptionSettings=null, dnsClient=null, inetAddressResolver=null, contextProvider=null, timeoutMS=null}
2026-02-07 15:47:53.841 [cluster-ClusterId{value='698711514987bf3dc16c37c2', description='Cluster0'}-srv-cluster0.tzll3pi.mongodb.net] INFO  org.mongodb.driver.cluster - Adding discovered server ac-ekkqvqw-shard-00-01.tzll3pi.mongodb.net:27017 to client view of cluster
2026-02-07 15:47:53.869 [cluster-ClusterId{value='698711514987bf3dc16c37c2', description='Cluster0'}-srv-cluster0.tzll3pi.mongodb.net] INFO  org.mongodb.driver.cluster - Adding discovered server ac-ekkqvqw-shard-00-00.tzll3pi.mongodb.net:27017 to client view of cluster
2026-02-07 15:47:53.871 [cluster-ClusterId{value='698711514987bf3dc16c37c2', description='Cluster0'}-srv-cluster0.tzll3pi.mongodb.net] INFO  org.mongodb.driver.cluster - Adding discovered server ac-ekkqvqw-shard-00-02.tzll3pi.mongodb.net:27017 to client view of cluster
2026-02-07 15:47:54.012 [main] INFO  org.mongodb.driver.cluster - Waiting for server to become available for operation with ID 5. Remaining time: 29990 ms. Selector: WritableServerSelector, topology description: {type=REPLICA_SET, servers=[{address=ac-ekkqvqw-shard-00-00.tzll3pi.mongodb.net:27017, type=UNKNOWN, state=CONNECTING}, {address=ac-ekkqvqw-shard-00-02.tzll3pi.mongodb.net:27017, type=UNKNOWN, state=CONNECTING}, {address=ac-ekkqvqw-shard-00-01.tzll3pi.mongodb.net:27017, type=UNKNOWN, state=CONNECTING}].
2026-02-07 15:47:54.353 [cluster-ClusterId{value='698711514987bf3dc16c37c2', description='Cluster0'}-ac-ekkqvqw-shard-00-02.tzll3pi.mongodb.net:27017] INFO  org.mongodb.driver.cluster - Monitor thread successfully connected to server with description ServerDescription{address=ac-ekkqvqw-shard-00-02.tzll3pi.mongodb.net:27017, type=REPLICA_SET_PRIMARY, cryptd=false, state=CONNECTED, ok=true, minWireVersion=0, maxWireVersion=25, maxDocumentSize=16777216, logicalSessionTimeoutMinutes=30, roundTripTimeNanos=228989000, minRoundTripTimeNanos=0, setName='atlas-b2qrri-shard-0', canonicalAddress=ac-ekkqvqw-shard-00-02.tzll3pi.mongodb.net:27017, hosts=[ac-ekkqvqw-shard-00-00.tzll3pi.mongodb.net:27017, ac-ekkqvqw-shard-00-01.tzll3pi.mongodb.net:27017, ac-ekkqvqw-shard-00-02.tzll3pi.mongodb.net:27017], passives=[], arbiters=[], primary='ac-ekkqvqw-shard-00-02.tzll3pi.mongodb.net:27017', tagSet=TagSet{[Tag{name='availabilityZone', value='aps1-az2'}, Tag{name='diskState', value='READY'}, Tag{name='nodeType', value='ELECTABLE'}, Tag{name='provider', value='AWS'}, Tag{name='region', value='AP_SOUTH_1'}, Tag{name='workloadType', value='OPERATIONAL'}]}, electionId=7fffffff00000000000001f2, setVersion=192, topologyVersion=TopologyVersion{processId=69850566af57af3db5983b91, counter=6}, lastWriteDate=Sat Feb 07 15:47:54 IST 2026, lastUpdateTimeNanos=240444090443800}
2026-02-07 15:47:54.353 [cluster-ClusterId{value='698711514987bf3dc16c37c2', description='Cluster0'}-ac-ekkqvqw-shard-00-01.tzll3pi.mongodb.net:27017] INFO  org.mongodb.driver.cluster - Monitor thread successfully connected to server with description ServerDescription{address=ac-ekkqvqw-shard-00-01.tzll3pi.mongodb.net:27017, type=REPLICA_SET_SECONDARY, cryptd=false, state=CONNECTED, ok=true, minWireVersion=0, maxWireVersion=25, maxDocumentSize=16777216, logicalSessionTimeoutMinutes=30, roundTripTimeNanos=259580000, minRoundTripTimeNanos=0, setName='atlas-b2qrri-shard-0', canonicalAddress=ac-ekkqvqw-shard-00-01.tzll3pi.mongodb.net:27017, hosts=[ac-ekkqvqw-shard-00-00.tzll3pi.mongodb.net:27017, ac-ekkqvqw-shard-00-01.tzll3pi.mongodb.net:27017, ac-ekkqvqw-shard-00-02.tzll3pi.mongodb.net:27017], passives=[], arbiters=[], primary='ac-ekkqvqw-shard-00-02.tzll3pi.mongodb.net:27017', tagSet=TagSet{[Tag{name='availabilityZone', value='aps1-az3'}, Tag{name='diskState', value='READY'}, Tag{name='nodeType', value='ELECTABLE'}, Tag{name='provider', value='AWS'}, Tag{name='region', value='AP_SOUTH_1'}, Tag{name='workloadType', value='OPERATIONAL'}]}, electionId=null, setVersion=192, topologyVersion=TopologyVersion{processId=698505c1864b3814516c91a0, counter=3}, lastWriteDate=Sat Feb 07 15:47:54 IST 2026, lastUpdateTimeNanos=240444090438600}
2026-02-07 15:47:54.354 [cluster-ClusterId{value='698711514987bf3dc16c37c2', description='Cluster0'}-ac-ekkqvqw-shard-00-00.tzll3pi.mongodb.net:27017] INFO  org.mongodb.driver.cluster - Monitor thread successfully connected to server with description ServerDescription{address=ac-ekkqvqw-shard-00-00.tzll3pi.mongodb.net:27017, type=REPLICA_SET_SECONDARY, cryptd=false, state=CONNECTED, ok=true, minWireVersion=0, maxWireVersion=25, maxDocumentSize=16777216, logicalSessionTimeoutMinutes=30, roundTripTimeNanos=259558000, minRoundTripTimeNanos=0, setName='atlas-b2qrri-shard-0', canonicalAddress=ac-ekkqvqw-shard-00-00.tzll3pi.mongodb.net:27017, hosts=[ac-ekkqvqw-shard-00-00.tzll3pi.mongodb.net:27017, ac-ekkqvqw-shard-00-01.tzll3pi.mongodb.net:27017, ac-ekkqvqw-shard-00-02.tzll3pi.mongodb.net:27017], passives=[], arbiters=[], primary='ac-ekkqvqw-shard-00-02.tzll3pi.mongodb.net:27017', tagSet=TagSet{[Tag{name='availabilityZone', value='aps1-az1'}, Tag{name='diskState', value='READY'}, Tag{name='nodeType', value='ELECTABLE'}, Tag{name='provider', value='AWS'}, Tag{name='region', value='AP_SOUTH_1'}, Tag{name='workloadType', value='OPERATIONAL'}]}, electionId=null, setVersion=192, topologyVersion=TopologyVersion{processId=6985050dea09824c261ec9ba, counter=4}, lastWriteDate=Sat Feb 07 15:47:54 IST 2026, lastUpdateTimeNanos=240444090438600}
2026-02-07 15:47:54.356 [cluster-ClusterId{value='698711514987bf3dc16c37c2', description='Cluster0'}-ac-ekkqvqw-shard-00-02.tzll3pi.mongodb.net:27017] INFO  org.mongodb.driver.cluster - Discovered replica set primary ac-ekkqvqw-shard-00-02.tzll3pi.mongodb.net:27017 with max election id 7fffffff00000000000001f2 and max set version 192
2026-02-07 15:47:54.962 [main] INFO  o.s.s.c.a.a.c.InitializeUserDetailsBeanManagerConfigurer$InitializeUserDetailsManagerConfigurer - Global AuthenticationManager configured with UserDetailsService bean with name userDetailsServiceImpl
2026-02-07 15:47:55.395 [main] DEBUG o.s.s.c.ThreadPoolTaskScheduler - Initializing ExecutorService 'taskScheduler'
2026-02-07 15:47:55.413 [main] INFO  o.a.coyote.http11.Http11NioProtocol - Starting ProtocolHandler ["http-nio-8080"]
2026-02-07 15:47:55.423 [main] INFO  o.s.b.w.e.tomcat.TomcatWebServer - Tomcat started on port 8080 (http) with context path '/'
2026-02-07 15:47:55.430 [main] INFO  c.a.journalApp.JournalApplication - Started JournalApplication in 3.551 seconds (process running for 4.208)
2026-02-07 15:50:06.798 [SpringApplicationShutdownHook] INFO  o.s.b.w.e.tomcat.GracefulShutdown - Commencing graceful shutdown. Waiting for active requests to complete
2026-02-07 15:50:06.812 [tomcat-shutdown] INFO  o.s.b.w.e.tomcat.GracefulShutdown - Graceful shutdown complete
2026-02-07 15:50:06.815 [SpringApplicationShutdownHook] DEBUG o.s.s.c.ThreadPoolTaskScheduler - Shutting down ExecutorService 'taskScheduler'
2026-02-07 15:50:06.851 [SpringApplicationShutdownHook] DEBUG o.s.s.c.ThreadPoolTaskExecutor - Shutting down ExecutorService 'applicationTaskExecutor'
2026-02-07 15:50:10.654 [background-preinit] INFO  o.h.validator.internal.util.Version - HV000001: Hibernate Validator 8.0.3.Final
2026-02-07 15:50:10.699 [main] INFO  c.a.journalApp.JournalApplication - Starting JournalApplication using Java 21.0.6 with PID 2800 (D:\SpringBoot\journalApp\target\classes started by aakas in D:\SpringBoot\journalApp)
2026-02-07 15:50:10.699 [main] INFO  c.a.journalApp.JournalApplication - The following 1 profile is active: "dev"
2026-02-07 15:50:11.289 [main] INFO  o.s.d.r.c.RepositoryConfigurationDelegate - Bootstrapping Spring Data MongoDB repositories in DEFAULT mode.
2026-02-07 15:50:11.338 [main] INFO  o.s.d.r.c.RepositoryConfigurationDelegate - Finished Spring Data repository scanning in 44 ms. Found 3 MongoDB repository interfaces.
2026-02-07 15:50:11.765 [main] INFO  o.s.b.w.e.tomcat.TomcatWebServer - Tomcat initialized with port 8080 (http)
2026-02-07 15:50:11.773 [main] INFO  o.a.coyote.http11.Http11NioProtocol - Initializing ProtocolHandler ["http-nio-8080"]
2026-02-07 15:50:11.775 [main] INFO  o.a.catalina.core.StandardService - Starting service [Tomcat]
2026-02-07 15:50:11.775 [main] INFO  o.a.catalina.core.StandardEngine - Starting Servlet engine: [Apache Tomcat/10.1.50]
2026-02-07 15:50:11.817 [main] INFO  o.a.c.c.C.[Tomcat].[localhost].[/] - Initializing Spring embedded WebApplicationContext
2026-02-07 15:50:11.818 [main] INFO  o.s.b.w.s.c.ServletWebServerApplicationContext - Root WebApplicationContext: initialization completed in 1069 ms
2026-02-07 15:50:11.866 [main] DEBUG o.s.s.c.ThreadPoolTaskExecutor - Initializing ExecutorService 'applicationTaskExecutor'
2026-02-07 15:50:12.071 [main] INFO  org.mongodb.driver.client - MongoClient with metadata {"application": {"name": "Cluster0"}, "driver": {"name": "mongo-java-driver|sync|spring-boot", "version": "5.5.2"}, "os": {"type": "Windows", "name": "Windows 11", "architecture": "amd64", "version": "10.0"}, "platform": "Java/Oracle Corporation/21.0.6+8-LTS-188"} created with settings MongoClientSettings{readPreference=primary, writeConcern=WriteConcern{w=null, wTimeout=null ms, journal=null}, retryWrites=true, retryReads=true, readConcern=ReadConcern{level=null}, credential=MongoCredential{mechanism=null, userName='aakashbhatt19_db_user', source='admin', password=<hidden>, mechanismProperties=<hidden>}, transportSettings=null, commandListeners=[], codecRegistry=ProvidersCodecRegistry{codecProviders=[ValueCodecProvider{}, BsonValueCodecProvider{}, DBRefCodecProvider{}, DBObjectCodecProvider{}, DocumentCodecProvider{}, CollectionCodecProvider{}, IterableCodecProvider{}, MapCodecProvider{}, GeoJsonCodecProvider{}, GridFSFileCodecProvider{}, Jsr310CodecProvider{}, JsonObjectCodecProvider{}, BsonCodecProvider{}, EnumCodecProvider{}, com.mongodb.client.model.mql.ExpressionCodecProvider@357c9bd9, com.mongodb.Jep395RecordCodecProvider@7aea704c, com.mongodb.KotlinCodecProvider@6d0290d8]}, loggerSettings=LoggerSettings{maxDocumentLength=1000}, clusterSettings={hosts=[127.0.0.1:27017], srvHost=cluster0.tzll3pi.mongodb.net, srvServiceName=mongodb, mode=MULTIPLE, requiredClusterType=REPLICA_SET, requiredReplicaSetName='atlas-b2qrri-shard-0', serverSelector='null', clusterListeners='[]', serverSelectionTimeout='30000 ms', localThreshold='15 ms'}, socketSettings=SocketSettings{connectTimeoutMS=10000, readTimeoutMS=0, receiveBufferSize=0, proxySettings=ProxySettings{host=null, port=null, username=null, password=null}}, heartbeatSocketSettings=SocketSettings{connectTimeoutMS=10000, readTimeoutMS=10000, receiveBufferSize=0, proxySettings=ProxySettings{host=null, port=null, username=null, password=null}}, connectionPoolSettings=ConnectionPoolSettings{maxSize=100, minSize=0, maxWaitTimeMS=120000, maxConnectionLifeTimeMS=0, maxConnectionIdleTimeMS=0, maintenanceInitialDelayMS=0, maintenanceFrequencyMS=60000, connectionPoolListeners=[], maxConnecting=2}, serverSettings=ServerSettings{heartbeatFrequencyMS=10000, minHeartbeatFrequencyMS=500, serverMonitoringMode=AUTO, serverListeners='[]', serverMonitorListeners='[]'}, sslSettings=SslSettings{enabled=true, invalidHostNameAllowed=false, context=null}, applicationName='Cluster0', compressorList=[], uuidRepresentation=JAVA_LEGACY, serverApi=null, autoEncryptionSettings=null, dnsClient=null, inetAddressResolver=null, contextProvider=null, timeoutMS=null}
2026-02-07 15:50:12.214 [cluster-ClusterId{value='698711dc8bc106bc676bb459', description='Cluster0'}-srv-cluster0.tzll3pi.mongodb.net] INFO  org.mongodb.driver.cluster - Adding discovered server ac-ekkqvqw-shard-00-01.tzll3pi.mongodb.net:27017 to client view of cluster
2026-02-07 15:50:12.236 [cluster-ClusterId{value='698711dc8bc106bc676bb459', description='Cluster0'}-srv-cluster0.tzll3pi.mongodb.net] INFO  org.mongodb.driver.cluster - Adding discovered server ac-ekkqvqw-shard-00-00.tzll3pi.mongodb.net:27017 to client view of cluster
2026-02-07 15:50:12.238 [cluster-ClusterId{value='698711dc8bc106bc676bb459', description='Cluster0'}-srv-cluster0.tzll3pi.mongodb.net] INFO  org.mongodb.driver.cluster - Adding discovered server ac-ekkqvqw-shard-00-02.tzll3pi.mongodb.net:27017 to client view of cluster
2026-02-07 15:50:12.326 [main] INFO  org.mongodb.driver.cluster - Waiting for server to become available for operation with ID 5. Remaining time: 29978 ms. Selector: WritableServerSelector, topology description: {type=REPLICA_SET, servers=[{address=ac-ekkqvqw-shard-00-00.tzll3pi.mongodb.net:27017, type=UNKNOWN, state=CONNECTING}, {address=ac-ekkqvqw-shard-00-02.tzll3pi.mongodb.net:27017, type=UNKNOWN, state=CONNECTING}, {address=ac-ekkqvqw-shard-00-01.tzll3pi.mongodb.net:27017, type=UNKNOWN, state=CONNECTING}].
2026-02-07 15:50:12.785 [cluster-ClusterId{value='698711dc8bc106bc676bb459', description='Cluster0'}-ac-ekkqvqw-shard-00-00.tzll3pi.mongodb.net:27017] INFO  org.mongodb.driver.cluster - Monitor thread successfully connected to server with description ServerDescription{address=ac-ekkqvqw-shard-00-00.tzll3pi.mongodb.net:27017, type=REPLICA_SET_SECONDARY, cryptd=false, state=CONNECTED, ok=true, minWireVersion=0, maxWireVersion=25, maxDocumentSize=16777216, logicalSessionTimeoutMinutes=30, roundTripTimeNanos=235812600, minRoundTripTimeNanos=0, setName='atlas-b2qrri-shard-0', canonicalAddress=ac-ekkqvqw-shard-00-00.tzll3pi.mongodb.net:27017, hosts=[ac-ekkqvqw-shard-00-00.tzll3pi.mongodb.net:27017, ac-ekkqvqw-shard-00-01.tzll3pi.mongodb.net:27017, ac-ekkqvqw-shard-00-02.tzll3pi.mongodb.net:27017], passives=[], arbiters=[], primary='ac-ekkqvqw-shard-00-02.tzll3pi.mongodb.net:27017', tagSet=TagSet{[Tag{name='availabilityZone', value='aps1-az1'}, Tag{name='diskState', value='READY'}, Tag{name='nodeType', value='ELECTABLE'}, Tag{name='provider', value='AWS'}, Tag{name='region', value='AP_SOUTH_1'}, Tag{name='workloadType', value='OPERATIONAL'}]}, electionId=null, setVersion=192, topologyVersion=TopologyVersion{processId=6985050dea09824c261ec9ba, counter=4}, lastWriteDate=Sat Feb 07 15:50:12 IST 2026, lastUpdateTimeNanos=240582523234500}
2026-02-07 15:50:12.785 [cluster-ClusterId{value='698711dc8bc106bc676bb459', description='Cluster0'}-ac-ekkqvqw-shard-00-01.tzll3pi.mongodb.net:27017] INFO  org.mongodb.driver.cluster - Monitor thread successfully connected to server with description ServerDescription{address=ac-ekkqvqw-shard-00-01.tzll3pi.mongodb.net:27017, type=REPLICA_SET_SECONDARY, cryptd=false, state=CONNECTED, ok=true, minWireVersion=0, maxWireVersion=25, maxDocumentSize=16777216, logicalSessionTimeoutMinutes=30, roundTripTimeNanos=222745700, minRoundTripTimeNanos=0, setName='atlas-b2qrri-shard-0', canonicalAddress=ac-ekkqvqw-shard-00-01.tzll3pi.mongodb.net:27017, hosts=[ac-ekkqvqw-shard-00-00.tzll3pi.mongodb.net:27017, ac-ekkqvqw-shard-00-01.tzll3pi.mongodb.net:27017, ac-ekkqvqw-shard-00-02.tzll3pi.mongodb.net:27017], passives=[], arbiters=[], primary='ac-ekkqvqw-shard-00-02.tzll3pi.mongodb.net:27017', tagSet=TagSet{[Tag{name='availabilityZone', value='aps1-az3'}, Tag{name='diskState', value='READY'}, Tag{name='nodeType', value='ELECTABLE'}, Tag{name='provider', value='AWS'}, Tag{name='region', value='AP_SOUTH_1'}, Tag{name='workloadType', value='OPERATIONAL'}]}, electionId=null, setVersion=192, topologyVersion=TopologyVersion{processId=698505c1864b3814516c91a0, counter=3}, lastWriteDate=Sat Feb 07 15:50:12 IST 2026, lastUpdateTimeNanos=240582523232000}
2026-02-07 15:50:12.785 [cluster-ClusterId{value='698711dc8bc106bc676bb459', description='Cluster0'}-ac-ekkqvqw-shard-00-02.tzll3pi.mongodb.net:27017] INFO  org.mongodb.driver.cluster - Monitor thread successfully connected to server with description ServerDescription{address=ac-ekkqvqw-shard-00-02.tzll3pi.mongodb.net:27017, type=REPLICA_SET_PRIMARY, cryptd=false, state=CONNECTED, ok=true, minWireVersion=0, maxWireVersion=25, maxDocumentSize=16777216, logicalSessionTimeoutMinutes=30, roundTripTimeNanos=235805900, minRoundTripTimeNanos=0, setName='atlas-b2qrri-shard-0', canonicalAddress=ac-ekkqvqw-shard-00-02.tzll3pi.mongodb.net:27017, hosts=[ac-ekkqvqw-shard-00-00.tzll3pi.mongodb.net:27017, ac-ekkqvqw-shard-00-01.tzll3pi.mongodb.net:27017, ac-ekkqvqw-shard-00-02.tzll3pi.mongodb.net:27017], passives=[], arbiters=[], primary='ac-ekkqvqw-shard-00-02.tzll3pi.mongodb.net:27017', tagSet=TagSet{[Tag{name='availabilityZone', value='aps1-az2'}, Tag{name='diskState', value='READY'}, Tag{name='nodeType', value='ELECTABLE'}, Tag{name='provider', value='AWS'}, Tag{name='region', value='AP_SOUTH_1'}, Tag{name='workloadType', value='OPERATIONAL'}]}, electionId=7fffffff00000000000001f2, setVersion=192, topologyVersion=TopologyVersion{processId=69850566af57af3db5983b91, counter=6}, lastWriteDate=Sat Feb 07 15:50:12 IST 2026, lastUpdateTimeNanos=240582523232000}
2026-02-07 15:50:12.788 [cluster-ClusterId{value='698711dc8bc106bc676bb459', description='Cluster0'}-ac-ekkqvqw-shard-00-02.tzll3pi.mongodb.net:27017] INFO  org.mongodb.driver.cluster - Discovered replica set primary ac-ekkqvqw-shard-00-02.tzll3pi.mongodb.net:27017 with max election id 7fffffff00000000000001f2 and max set version 192
2026-02-07 15:50:13.445 [main] INFO  o.s.s.c.a.a.c.InitializeUserDetailsBeanManagerConfigurer$InitializeUserDetailsManagerConfigurer - Global AuthenticationManager configured with UserDetailsService bean with name userDetailsServiceImpl
2026-02-07 15:50:13.800 [main] DEBUG o.s.s.c.ThreadPoolTaskScheduler - Initializing ExecutorService 'taskScheduler'
2026-02-07 15:50:13.815 [main] INFO  o.a.coyote.http11.Http11NioProtocol - Starting ProtocolHandler ["http-nio-8080"]
2026-02-07 15:50:13.824 [main] INFO  o.s.b.w.e.tomcat.TomcatWebServer - Tomcat started on port 8080 (http) with context path '/'
2026-02-07 15:50:13.841 [main] INFO  c.a.journalApp.JournalApplication - Started JournalApplication in 3.549 seconds (process running for 4.162)
2026-02-07 15:51:14.738 [SpringApplicationShutdownHook] INFO  o.s.b.w.e.tomcat.GracefulShutdown - Commencing graceful shutdown. Waiting for active requests to complete
2026-02-07 15:51:14.746 [tomcat-shutdown] INFO  o.s.b.w.e.tomcat.GracefulShutdown - Graceful shutdown complete
2026-02-07 15:51:14.748 [SpringApplicationShutdownHook] DEBUG o.s.s.c.ThreadPoolTaskScheduler - Shutting down ExecutorService 'taskScheduler'
2026-02-07 15:51:14.797 [SpringApplicationShutdownHook] DEBUG o.s.s.c.ThreadPoolTaskExecutor - Shutting down ExecutorService 'applicationTaskExecutor'
2026-02-07 16:33:57.158 [background-preinit] INFO  o.h.validator.internal.util.Version - HV000001: Hibernate Validator 8.0.3.Final
2026-02-07 16:33:57.223 [main] INFO  c.a.journalApp.JournalApplication - Starting JournalApplication using Java 21.0.6 with PID 18316 (D:\SpringBoot\journalApp\target\classes started by aakas in D:\SpringBoot\journalApp)
2026-02-07 16:33:57.224 [main] INFO  c.a.journalApp.JournalApplication - The following 1 profile is active: "dev"
2026-02-07 16:33:57.951 [main] INFO  o.s.d.r.c.RepositoryConfigurationDelegate - Bootstrapping Spring Data MongoDB repositories in DEFAULT mode.
2026-02-07 16:33:58.007 [main] INFO  o.s.d.r.c.RepositoryConfigurationDelegate - Finished Spring Data repository scanning in 48 ms. Found 3 MongoDB repository interfaces.
2026-02-07 16:33:58.734 [main] INFO  o.s.b.w.e.tomcat.TomcatWebServer - Tomcat initialized with port 8080 (http)
2026-02-07 16:33:58.748 [main] INFO  o.a.coyote.http11.Http11NioProtocol - Initializing ProtocolHandler ["http-nio-8080"]
2026-02-07 16:33:58.751 [main] INFO  o.a.catalina.core.StandardService - Starting service [Tomcat]
2026-02-07 16:33:58.751 [main] INFO  o.a.catalina.core.StandardEngine - Starting Servlet engine: [Apache Tomcat/10.1.50]
2026-02-07 16:33:58.805 [main] INFO  o.a.c.c.C.[Tomcat].[localhost].[/] - Initializing Spring embedded WebApplicationContext
2026-02-07 16:33:58.805 [main] INFO  o.s.b.w.s.c.ServletWebServerApplicationContext - Root WebApplicationContext: initialization completed in 1528 ms
2026-02-07 16:33:58.867 [main] DEBUG o.s.s.c.ThreadPoolTaskExecutor - Initializing ExecutorService 'applicationTaskExecutor'
2026-02-07 16:33:59.164 [main] INFO  org.mongodb.driver.client - MongoClient with metadata {"application": {"name": "Cluster0"}, "driver": {"name": "mongo-java-driver|sync|spring-boot", "version": "5.5.2"}, "os": {"type": "Windows", "name": "Windows 11", "architecture": "amd64", "version": "10.0"}, "platform": "Java/Oracle Corporation/21.0.6+8-LTS-188"} created with settings MongoClientSettings{readPreference=primary, writeConcern=WriteConcern{w=null, wTimeout=null ms, journal=null}, retryWrites=true, retryReads=true, readConcern=ReadConcern{level=null}, credential=MongoCredential{mechanism=null, userName='aakashbhatt19_db_user', source='admin', password=<hidden>, mechanismProperties=<hidden>}, transportSettings=null, commandListeners=[], codecRegistry=ProvidersCodecRegistry{codecProviders=[ValueCodecProvider{}, BsonValueCodecProvider{}, DBRefCodecProvider{}, DBObjectCodecProvider{}, DocumentCodecProvider{}, CollectionCodecProvider{}, IterableCodecProvider{}, MapCodecProvider{}, GeoJsonCodecProvider{}, GridFSFileCodecProvider{}, Jsr310CodecProvider{}, JsonObjectCodecProvider{}, BsonCodecProvider{}, EnumCodecProvider{}, com.mongodb.client.model.mql.ExpressionCodecProvider@1e30db85, com.mongodb.Jep395RecordCodecProvider@19827608, com.mongodb.KotlinCodecProvider@cc9ef8d]}, loggerSettings=LoggerSettings{maxDocumentLength=1000}, clusterSettings={hosts=[127.0.0.1:27017], srvHost=cluster0.tzll3pi.mongodb.net, srvServiceName=mongodb, mode=MULTIPLE, requiredClusterType=REPLICA_SET, requiredReplicaSetName='atlas-b2qrri-shard-0', serverSelector='null', clusterListeners='[]', serverSelectionTimeout='30000 ms', localThreshold='15 ms'}, socketSettings=SocketSettings{connectTimeoutMS=10000, readTimeoutMS=0, receiveBufferSize=0, proxySettings=ProxySettings{host=null, port=null, username=null, password=null}}, heartbeatSocketSettings=SocketSettings{connectTimeoutMS=10000, readTimeoutMS=10000, receiveBufferSize=0, proxySettings=ProxySettings{host=null, port=null, username=null, password=null}}, connectionPoolSettings=ConnectionPoolSettings{maxSize=100, minSize=0, maxWaitTimeMS=120000, maxConnectionLifeTimeMS=0, maxConnectionIdleTimeMS=0, maintenanceInitialDelayMS=0, maintenanceFrequencyMS=60000, connectionPoolListeners=[], maxConnecting=2}, serverSettings=ServerSettings{heartbeatFrequencyMS=10000, minHeartbeatFrequencyMS=500, serverMonitoringMode=AUTO, serverListeners='[]', serverMonitorListeners='[]'}, sslSettings=SslSettings{enabled=true, invalidHostNameAllowed=false, context=null}, applicationName='Cluster0', compressorList=[], uuidRepresentation=JAVA_LEGACY, serverApi=null, autoEncryptionSettings=null, dnsClient=null, inetAddressResolver=null, contextProvider=null, timeoutMS=null}
2026-02-07 16:33:59.349 [cluster-ClusterId{value='69871c1f088e8f3ee6d48516', description='Cluster0'}-srv-cluster0.tzll3pi.mongodb.net] INFO  org.mongodb.driver.cluster - Adding discovered server ac-ekkqvqw-shard-00-01.tzll3pi.mongodb.net:27017 to client view of cluster
2026-02-07 16:33:59.387 [cluster-ClusterId{value='69871c1f088e8f3ee6d48516', description='Cluster0'}-srv-cluster0.tzll3pi.mongodb.net] INFO  org.mongodb.driver.cluster - Adding discovered server ac-ekkqvqw-shard-00-00.tzll3pi.mongodb.net:27017 to client view of cluster
2026-02-07 16:33:59.390 [cluster-ClusterId{value='69871c1f088e8f3ee6d48516', description='Cluster0'}-srv-cluster0.tzll3pi.mongodb.net] INFO  org.mongodb.driver.cluster - Adding discovered server ac-ekkqvqw-shard-00-02.tzll3pi.mongodb.net:27017 to client view of cluster
2026-02-07 16:33:59.516 [main] INFO  org.mongodb.driver.cluster - Waiting for server to become available for operation with ID 5. Remaining time: 29991 ms. Selector: WritableServerSelector, topology description: {type=REPLICA_SET, servers=[{address=ac-ekkqvqw-shard-00-00.tzll3pi.mongodb.net:27017, type=UNKNOWN, state=CONNECTING}, {address=ac-ekkqvqw-shard-00-02.tzll3pi.mongodb.net:27017, type=UNKNOWN, state=CONNECTING}, {address=ac-ekkqvqw-shard-00-01.tzll3pi.mongodb.net:27017, type=UNKNOWN, state=CONNECTING}].
2026-02-07 16:34:00.065 [cluster-ClusterId{value='69871c1f088e8f3ee6d48516', description='Cluster0'}-ac-ekkqvqw-shard-00-00.tzll3pi.mongodb.net:27017] INFO  org.mongodb.driver.cluster - Monitor thread successfully connected to server with description ServerDescription{address=ac-ekkqvqw-shard-00-00.tzll3pi.mongodb.net:27017, type=REPLICA_SET_SECONDARY, cryptd=false, state=CONNECTED, ok=true, minWireVersion=0, maxWireVersion=25, maxDocumentSize=16777216, logicalSessionTimeoutMinutes=30, roundTripTimeNanos=325007000, minRoundTripTimeNanos=0, setName='atlas-b2qrri-shard-0', canonicalAddress=ac-ekkqvqw-shard-00-00.tzll3pi.mongodb.net:27017, hosts=[ac-ekkqvqw-shard-00-00.tzll3pi.mongodb.net:27017, ac-ekkqvqw-shard-00-01.tzll3pi.mongodb.net:27017, ac-ekkqvqw-shard-00-02.tzll3pi.mongodb.net:27017], passives=[], arbiters=[], primary='ac-ekkqvqw-shard-00-02.tzll3pi.mongodb.net:27017', tagSet=TagSet{[Tag{name='availabilityZone', value='aps1-az1'}, Tag{name='diskState', value='READY'}, Tag{name='nodeType', value='ELECTABLE'}, Tag{name='provider', value='AWS'}, Tag{name='region', value='AP_SOUTH_1'}, Tag{name='workloadType', value='OPERATIONAL'}]}, electionId=null, setVersion=192, topologyVersion=TopologyVersion{processId=6985050dea09824c261ec9ba, counter=4}, lastWriteDate=Sat Feb 07 16:34:00 IST 2026, lastUpdateTimeNanos=243209796363700}
2026-02-07 16:34:00.065 [cluster-ClusterId{value='69871c1f088e8f3ee6d48516', description='Cluster0'}-ac-ekkqvqw-shard-00-01.tzll3pi.mongodb.net:27017] INFO  org.mongodb.driver.cluster - Monitor thread successfully connected to server with description ServerDescription{address=ac-ekkqvqw-shard-00-01.tzll3pi.mongodb.net:27017, type=REPLICA_SET_SECONDARY, cryptd=false, state=CONNECTED, ok=true, minWireVersion=0, maxWireVersion=25, maxDocumentSize=16777216, logicalSessionTimeoutMinutes=30, roundTripTimeNanos=325032000, minRoundTripTimeNanos=0, setName='atlas-b2qrri-shard-0', canonicalAddress=ac-ekkqvqw-shard-00-01.tzll3pi.mongodb.net:27017, hosts=[ac-ekkqvqw-shard-00-00.tzll3pi.mongodb.net:27017, ac-ekkqvqw-shard-00-01.tzll3pi.mongodb.net:27017, ac-ekkqvqw-shard-00-02.tzll3pi.mongodb.net:27017], passives=[], arbiters=[], primary='ac-ekkqvqw-shard-00-02.tzll3pi.mongodb.net:27017', tagSet=TagSet{[Tag{name='availabilityZone', value='aps1-az3'}, Tag{name='diskState', value='READY'}, Tag{name='nodeType', value='ELECTABLE'}, Tag{name='provider', value='AWS'}, Tag{name='region', value='AP_SOUTH_1'}, Tag{name='workloadType', value='OPERATIONAL'}]}, electionId=null, setVersion=192, topologyVersion=TopologyVersion{processId=698505c1864b3814516c91a0, counter=3}, lastWriteDate=Sat Feb 07 16:34:00 IST 2026, lastUpdateTimeNanos=243209796363700}
2026-02-07 16:34:00.065 [cluster-ClusterId{value='69871c1f088e8f3ee6d48516', description='Cluster0'}-ac-ekkqvqw-shard-00-02.tzll3pi.mongodb.net:27017] INFO  org.mongodb.driver.cluster - Monitor thread successfully connected to server with description ServerDescription{address=ac-ekkqvqw-shard-00-02.tzll3pi.mongodb.net:27017, type=REPLICA_SET_PRIMARY, cryptd=false, state=CONNECTED, ok=true, minWireVersion=0, maxWireVersion=25, maxDocumentSize=16777216, logicalSessionTimeoutMinutes=30, roundTripTimeNanos=324968500, minRoundTripTimeNanos=0, setName='atlas-b2qrri-shard-0', canonicalAddress=ac-ekkqvqw-shard-00-02.tzll3pi.mongodb.net:27017, hosts=[ac-ekkqvqw-shard-00-00.tzll3pi.mongodb.net:27017, ac-ekkqvqw-shard-00-01.tzll3pi.mongodb.net:27017, ac-ekkqvqw-shard-00-02.tzll3pi.mongodb.net:27017], passives=[], arbiters=[], primary='ac-ekkqvqw-shard-00-02.tzll3pi.mongodb.net:27017', tagSet=TagSet{[Tag{name='availabilityZone', value='aps1-az2'}, Tag{name='diskState', value='READY'}, Tag{name='nodeType', value='ELECTABLE'}, Tag{name='provider', value='AWS'}, Tag{name='region', value='AP_SOUTH_1'}, Tag{name='workloadType', value='OPERATIONAL'}]}, electionId=7fffffff00000000000001f2, setVersion=192, topologyVersion=TopologyVersion{processId=69850566af57af3db5983b91, counter=6}, lastWriteDate=Sat Feb 07 16:34:00 IST 2026, lastUpdateTimeNanos=243209796363700}
2026-02-07 16:34:00.068 [cluster-ClusterId{value='69871c1f088e8f3ee6d48516', description='Cluster0'}-ac-ekkqvqw-shard-00-02.tzll3pi.mongodb.net:27017] INFO  org.mongodb.driver.cluster - Discovered replica set primary ac-ekkqvqw-shard-00-02.tzll3pi.mongodb.net:27017 with max election id 7fffffff00000000000001f2 and max set version 192
2026-02-07 16:34:00.908 [main] INFO  o.s.s.c.a.a.c.InitializeUserDetailsBeanManagerConfigurer$InitializeUserDetailsManagerConfigurer - Global AuthenticationManager configured with UserDetailsService bean with name userDetailsServiceImpl
2026-02-07 16:34:01.426 [main] DEBUG o.s.s.c.ThreadPoolTaskScheduler - Initializing ExecutorService 'taskScheduler'
2026-02-07 16:34:01.446 [main] INFO  o.a.coyote.http11.Http11NioProtocol - Starting ProtocolHandler ["http-nio-8080"]
2026-02-07 16:34:01.509 [main] INFO  o.s.b.w.e.tomcat.TomcatWebServer - Tomcat started on port 8080 (http) with context path '/'
2026-02-07 16:34:01.517 [main] INFO  c.a.journalApp.JournalApplication - Started JournalApplication in 4.802 seconds (process running for 5.592)
2026-02-07 16:59:40.811 [cluster-ClusterId{value='69871c1f088e8f3ee6d48516', description='Cluster0'}-ac-ekkqvqw-shard-00-01.tzll3pi.mongodb.net:27017] INFO  org.mongodb.driver.cluster - Exception in monitor thread while connecting to server ac-ekkqvqw-shard-00-01.tzll3pi.mongodb.net:27017
com.mongodb.MongoSocketReadException: Exception receiving message
	at com.mongodb.internal.connection.InternalStreamConnection.translateReadException(InternalStreamConnection.java:809)
	at com.mongodb.internal.connection.InternalStreamConnection.receiveResponseBuffers(InternalStreamConnection.java:857)
	at com.mongodb.internal.connection.InternalStreamConnection.receiveCommandMessageResponse(InternalStreamConnection.java:517)
	at com.mongodb.internal.connection.InternalStreamConnection.receive(InternalStreamConnection.java:469)
	at com.mongodb.internal.connection.DefaultServerMonitor$ServerMonitor.lookupServerDescription(DefaultServerMonitor.java:249)
	at com.mongodb.internal.connection.DefaultServerMonitor$ServerMonitor.run(DefaultServerMonitor.java:176)
Caused by: java.net.SocketException: Connection reset
	at java.base/sun.nio.ch.NioSocketImpl.implRead(NioSocketImpl.java:318)
	at java.base/sun.nio.ch.NioSocketImpl.read(NioSocketImpl.java:346)
	at java.base/sun.nio.ch.NioSocketImpl$1.read(NioSocketImpl.java:796)
	at java.base/java.net.Socket$SocketInputStream.read(Socket.java:1099)
	at java.base/sun.security.ssl.SSLSocketInputRecord.read(SSLSocketInputRecord.java:489)
	at java.base/sun.security.ssl.SSLSocketInputRecord.readHeader(SSLSocketInputRecord.java:483)
	at java.base/sun.security.ssl.SSLSocketInputRecord.bytesInCompletePacket(SSLSocketInputRecord.java:70)
	at java.base/sun.security.ssl.SSLSocketImpl.readApplicationRecord(SSLSocketImpl.java:1461)
	at java.base/sun.security.ssl.SSLSocketImpl$AppInputStream.read(SSLSocketImpl.java:1066)
	at com.mongodb.internal.connection.SocketStream.read(SocketStream.java:182)
	at com.mongodb.internal.connection.InternalStreamConnection.receiveResponseBuffers(InternalStreamConnection.java:824)
	... 4 common frames omitted
2026-02-07 16:59:40.811 [cluster-ClusterId{value='69871c1f088e8f3ee6d48516', description='Cluster0'}-ac-ekkqvqw-shard-00-00.tzll3pi.mongodb.net:27017] INFO  org.mongodb.driver.cluster - Exception in monitor thread while connecting to server ac-ekkqvqw-shard-00-00.tzll3pi.mongodb.net:27017
com.mongodb.MongoSocketReadException: Exception receiving message
	at com.mongodb.internal.connection.InternalStreamConnection.translateReadException(InternalStreamConnection.java:809)
	at com.mongodb.internal.connection.InternalStreamConnection.receiveResponseBuffers(InternalStreamConnection.java:857)
	at com.mongodb.internal.connection.InternalStreamConnection.receiveCommandMessageResponse(InternalStreamConnection.java:517)
	at com.mongodb.internal.connection.InternalStreamConnection.receive(InternalStreamConnection.java:469)
	at com.mongodb.internal.connection.DefaultServerMonitor$ServerMonitor.lookupServerDescription(DefaultServerMonitor.java:249)
	at com.mongodb.internal.connection.DefaultServerMonitor$ServerMonitor.run(DefaultServerMonitor.java:176)
Caused by: java.net.SocketException: Connection reset
	at java.base/sun.nio.ch.NioSocketImpl.implRead(NioSocketImpl.java:318)
	at java.base/sun.nio.ch.NioSocketImpl.read(NioSocketImpl.java:346)
	at java.base/sun.nio.ch.NioSocketImpl$1.read(NioSocketImpl.java:796)
	at java.base/java.net.Socket$SocketInputStream.read(Socket.java:1099)
	at java.base/sun.security.ssl.SSLSocketInputRecord.read(SSLSocketInputRecord.java:489)
	at java.base/sun.security.ssl.SSLSocketInputRecord.readHeader(SSLSocketInputRecord.java:483)
	at java.base/sun.security.ssl.SSLSocketInputRecord.bytesInCompletePacket(SSLSocketInputRecord.java:70)
	at java.base/sun.security.ssl.SSLSocketImpl.readApplicationRecord(SSLSocketImpl.java:1461)
	at java.base/sun.security.ssl.SSLSocketImpl$AppInputStream.read(SSLSocketImpl.java:1066)
	at com.mongodb.internal.connection.SocketStream.read(SocketStream.java:182)
	at com.mongodb.internal.connection.InternalStreamConnection.receiveResponseBuffers(InternalStreamConnection.java:824)
	... 4 common frames omitted
2026-02-07 16:59:40.811 [cluster-ClusterId{value='69871c1f088e8f3ee6d48516', description='Cluster0'}-ac-ekkqvqw-shard-00-02.tzll3pi.mongodb.net:27017] INFO  org.mongodb.driver.cluster - Exception in monitor thread while connecting to server ac-ekkqvqw-shard-00-02.tzll3pi.mongodb.net:27017
com.mongodb.MongoSocketReadException: Exception receiving message
	at com.mongodb.internal.connection.InternalStreamConnection.translateReadException(InternalStreamConnection.java:809)
	at com.mongodb.internal.connection.InternalStreamConnection.receiveResponseBuffers(InternalStreamConnection.java:857)
	at com.mongodb.internal.connection.InternalStreamConnection.receiveCommandMessageResponse(InternalStreamConnection.java:517)
	at com.mongodb.internal.connection.InternalStreamConnection.receive(InternalStreamConnection.java:469)
	at com.mongodb.internal.connection.DefaultServerMonitor$ServerMonitor.lookupServerDescription(DefaultServerMonitor.java:249)
	at com.mongodb.internal.connection.DefaultServerMonitor$ServerMonitor.run(DefaultServerMonitor.java:176)
Caused by: java.net.SocketException: Connection reset
	at java.base/sun.nio.ch.NioSocketImpl.implRead(NioSocketImpl.java:318)
	at java.base/sun.nio.ch.NioSocketImpl.read(NioSocketImpl.java:346)
	at java.base/sun.nio.ch.NioSocketImpl$1.read(NioSocketImpl.java:796)
	at java.base/java.net.Socket$SocketInputStream.read(Socket.java:1099)
	at java.base/sun.security.ssl.SSLSocketInputRecord.read(SSLSocketInputRecord.java:489)
	at java.base/sun.security.ssl.SSLSocketInputRecord.readHeader(SSLSocketInputRecord.java:483)
	at java.base/sun.security.ssl.SSLSocketInputRecord.bytesInCompletePacket(SSLSocketInputRecord.java:70)
	at java.base/sun.security.ssl.SSLSocketImpl.readApplicationRecord(SSLSocketImpl.java:1461)
	at java.base/sun.security.ssl.SSLSocketImpl$AppInputStream.read(SSLSocketImpl.java:1066)
	at com.mongodb.internal.connection.SocketStream.read(SocketStream.java:182)
	at com.mongodb.internal.connection.InternalStreamConnection.receiveResponseBuffers(InternalStreamConnection.java:824)
	... 4 common frames omitted
2026-02-07 16:59:41.784 [cluster-ClusterId{value='69871c1f088e8f3ee6d48516', description='Cluster0'}-ac-ekkqvqw-shard-00-01.tzll3pi.mongodb.net:27017] INFO  org.mongodb.driver.cluster - Monitor thread successfully connected to server with description ServerDescription{address=ac-ekkqvqw-shard-00-01.tzll3pi.mongodb.net:27017, type=REPLICA_SET_SECONDARY, cryptd=false, state=CONNECTED, ok=true, minWireVersion=0, maxWireVersion=25, maxDocumentSize=16777216, logicalSessionTimeoutMinutes=30, roundTripTimeNanos=464151000, minRoundTripTimeNanos=0, setName='atlas-b2qrri-shard-0', canonicalAddress=ac-ekkqvqw-shard-00-01.tzll3pi.mongodb.net:27017, hosts=[ac-ekkqvqw-shard-00-00.tzll3pi.mongodb.net:27017, ac-ekkqvqw-shard-00-01.tzll3pi.mongodb.net:27017, ac-ekkqvqw-shard-00-02.tzll3pi.mongodb.net:27017], passives=[], arbiters=[], primary='ac-ekkqvqw-shard-00-02.tzll3pi.mongodb.net:27017', tagSet=TagSet{[Tag{name='availabilityZone', value='aps1-az3'}, Tag{name='diskState', value='READY'}, Tag{name='nodeType', value='ELECTABLE'}, Tag{name='provider', value='AWS'}, Tag{name='region', value='AP_SOUTH_1'}, Tag{name='workloadType', value='OPERATIONAL'}]}, electionId=null, setVersion=192, topologyVersion=TopologyVersion{processId=698505c1864b3814516c91a0, counter=3}, lastWriteDate=Sat Feb 07 16:59:41 IST 2026, lastUpdateTimeNanos=244751514540400}
2026-02-07 16:59:41.784 [cluster-ClusterId{value='69871c1f088e8f3ee6d48516', description='Cluster0'}-ac-ekkqvqw-shard-00-00.tzll3pi.mongodb.net:27017] INFO  org.mongodb.driver.cluster - Monitor thread successfully connected to server with description ServerDescription{address=ac-ekkqvqw-shard-00-00.tzll3pi.mongodb.net:27017, type=REPLICA_SET_SECONDARY, cryptd=false, state=CONNECTED, ok=true, minWireVersion=0, maxWireVersion=25, maxDocumentSize=16777216, logicalSessionTimeoutMinutes=30, roundTripTimeNanos=444330400, minRoundTripTimeNanos=0, setName='atlas-b2qrri-shard-0', canonicalAddress=ac-ekkqvqw-shard-00-00.tzll3pi.mongodb.net:27017, hosts=[ac-ekkqvqw-shard-00-00.tzll3pi.mongodb.net:27017, ac-ekkqvqw-shard-00-01.tzll3pi.mongodb.net:27017, ac-ekkqvqw-shard-00-02.tzll3pi.mongodb.net:27017], passives=[], arbiters=[], primary='ac-ekkqvqw-shard-00-02.tzll3pi.mongodb.net:27017', tagSet=TagSet{[Tag{name='availabilityZone', value='aps1-az1'}, Tag{name='diskState', value='READY'}, Tag{name='nodeType', value='ELECTABLE'}, Tag{name='provider', value='AWS'}, Tag{name='region', value='AP_SOUTH_1'}, Tag{name='workloadType', value='OPERATIONAL'}]}, electionId=null, setVersion=192, topologyVersion=TopologyVersion{processId=6985050dea09824c261ec9ba, counter=4}, lastWriteDate=Sat Feb 07 16:59:41 IST 2026, lastUpdateTimeNanos=244751514542400}
2026-02-07 16:59:41.790 [cluster-ClusterId{value='69871c1f088e8f3ee6d48516', description='Cluster0'}-ac-ekkqvqw-shard-00-02.tzll3pi.mongodb.net:27017] INFO  org.mongodb.driver.cluster - Monitor thread successfully connected to server with description ServerDescription{address=ac-ekkqvqw-shard-00-02.tzll3pi.mongodb.net:27017, type=REPLICA_SET_PRIMARY, cryptd=false, state=CONNECTED, ok=true, minWireVersion=0, maxWireVersion=25, maxDocumentSize=16777216, logicalSessionTimeoutMinutes=30, roundTripTimeNanos=479146300, minRoundTripTimeNanos=0, setName='atlas-b2qrri-shard-0', canonicalAddress=ac-ekkqvqw-shard-00-02.tzll3pi.mongodb.net:27017, hosts=[ac-ekkqvqw-shard-00-00.tzll3pi.mongodb.net:27017, ac-ekkqvqw-shard-00-01.tzll3pi.mongodb.net:27017, ac-ekkqvqw-shard-00-02.tzll3pi.mongodb.net:27017], passives=[], arbiters=[], primary='ac-ekkqvqw-shard-00-02.tzll3pi.mongodb.net:27017', tagSet=TagSet{[Tag{name='availabilityZone', value='aps1-az2'}, Tag{name='diskState', value='READY'}, Tag{name='nodeType', value='ELECTABLE'}, Tag{name='provider', value='AWS'}, Tag{name='region', value='AP_SOUTH_1'}, Tag{name='workloadType', value='OPERATIONAL'}]}, electionId=7fffffff00000000000001f2, setVersion=192, topologyVersion=TopologyVersion{processId=69850566af57af3db5983b91, counter=6}, lastWriteDate=Sat Feb 07 16:59:41 IST 2026, lastUpdateTimeNanos=244751529681200}
2026-02-07 16:59:41.791 [cluster-ClusterId{value='69871c1f088e8f3ee6d48516', description='Cluster0'}-ac-ekkqvqw-shard-00-02.tzll3pi.mongodb.net:27017] INFO  org.mongodb.driver.cluster - Discovered replica set primary ac-ekkqvqw-shard-00-02.tzll3pi.mongodb.net:27017 with max election id 7fffffff00000000000001f2 and max set version 192
2026-02-07 17:01:22.376 [SpringApplicationShutdownHook] INFO  o.s.b.w.e.tomcat.GracefulShutdown - Commencing graceful shutdown. Waiting for active requests to complete
2026-02-07 17:01:22.405 [tomcat-shutdown] INFO  o.s.b.w.e.tomcat.GracefulShutdown - Graceful shutdown complete
2026-02-07 17:01:22.421 [SpringApplicationShutdownHook] DEBUG o.s.s.c.ThreadPoolTaskScheduler - Shutting down ExecutorService 'taskScheduler'
2026-02-07 17:01:22.904 [SpringApplicationShutdownHook] DEBUG o.s.s.c.ThreadPoolTaskExecutor - Shutting down ExecutorService 'applicationTaskExecutor'
2026-02-07 17:01:27.897 [background-preinit] INFO  o.h.validator.internal.util.Version - HV000001: Hibernate Validator 8.0.3.Final
2026-02-07 17:01:27.982 [main] INFO  c.a.journalApp.JournalApplication - Starting JournalApplication using Java 21.0.6 with PID 20124 (D:\SpringBoot\journalApp\target\classes started by aakas in D:\SpringBoot\journalApp)
2026-02-07 17:01:27.983 [main] INFO  c.a.journalApp.JournalApplication - The following 1 profile is active: "dev"
2026-02-07 17:01:28.803 [main] INFO  o.s.d.r.c.RepositoryConfigurationDelegate - Bootstrapping Spring Data MongoDB repositories in DEFAULT mode.
2026-02-07 17:01:28.871 [main] INFO  o.s.d.r.c.RepositoryConfigurationDelegate - Finished Spring Data repository scanning in 60 ms. Found 3 MongoDB repository interfaces.
2026-02-07 17:01:29.531 [main] INFO  o.s.b.w.e.tomcat.TomcatWebServer - Tomcat initialized with port 8080 (http)
2026-02-07 17:01:29.545 [main] INFO  o.a.coyote.http11.Http11NioProtocol - Initializing ProtocolHandler ["http-nio-8080"]
2026-02-07 17:01:29.548 [main] INFO  o.a.catalina.core.StandardService - Starting service [Tomcat]
2026-02-07 17:01:29.548 [main] INFO  o.a.catalina.core.StandardEngine - Starting Servlet engine: [Apache Tomcat/10.1.50]
2026-02-07 17:01:29.611 [main] INFO  o.a.c.c.C.[Tomcat].[localhost].[/] - Initializing Spring embedded WebApplicationContext
2026-02-07 17:01:29.612 [main] INFO  o.s.b.w.s.c.ServletWebServerApplicationContext - Root WebApplicationContext: initialization completed in 1563 ms
2026-02-07 17:01:29.684 [main] DEBUG o.s.s.c.ThreadPoolTaskExecutor - Initializing ExecutorService 'applicationTaskExecutor'
2026-02-07 17:01:29.990 [main] INFO  org.mongodb.driver.client - MongoClient with metadata {"application": {"name": "Cluster0"}, "driver": {"name": "mongo-java-driver|sync|spring-boot", "version": "5.5.2"}, "os": {"type": "Windows", "name": "Windows 11", "architecture": "amd64", "version": "10.0"}, "platform": "Java/Oracle Corporation/21.0.6+8-LTS-188"} created with settings MongoClientSettings{readPreference=primary, writeConcern=WriteConcern{w=null, wTimeout=null ms, journal=null}, retryWrites=true, retryReads=true, readConcern=ReadConcern{level=null}, credential=MongoCredential{mechanism=null, userName='aakashbhatt19_db_user', source='admin', password=<hidden>, mechanismProperties=<hidden>}, transportSettings=null, commandListeners=[], codecRegistry=ProvidersCodecRegistry{codecProviders=[ValueCodecProvider{}, BsonValueCodecProvider{}, DBRefCodecProvider{}, DBObjectCodecProvider{}, DocumentCodecProvider{}, CollectionCodecProvider{}, IterableCodecProvider{}, MapCodecProvider{}, GeoJsonCodecProvider{}, GridFSFileCodecProvider{}, Jsr310CodecProvider{}, JsonObjectCodecProvider{}, BsonCodecProvider{}, EnumCodecProvider{}, com.mongodb.client.model.mql.ExpressionCodecProvider@5db948c9, com.mongodb.Jep395RecordCodecProvider@296edc75, com.mongodb.KotlinCodecProvider@357c9bd9]}, loggerSettings=LoggerSettings{maxDocumentLength=1000}, clusterSettings={hosts=[127.0.0.1:27017], srvHost=cluster0.tzll3pi.mongodb.net, srvServiceName=mongodb, mode=MULTIPLE, requiredClusterType=REPLICA_SET, requiredReplicaSetName='atlas-b2qrri-shard-0', serverSelector='null', clusterListeners='[]', serverSelectionTimeout='30000 ms', localThreshold='15 ms'}, socketSettings=SocketSettings{connectTimeoutMS=10000, readTimeoutMS=0, receiveBufferSize=0, proxySettings=ProxySettings{host=null, port=null, username=null, password=null}}, heartbeatSocketSettings=SocketSettings{connectTimeoutMS=10000, readTimeoutMS=10000, receiveBufferSize=0, proxySettings=ProxySettings{host=null, port=null, username=null, password=null}}, connectionPoolSettings=ConnectionPoolSettings{maxSize=100, minSize=0, maxWaitTimeMS=120000, maxConnectionLifeTimeMS=0, maxConnectionIdleTimeMS=0, maintenanceInitialDelayMS=0, maintenanceFrequencyMS=60000, connectionPoolListeners=[], maxConnecting=2}, serverSettings=ServerSettings{heartbeatFrequencyMS=10000, minHeartbeatFrequencyMS=500, serverMonitoringMode=AUTO, serverListeners='[]', serverMonitorListeners='[]'}, sslSettings=SslSettings{enabled=true, invalidHostNameAllowed=false, context=null}, applicationName='Cluster0', compressorList=[], uuidRepresentation=JAVA_LEGACY, serverApi=null, autoEncryptionSettings=null, dnsClient=null, inetAddressResolver=null, contextProvider=null, timeoutMS=null}
2026-02-07 17:01:30.005 [cluster-ClusterId{value='698722911465f555a771ac05', description='Cluster0'}-srv-cluster0.tzll3pi.mongodb.net] INFO  org.mongodb.driver.cluster - Adding discovered server ac-ekkqvqw-shard-00-01.tzll3pi.mongodb.net:27017 to client view of cluster
2026-02-07 17:01:30.048 [cluster-ClusterId{value='698722911465f555a771ac05', description='Cluster0'}-srv-cluster0.tzll3pi.mongodb.net] INFO  org.mongodb.driver.cluster - Adding discovered server ac-ekkqvqw-shard-00-00.tzll3pi.mongodb.net:27017 to client view of cluster
2026-02-07 17:01:30.052 [cluster-ClusterId{value='698722911465f555a771ac05', description='Cluster0'}-srv-cluster0.tzll3pi.mongodb.net] INFO  org.mongodb.driver.cluster - Adding discovered server ac-ekkqvqw-shard-00-02.tzll3pi.mongodb.net:27017 to client view of cluster
2026-02-07 17:01:30.299 [main] INFO  org.mongodb.driver.cluster - Waiting for server to become available for operation with ID 5. Remaining time: 29994 ms. Selector: WritableServerSelector, topology description: {type=REPLICA_SET, servers=[{address=ac-ekkqvqw-shard-00-00.tzll3pi.mongodb.net:27017, type=UNKNOWN, state=CONNECTING}, {address=ac-ekkqvqw-shard-00-02.tzll3pi.mongodb.net:27017, type=UNKNOWN, state=CONNECTING}, {address=ac-ekkqvqw-shard-00-01.tzll3pi.mongodb.net:27017, type=UNKNOWN, state=CONNECTING}].
2026-02-07 17:01:30.600 [cluster-ClusterId{value='698722911465f555a771ac05', description='Cluster0'}-ac-ekkqvqw-shard-00-01.tzll3pi.mongodb.net:27017] INFO  org.mongodb.driver.cluster - Monitor thread successfully connected to server with description ServerDescription{address=ac-ekkqvqw-shard-00-01.tzll3pi.mongodb.net:27017, type=REPLICA_SET_SECONDARY, cryptd=false, state=CONNECTED, ok=true, minWireVersion=0, maxWireVersion=25, maxDocumentSize=16777216, logicalSessionTimeoutMinutes=30, roundTripTimeNanos=255731000, minRoundTripTimeNanos=0, setName='atlas-b2qrri-shard-0', canonicalAddress=ac-ekkqvqw-shard-00-01.tzll3pi.mongodb.net:27017, hosts=[ac-ekkqvqw-shard-00-00.tzll3pi.mongodb.net:27017, ac-ekkqvqw-shard-00-01.tzll3pi.mongodb.net:27017, ac-ekkqvqw-shard-00-02.tzll3pi.mongodb.net:27017], passives=[], arbiters=[], primary='ac-ekkqvqw-shard-00-02.tzll3pi.mongodb.net:27017', tagSet=TagSet{[Tag{name='availabilityZone', value='aps1-az3'}, Tag{name='diskState', value='READY'}, Tag{name='nodeType', value='ELECTABLE'}, Tag{name='provider', value='AWS'}, Tag{name='region', value='AP_SOUTH_1'}, Tag{name='workloadType', value='OPERATIONAL'}]}, electionId=null, setVersion=192, topologyVersion=TopologyVersion{processId=698505c1864b3814516c91a0, counter=3}, lastWriteDate=Sat Feb 07 17:01:30 IST 2026, lastUpdateTimeNanos=244860338562800}
2026-02-07 17:01:30.600 [cluster-ClusterId{value='698722911465f555a771ac05', description='Cluster0'}-ac-ekkqvqw-shard-00-00.tzll3pi.mongodb.net:27017] INFO  org.mongodb.driver.cluster - Monitor thread successfully connected to server with description ServerDescription{address=ac-ekkqvqw-shard-00-00.tzll3pi.mongodb.net:27017, type=REPLICA_SET_SECONDARY, cryptd=false, state=CONNECTED, ok=true, minWireVersion=0, maxWireVersion=25, maxDocumentSize=16777216, logicalSessionTimeoutMinutes=30, roundTripTimeNanos=255731500, minRoundTripTimeNanos=0, setName='atlas-b2qrri-shard-0', canonicalAddress=ac-ekkqvqw-shard-00-00.tzll3pi.mongodb.net:27017, hosts=[ac-ekkqvqw-shard-00-00.tzll3pi.mongodb.net:27017, ac-ekkqvqw-shard-00-01.tzll3pi.mongodb.net:27017, ac-ekkqvqw-shard-00-02.tzll3pi.mongodb.net:27017], passives=[], arbiters=[], primary='ac-ekkqvqw-shard-00-02.tzll3pi.mongodb.net:27017', tagSet=TagSet{[Tag{name='availabilityZone', value='aps1-az1'}, Tag{name='diskState', value='READY'}, Tag{name='nodeType', value='ELECTABLE'}, Tag{name='provider', value='AWS'}, Tag{name='region', value='AP_SOUTH_1'}, Tag{name='workloadType', value='OPERATIONAL'}]}, electionId=null, setVersion=192, topologyVersion=TopologyVersion{processId=6985050dea09824c261ec9ba, counter=4}, lastWriteDate=Sat Feb 07 17:01:30 IST 2026, lastUpdateTimeNanos=244860338562900}
2026-02-07 17:01:30.600 [cluster-ClusterId{value='698722911465f555a771ac05', description='Cluster0'}-ac-ekkqvqw-shard-00-02.tzll3pi.mongodb.net:27017] INFO  org.mongodb.driver.cluster - Monitor thread successfully connected to server with description ServerDescription{address=ac-ekkqvqw-shard-00-02.tzll3pi.mongodb.net:27017, type=REPLICA_SET_PRIMARY, cryptd=false, state=CONNECTED, ok=true, minWireVersion=0, maxWireVersion=25, maxDocumentSize=16777216, logicalSessionTimeoutMinutes=30, roundTripTimeNanos=290316100, minRoundTripTimeNanos=0, setName='atlas-b2qrri-shard-0', canonicalAddress=ac-ekkqvqw-shard-00-02.tzll3pi.mongodb.net:27017, hosts=[ac-ekkqvqw-shard-00-00.tzll3pi.mongodb.net:27017, ac-ekkqvqw-shard-00-01.tzll3pi.mongodb.net:27017, ac-ekkqvqw-shard-00-02.tzll3pi.mongodb.net:27017], passives=[], arbiters=[], primary='ac-ekkqvqw-shard-00-02.tzll3pi.mongodb.net:27017', tagSet=TagSet{[Tag{name='availabilityZone', value='aps1-az2'}, Tag{name='diskState', value='READY'}, Tag{name='nodeType', value='ELECTABLE'}, Tag{name='provider', value='AWS'}, Tag{name='region', value='AP_SOUTH_1'}, Tag{name='workloadType', value='OPERATIONAL'}]}, electionId=7fffffff00000000000001f2, setVersion=192, topologyVersion=TopologyVersion{processId=69850566af57af3db5983b91, counter=6}, lastWriteDate=Sat Feb 07 17:01:30 IST 2026, lastUpdateTimeNanos=244860338562900}
2026-02-07 17:01:30.605 [cluster-ClusterId{value='698722911465f555a771ac05', description='Cluster0'}-ac-ekkqvqw-shard-00-02.tzll3pi.mongodb.net:27017] INFO  org.mongodb.driver.cluster - Discovered replica set primary ac-ekkqvqw-shard-00-02.tzll3pi.mongodb.net:27017 with max election id 7fffffff00000000000001f2 and max set version 192
2026-02-07 17:01:31.255 [main] INFO  o.s.s.c.a.a.c.InitializeUserDetailsBeanManagerConfigurer$InitializeUserDetailsManagerConfigurer - Global AuthenticationManager configured with UserDetailsService bean with name userDetailsServiceImpl
2026-02-07 17:01:31.665 [main] DEBUG o.s.s.c.ThreadPoolTaskScheduler - Initializing ExecutorService 'taskScheduler'
2026-02-07 17:01:31.681 [main] INFO  o.a.coyote.http11.Http11NioProtocol - Starting ProtocolHandler ["http-nio-8080"]
2026-02-07 17:01:31.697 [main] INFO  o.s.b.w.e.tomcat.TomcatWebServer - Tomcat started on port 8080 (http) with context path '/'
2026-02-07 17:01:31.703 [main] INFO  c.a.journalApp.JournalApplication - Started JournalApplication in 4.366 seconds (process running for 5.516)
2026-02-07 17:01:54.685 [http-nio-8080-exec-1] INFO  o.a.c.c.C.[Tomcat].[localhost].[/] - Initializing Spring DispatcherServlet 'dispatcherServlet'
2026-02-07 17:01:54.686 [http-nio-8080-exec-1] INFO  o.s.web.servlet.DispatcherServlet - Initializing Servlet 'dispatcherServlet'
2026-02-07 17:01:54.689 [http-nio-8080-exec-1] INFO  o.s.web.servlet.DispatcherServlet - Completed initialization in 3 ms
2026-02-07 22:55:07.870 [cluster-ClusterId{value='698722911465f555a771ac05', description='Cluster0'}-ac-ekkqvqw-shard-00-00.tzll3pi.mongodb.net:27017] INFO  org.mongodb.driver.cluster - Exception in monitor thread while connecting to server ac-ekkqvqw-shard-00-00.tzll3pi.mongodb.net:27017
com.mongodb.MongoSocketReadException: Exception receiving message
	at com.mongodb.internal.connection.InternalStreamConnection.translateReadException(InternalStreamConnection.java:809)
	at com.mongodb.internal.connection.InternalStreamConnection.receiveResponseBuffers(InternalStreamConnection.java:857)
	at com.mongodb.internal.connection.InternalStreamConnection.receiveCommandMessageResponse(InternalStreamConnection.java:517)
	at com.mongodb.internal.connection.InternalStreamConnection.receive(InternalStreamConnection.java:469)
	at com.mongodb.internal.connection.DefaultServerMonitor$ServerMonitor.lookupServerDescription(DefaultServerMonitor.java:249)
	at com.mongodb.internal.connection.DefaultServerMonitor$ServerMonitor.run(DefaultServerMonitor.java:176)
Caused by: java.net.SocketException: Connection reset
	at java.base/sun.nio.ch.NioSocketImpl.implRead(NioSocketImpl.java:318)
	at java.base/sun.nio.ch.NioSocketImpl.read(NioSocketImpl.java:346)
	at java.base/sun.nio.ch.NioSocketImpl$1.read(NioSocketImpl.java:796)
	at java.base/java.net.Socket$SocketInputStream.read(Socket.java:1099)
	at java.base/sun.security.ssl.SSLSocketInputRecord.read(SSLSocketInputRecord.java:489)
	at java.base/sun.security.ssl.SSLSocketInputRecord.readHeader(SSLSocketInputRecord.java:483)
	at java.base/sun.security.ssl.SSLSocketInputRecord.bytesInCompletePacket(SSLSocketInputRecord.java:70)
	at java.base/sun.security.ssl.SSLSocketImpl.readApplicationRecord(SSLSocketImpl.java:1461)
	at java.base/sun.security.ssl.SSLSocketImpl$AppInputStream.read(SSLSocketImpl.java:1066)
	at com.mongodb.internal.connection.SocketStream.read(SocketStream.java:182)
	at com.mongodb.internal.connection.InternalStreamConnection.receiveResponseBuffers(InternalStreamConnection.java:824)
	... 4 common frames omitted
2026-02-07 22:55:07.870 [cluster-ClusterId{value='698722911465f555a771ac05', description='Cluster0'}-ac-ekkqvqw-shard-00-01.tzll3pi.mongodb.net:27017] INFO  org.mongodb.driver.cluster - Exception in monitor thread while connecting to server ac-ekkqvqw-shard-00-01.tzll3pi.mongodb.net:27017
com.mongodb.MongoSocketReadException: Exception receiving message
	at com.mongodb.internal.connection.InternalStreamConnection.translateReadException(InternalStreamConnection.java:809)
	at com.mongodb.internal.connection.InternalStreamConnection.receiveResponseBuffers(InternalStreamConnection.java:857)
	at com.mongodb.internal.connection.InternalStreamConnection.receiveCommandMessageResponse(InternalStreamConnection.java:517)
	at com.mongodb.internal.connection.InternalStreamConnection.receive(InternalStreamConnection.java:469)
	at com.mongodb.internal.connection.DefaultServerMonitor$ServerMonitor.lookupServerDescription(DefaultServerMonitor.java:249)
	at com.mongodb.internal.connection.DefaultServerMonitor$ServerMonitor.run(DefaultServerMonitor.java:176)
Caused by: java.net.SocketException: Connection reset
	at java.base/sun.nio.ch.NioSocketImpl.implRead(NioSocketImpl.java:318)
	at java.base/sun.nio.ch.NioSocketImpl.read(NioSocketImpl.java:346)
	at java.base/sun.nio.ch.NioSocketImpl$1.read(NioSocketImpl.java:796)
	at java.base/java.net.Socket$SocketInputStream.read(Socket.java:1099)
	at java.base/sun.security.ssl.SSLSocketInputRecord.read(SSLSocketInputRecord.java:489)
	at java.base/sun.security.ssl.SSLSocketInputRecord.readHeader(SSLSocketInputRecord.java:483)
	at java.base/sun.security.ssl.SSLSocketInputRecord.bytesInCompletePacket(SSLSocketInputRecord.java:70)
	at java.base/sun.security.ssl.SSLSocketImpl.readApplicationRecord(SSLSocketImpl.java:1461)
	at java.base/sun.security.ssl.SSLSocketImpl$AppInputStream.read(SSLSocketImpl.java:1066)
	at com.mongodb.internal.connection.SocketStream.read(SocketStream.java:182)
	at com.mongodb.internal.connection.InternalStreamConnection.receiveResponseBuffers(InternalStreamConnection.java:824)
	... 4 common frames omitted
2026-02-07 22:55:07.874 [cluster-ClusterId{value='698722911465f555a771ac05', description='Cluster0'}-ac-ekkqvqw-shard-00-02.tzll3pi.mongodb.net:27017] INFO  org.mongodb.driver.cluster - Exception in monitor thread while connecting to server ac-ekkqvqw-shard-00-02.tzll3pi.mongodb.net:27017
com.mongodb.MongoSocketReadException: Exception receiving message
	at com.mongodb.internal.connection.InternalStreamConnection.translateReadException(InternalStreamConnection.java:809)
	at com.mongodb.internal.connection.InternalStreamConnection.receiveResponseBuffers(InternalStreamConnection.java:857)
	at com.mongodb.internal.connection.InternalStreamConnection.receiveCommandMessageResponse(InternalStreamConnection.java:517)
	at com.mongodb.internal.connection.InternalStreamConnection.receive(InternalStreamConnection.java:469)
	at com.mongodb.internal.connection.DefaultServerMonitor$ServerMonitor.lookupServerDescription(DefaultServerMonitor.java:249)
	at com.mongodb.internal.connection.DefaultServerMonitor$ServerMonitor.run(DefaultServerMonitor.java:176)
Caused by: java.net.SocketException: Connection reset
	at java.base/sun.nio.ch.NioSocketImpl.implRead(NioSocketImpl.java:318)
	at java.base/sun.nio.ch.NioSocketImpl.read(NioSocketImpl.java:346)
	at java.base/sun.nio.ch.NioSocketImpl$1.read(NioSocketImpl.java:796)
	at java.base/java.net.Socket$SocketInputStream.read(Socket.java:1099)
	at java.base/sun.security.ssl.SSLSocketInputRecord.read(SSLSocketInputRecord.java:489)
	at java.base/sun.security.ssl.SSLSocketInputRecord.readHeader(SSLSocketInputRecord.java:483)
	at java.base/sun.security.ssl.SSLSocketInputRecord.bytesInCompletePacket(SSLSocketInputRecord.java:70)
	at java.base/sun.security.ssl.SSLSocketImpl.readApplicationRecord(SSLSocketImpl.java:1461)
	at java.base/sun.security.ssl.SSLSocketImpl$AppInputStream.read(SSLSocketImpl.java:1066)
	at com.mongodb.internal.connection.SocketStream.read(SocketStream.java:182)
	at com.mongodb.internal.connection.InternalStreamConnection.receiveResponseBuffers(InternalStreamConnection.java:824)
	... 4 common frames omitted
2026-02-07 22:55:11.274 [cluster-ClusterId{value='698722911465f555a771ac05', description='Cluster0'}-ac-ekkqvqw-shard-00-00.tzll3pi.mongodb.net:27017] INFO  org.mongodb.driver.cluster - Monitor thread successfully connected to server with description ServerDescription{address=ac-ekkqvqw-shard-00-00.tzll3pi.mongodb.net:27017, type=REPLICA_SET_SECONDARY, cryptd=false, state=CONNECTED, ok=true, minWireVersion=0, maxWireVersion=25, maxDocumentSize=16777216, logicalSessionTimeoutMinutes=30, roundTripTimeNanos=915828701, minRoundTripTimeNanos=0, setName='atlas-b2qrri-shard-0', canonicalAddress=ac-ekkqvqw-shard-00-00.tzll3pi.mongodb.net:27017, hosts=[ac-ekkqvqw-shard-00-00.tzll3pi.mongodb.net:27017, ac-ekkqvqw-shard-00-01.tzll3pi.mongodb.net:27017, ac-ekkqvqw-shard-00-02.tzll3pi.mongodb.net:27017], passives=[], arbiters=[], primary='ac-ekkqvqw-shard-00-02.tzll3pi.mongodb.net:27017', tagSet=TagSet{[Tag{name='availabilityZone', value='aps1-az1'}, Tag{name='diskState', value='READY'}, Tag{name='nodeType', value='ELECTABLE'}, Tag{name='provider', value='AWS'}, Tag{name='region', value='AP_SOUTH_1'}, Tag{name='workloadType', value='OPERATIONAL'}]}, electionId=null, setVersion=192, topologyVersion=TopologyVersion{processId=6985050dea09824c261ec9ba, counter=4}, lastWriteDate=Sat Feb 07 22:55:11 IST 2026, lastUpdateTimeNanos=266081007133100}
2026-02-07 22:55:11.274 [cluster-ClusterId{value='698722911465f555a771ac05', description='Cluster0'}-ac-ekkqvqw-shard-00-01.tzll3pi.mongodb.net:27017] INFO  org.mongodb.driver.cluster - Monitor thread successfully connected to server with description ServerDescription{address=ac-ekkqvqw-shard-00-01.tzll3pi.mongodb.net:27017, type=REPLICA_SET_SECONDARY, cryptd=false, state=CONNECTED, ok=true, minWireVersion=0, maxWireVersion=25, maxDocumentSize=16777216, logicalSessionTimeoutMinutes=30, roundTripTimeNanos=1031549201, minRoundTripTimeNanos=0, setName='atlas-b2qrri-shard-0', canonicalAddress=ac-ekkqvqw-shard-00-01.tzll3pi.mongodb.net:27017, hosts=[ac-ekkqvqw-shard-00-00.tzll3pi.mongodb.net:27017, ac-ekkqvqw-shard-00-01.tzll3pi.mongodb.net:27017, ac-ekkqvqw-shard-00-02.tzll3pi.mongodb.net:27017], passives=[], arbiters=[], primary='ac-ekkqvqw-shard-00-02.tzll3pi.mongodb.net:27017', tagSet=TagSet{[Tag{name='availabilityZone', value='aps1-az3'}, Tag{name='diskState', value='READY'}, Tag{name='nodeType', value='ELECTABLE'}, Tag{name='provider', value='AWS'}, Tag{name='region', value='AP_SOUTH_1'}, Tag{name='workloadType', value='OPERATIONAL'}]}, electionId=null, setVersion=192, topologyVersion=TopologyVersion{processId=698505c1864b3814516c91a0, counter=3}, lastWriteDate=Sat Feb 07 22:55:11 IST 2026, lastUpdateTimeNanos=266081007133100}
2026-02-07 22:55:11.274 [cluster-ClusterId{value='698722911465f555a771ac05', description='Cluster0'}-ac-ekkqvqw-shard-00-02.tzll3pi.mongodb.net:27017] INFO  org.mongodb.driver.cluster - Monitor thread successfully connected to server with description ServerDescription{address=ac-ekkqvqw-shard-00-02.tzll3pi.mongodb.net:27017, type=REPLICA_SET_PRIMARY, cryptd=false, state=CONNECTED, ok=true, minWireVersion=0, maxWireVersion=25, maxDocumentSize=16777216, logicalSessionTimeoutMinutes=30, roundTripTimeNanos=922743401, minRoundTripTimeNanos=0, setName='atlas-b2qrri-shard-0', canonicalAddress=ac-ekkqvqw-shard-00-02.tzll3pi.mongodb.net:27017, hosts=[ac-ekkqvqw-shard-00-00.tzll3pi.mongodb.net:27017, ac-ekkqvqw-shard-00-01.tzll3pi.mongodb.net:27017, ac-ekkqvqw-shard-00-02.tzll3pi.mongodb.net:27017], passives=[], arbiters=[], primary='ac-ekkqvqw-shard-00-02.tzll3pi.mongodb.net:27017', tagSet=TagSet{[Tag{name='availabilityZone', value='aps1-az2'}, Tag{name='diskState', value='READY'}, Tag{name='nodeType', value='ELECTABLE'}, Tag{name='provider', value='AWS'}, Tag{name='region', value='AP_SOUTH_1'}, Tag{name='workloadType', value='OPERATIONAL'}]}, electionId=7fffffff00000000000001f2, setVersion=192, topologyVersion=TopologyVersion{processId=69850566af57af3db5983b91, counter=6}, lastWriteDate=Sat Feb 07 22:55:11 IST 2026, lastUpdateTimeNanos=266081014046300}
2026-02-07 22:55:11.280 [cluster-ClusterId{value='698722911465f555a771ac05', description='Cluster0'}-ac-ekkqvqw-shard-00-02.tzll3pi.mongodb.net:27017] INFO  org.mongodb.driver.cluster - Discovered replica set primary ac-ekkqvqw-shard-00-02.tzll3pi.mongodb.net:27017 with max election id 7fffffff00000000000001f2 and max set version 192
2026-02-07 22:56:13.154 [SpringApplicationShutdownHook] INFO  o.s.b.w.e.tomcat.GracefulShutdown - Commencing graceful shutdown. Waiting for active requests to complete
2026-02-07 22:56:13.377 [tomcat-shutdown] INFO  o.s.b.w.e.tomcat.GracefulShutdown - Graceful shutdown complete
2026-02-07 22:56:13.444 [SpringApplicationShutdownHook] DEBUG o.s.s.c.ThreadPoolTaskScheduler - Shutting down ExecutorService 'taskScheduler'
2026-02-07 22:56:14.066 [SpringApplicationShutdownHook] DEBUG o.s.s.c.ThreadPoolTaskExecutor - Shutting down ExecutorService 'applicationTaskExecutor'
