2026-02-03 17:04:30.564 [background-preinit] INFO  o.h.validator.internal.util.Version - HV000001: Hibernate Validator 8.0.3.Final
2026-02-03 17:04:30.635 [main] INFO  c.a.journalApp.JournalApplication - Starting JournalApplication using Java 21.0.6 with PID 4832 (D:\SpringBoot\journalApp\target\classes started by aakas in D:\SpringBoot\journalApp)
2026-02-03 17:04:30.637 [main] INFO  c.a.journalApp.JournalApplication - The following 1 profile is active: "dev"
2026-02-03 17:04:31.518 [main] INFO  o.s.d.r.c.RepositoryConfigurationDelegate - Bootstrapping Spring Data MongoDB repositories in DEFAULT mode.
2026-02-03 17:04:31.567 [main] INFO  o.s.d.r.c.RepositoryConfigurationDelegate - Finished Spring Data repository scanning in 44 ms. Found 3 MongoDB repository interfaces.
2026-02-03 17:04:32.187 [main] INFO  o.s.b.w.e.tomcat.TomcatWebServer - Tomcat initialized with port 8080 (http)
2026-02-03 17:04:32.201 [main] INFO  o.a.coyote.http11.Http11NioProtocol - Initializing ProtocolHandler ["http-nio-8080"]
2026-02-03 17:04:32.205 [main] INFO  o.a.catalina.core.StandardService - Starting service [Tomcat]
2026-02-03 17:04:32.205 [main] INFO  o.a.catalina.core.StandardEngine - Starting Servlet engine: [Apache Tomcat/10.1.50]
2026-02-03 17:04:32.254 [main] INFO  o.a.c.c.C.[Tomcat].[localhost].[/] - Initializing Spring embedded WebApplicationContext
2026-02-03 17:04:32.255 [main] INFO  o.s.b.w.s.c.ServletWebServerApplicationContext - Root WebApplicationContext: initialization completed in 1558 ms
2026-02-03 17:04:32.659 [main] INFO  org.mongodb.driver.client - MongoClient with metadata {"application": {"name": "Cluster0"}, "driver": {"name": "mongo-java-driver|sync|spring-boot", "version": "5.5.2"}, "os": {"type": "Windows", "name": "Windows 11", "architecture": "amd64", "version": "10.0"}, "platform": "Java/Oracle Corporation/21.0.6+8-LTS-188"} created with settings MongoClientSettings{readPreference=primary, writeConcern=WriteConcern{w=null, wTimeout=null ms, journal=null}, retryWrites=true, retryReads=true, readConcern=ReadConcern{level=null}, credential=MongoCredential{mechanism=null, userName='aakashbhatt19_db_user', source='admin', password=<hidden>, mechanismProperties=<hidden>}, transportSettings=null, commandListeners=[], codecRegistry=ProvidersCodecRegistry{codecProviders=[ValueCodecProvider{}, BsonValueCodecProvider{}, DBRefCodecProvider{}, DBObjectCodecProvider{}, DocumentCodecProvider{}, CollectionCodecProvider{}, IterableCodecProvider{}, MapCodecProvider{}, GeoJsonCodecProvider{}, GridFSFileCodecProvider{}, Jsr310CodecProvider{}, JsonObjectCodecProvider{}, BsonCodecProvider{}, EnumCodecProvider{}, com.mongodb.client.model.mql.ExpressionCodecProvider@78c262ba, com.mongodb.Jep395RecordCodecProvider@7d2c9361, com.mongodb.KotlinCodecProvider@329dc214]}, loggerSettings=LoggerSettings{maxDocumentLength=1000}, clusterSettings={hosts=[127.0.0.1:27017], srvHost=cluster0.tzll3pi.mongodb.net, srvServiceName=mongodb, mode=MULTIPLE, requiredClusterType=REPLICA_SET, requiredReplicaSetName='atlas-b2qrri-shard-0', serverSelector='null', clusterListeners='[]', serverSelectionTimeout='30000 ms', localThreshold='15 ms'}, socketSettings=SocketSettings{connectTimeoutMS=10000, readTimeoutMS=0, receiveBufferSize=0, proxySettings=ProxySettings{host=null, port=null, username=null, password=null}}, heartbeatSocketSettings=SocketSettings{connectTimeoutMS=10000, readTimeoutMS=10000, receiveBufferSize=0, proxySettings=ProxySettings{host=null, port=null, username=null, password=null}}, connectionPoolSettings=ConnectionPoolSettings{maxSize=100, minSize=0, maxWaitTimeMS=120000, maxConnectionLifeTimeMS=0, maxConnectionIdleTimeMS=0, maintenanceInitialDelayMS=0, maintenanceFrequencyMS=60000, connectionPoolListeners=[], maxConnecting=2}, serverSettings=ServerSettings{heartbeatFrequencyMS=10000, minHeartbeatFrequencyMS=500, serverMonitoringMode=AUTO, serverListeners='[]', serverMonitorListeners='[]'}, sslSettings=SslSettings{enabled=true, invalidHostNameAllowed=false, context=null}, applicationName='Cluster0', compressorList=[], uuidRepresentation=JAVA_LEGACY, serverApi=null, autoEncryptionSettings=null, dnsClient=null, inetAddressResolver=null, contextProvider=null, timeoutMS=null}
2026-02-03 17:04:32.759 [cluster-ClusterId{value='6981dd48e7319c8d2772bd9a', description='Cluster0'}-srv-cluster0.tzll3pi.mongodb.net] INFO  org.mongodb.driver.cluster - Adding discovered server ac-ekkqvqw-shard-00-01.tzll3pi.mongodb.net:27017 to client view of cluster
2026-02-03 17:04:32.790 [cluster-ClusterId{value='6981dd48e7319c8d2772bd9a', description='Cluster0'}-srv-cluster0.tzll3pi.mongodb.net] INFO  org.mongodb.driver.cluster - Adding discovered server ac-ekkqvqw-shard-00-00.tzll3pi.mongodb.net:27017 to client view of cluster
2026-02-03 17:04:32.792 [cluster-ClusterId{value='6981dd48e7319c8d2772bd9a', description='Cluster0'}-srv-cluster0.tzll3pi.mongodb.net] INFO  org.mongodb.driver.cluster - Adding discovered server ac-ekkqvqw-shard-00-02.tzll3pi.mongodb.net:27017 to client view of cluster
2026-02-03 17:04:32.990 [main] INFO  org.mongodb.driver.cluster - Waiting for server to become available for operation with ID 5. Remaining time: 29994 ms. Selector: WritableServerSelector, topology description: {type=REPLICA_SET, servers=[{address=ac-ekkqvqw-shard-00-00.tzll3pi.mongodb.net:27017, type=UNKNOWN, state=CONNECTING}, {address=ac-ekkqvqw-shard-00-02.tzll3pi.mongodb.net:27017, type=UNKNOWN, state=CONNECTING}, {address=ac-ekkqvqw-shard-00-01.tzll3pi.mongodb.net:27017, type=UNKNOWN, state=CONNECTING}].
2026-02-03 17:04:33.343 [cluster-ClusterId{value='6981dd48e7319c8d2772bd9a', description='Cluster0'}-ac-ekkqvqw-shard-00-01.tzll3pi.mongodb.net:27017] INFO  org.mongodb.driver.cluster - Exception in monitor thread while connecting to server ac-ekkqvqw-shard-00-01.tzll3pi.mongodb.net:27017
com.mongodb.MongoSocketWriteException: Exception sending message
	at com.mongodb.internal.connection.InternalStreamConnection.throwTranslatedWriteException(InternalStreamConnection.java:785)
	at com.mongodb.internal.connection.InternalStreamConnection.sendMessage(InternalStreamConnection.java:670)
	at com.mongodb.internal.connection.InternalStreamConnection.trySendMessage(InternalStreamConnection.java:507)
	at com.mongodb.internal.connection.InternalStreamConnection.sendCommandMessage(InternalStreamConnection.java:482)
	at com.mongodb.internal.connection.InternalStreamConnection.sendAndReceiveInternal(InternalStreamConnection.java:440)
	at com.mongodb.internal.connection.InternalStreamConnection.lambda$sendAndReceive$0(InternalStreamConnection.java:375)
	at com.mongodb.internal.connection.InternalStreamConnection.sendAndReceive(InternalStreamConnection.java:378)
	at com.mongodb.internal.connection.CommandHelper.sendAndReceive(CommandHelper.java:100)
	at com.mongodb.internal.connection.CommandHelper.executeCommand(CommandHelper.java:49)
	at com.mongodb.internal.connection.InternalStreamConnectionInitializer.initializeConnectionDescription(InternalStreamConnectionInitializer.java:144)
	at com.mongodb.internal.connection.InternalStreamConnectionInitializer.startHandshake(InternalStreamConnectionInitializer.java:79)
	at com.mongodb.internal.connection.InternalStreamConnection.open(InternalStreamConnection.java:235)
	at com.mongodb.internal.connection.DefaultServerMonitor$ServerMonitor.lookupServerDescription(DefaultServerMonitor.java:219)
	at com.mongodb.internal.connection.DefaultServerMonitor$ServerMonitor.run(DefaultServerMonitor.java:176)
Caused by: javax.net.ssl.SSLException: Received fatal alert: internal_error
	at java.base/sun.security.ssl.Alert.createSSLException(Alert.java:132)
	at java.base/sun.security.ssl.Alert.createSSLException(Alert.java:117)
	at java.base/sun.security.ssl.TransportContext.fatal(TransportContext.java:370)
	at java.base/sun.security.ssl.Alert$AlertConsumer.consume(Alert.java:287)
	at java.base/sun.security.ssl.TransportContext.dispatch(TransportContext.java:209)
	at java.base/sun.security.ssl.SSLTransport.decode(SSLTransport.java:172)
	at java.base/sun.security.ssl.SSLSocketImpl.decode(SSLSocketImpl.java:1506)
	at java.base/sun.security.ssl.SSLSocketImpl.readHandshakeRecord(SSLSocketImpl.java:1421)
	at java.base/sun.security.ssl.SSLSocketImpl.startHandshake(SSLSocketImpl.java:455)
	at java.base/sun.security.ssl.SSLSocketImpl.ensureNegotiated(SSLSocketImpl.java:922)
	at java.base/sun.security.ssl.SSLSocketImpl$AppOutputStream.write(SSLSocketImpl.java:1291)
	at com.mongodb.internal.connection.SocketStream.write(SocketStream.java:165)
	at com.mongodb.internal.connection.InternalStreamConnection.sendMessage(InternalStreamConnection.java:667)
	... 12 common frames omitted
2026-02-03 17:04:33.360 [cluster-ClusterId{value='6981dd48e7319c8d2772bd9a', description='Cluster0'}-ac-ekkqvqw-shard-00-00.tzll3pi.mongodb.net:27017] INFO  org.mongodb.driver.cluster - Exception in monitor thread while connecting to server ac-ekkqvqw-shard-00-00.tzll3pi.mongodb.net:27017
com.mongodb.MongoSocketWriteException: Exception sending message
	at com.mongodb.internal.connection.InternalStreamConnection.throwTranslatedWriteException(InternalStreamConnection.java:785)
	at com.mongodb.internal.connection.InternalStreamConnection.sendMessage(InternalStreamConnection.java:670)
	at com.mongodb.internal.connection.InternalStreamConnection.trySendMessage(InternalStreamConnection.java:507)
	at com.mongodb.internal.connection.InternalStreamConnection.sendCommandMessage(InternalStreamConnection.java:482)
	at com.mongodb.internal.connection.InternalStreamConnection.sendAndReceiveInternal(InternalStreamConnection.java:440)
	at com.mongodb.internal.connection.InternalStreamConnection.lambda$sendAndReceive$0(InternalStreamConnection.java:375)
	at com.mongodb.internal.connection.InternalStreamConnection.sendAndReceive(InternalStreamConnection.java:378)
	at com.mongodb.internal.connection.CommandHelper.sendAndReceive(CommandHelper.java:100)
	at com.mongodb.internal.connection.CommandHelper.executeCommand(CommandHelper.java:49)
	at com.mongodb.internal.connection.InternalStreamConnectionInitializer.initializeConnectionDescription(InternalStreamConnectionInitializer.java:144)
	at com.mongodb.internal.connection.InternalStreamConnectionInitializer.startHandshake(InternalStreamConnectionInitializer.java:79)
	at com.mongodb.internal.connection.InternalStreamConnection.open(InternalStreamConnection.java:235)
	at com.mongodb.internal.connection.DefaultServerMonitor$ServerMonitor.lookupServerDescription(DefaultServerMonitor.java:219)
	at com.mongodb.internal.connection.DefaultServerMonitor$ServerMonitor.run(DefaultServerMonitor.java:176)
Caused by: javax.net.ssl.SSLException: Received fatal alert: internal_error
	at java.base/sun.security.ssl.Alert.createSSLException(Alert.java:132)
	at java.base/sun.security.ssl.Alert.createSSLException(Alert.java:117)
	at java.base/sun.security.ssl.TransportContext.fatal(TransportContext.java:370)
	at java.base/sun.security.ssl.Alert$AlertConsumer.consume(Alert.java:287)
	at java.base/sun.security.ssl.TransportContext.dispatch(TransportContext.java:209)
	at java.base/sun.security.ssl.SSLTransport.decode(SSLTransport.java:172)
	at java.base/sun.security.ssl.SSLSocketImpl.decode(SSLSocketImpl.java:1506)
	at java.base/sun.security.ssl.SSLSocketImpl.readHandshakeRecord(SSLSocketImpl.java:1421)
	at java.base/sun.security.ssl.SSLSocketImpl.startHandshake(SSLSocketImpl.java:455)
	at java.base/sun.security.ssl.SSLSocketImpl.ensureNegotiated(SSLSocketImpl.java:922)
	at java.base/sun.security.ssl.SSLSocketImpl$AppOutputStream.write(SSLSocketImpl.java:1291)
	at com.mongodb.internal.connection.SocketStream.write(SocketStream.java:165)
	at com.mongodb.internal.connection.InternalStreamConnection.sendMessage(InternalStreamConnection.java:667)
	... 12 common frames omitted
2026-02-03 17:04:33.360 [cluster-ClusterId{value='6981dd48e7319c8d2772bd9a', description='Cluster0'}-ac-ekkqvqw-shard-00-02.tzll3pi.mongodb.net:27017] INFO  org.mongodb.driver.cluster - Exception in monitor thread while connecting to server ac-ekkqvqw-shard-00-02.tzll3pi.mongodb.net:27017
com.mongodb.MongoSocketWriteException: Exception sending message
	at com.mongodb.internal.connection.InternalStreamConnection.throwTranslatedWriteException(InternalStreamConnection.java:785)
	at com.mongodb.internal.connection.InternalStreamConnection.sendMessage(InternalStreamConnection.java:670)
	at com.mongodb.internal.connection.InternalStreamConnection.trySendMessage(InternalStreamConnection.java:507)
	at com.mongodb.internal.connection.InternalStreamConnection.sendCommandMessage(InternalStreamConnection.java:482)
	at com.mongodb.internal.connection.InternalStreamConnection.sendAndReceiveInternal(InternalStreamConnection.java:440)
	at com.mongodb.internal.connection.InternalStreamConnection.lambda$sendAndReceive$0(InternalStreamConnection.java:375)
	at com.mongodb.internal.connection.InternalStreamConnection.sendAndReceive(InternalStreamConnection.java:378)
	at com.mongodb.internal.connection.CommandHelper.sendAndReceive(CommandHelper.java:100)
	at com.mongodb.internal.connection.CommandHelper.executeCommand(CommandHelper.java:49)
	at com.mongodb.internal.connection.InternalStreamConnectionInitializer.initializeConnectionDescription(InternalStreamConnectionInitializer.java:144)
	at com.mongodb.internal.connection.InternalStreamConnectionInitializer.startHandshake(InternalStreamConnectionInitializer.java:79)
	at com.mongodb.internal.connection.InternalStreamConnection.open(InternalStreamConnection.java:235)
	at com.mongodb.internal.connection.DefaultServerMonitor$ServerMonitor.lookupServerDescription(DefaultServerMonitor.java:219)
	at com.mongodb.internal.connection.DefaultServerMonitor$ServerMonitor.run(DefaultServerMonitor.java:176)
Caused by: javax.net.ssl.SSLException: Received fatal alert: internal_error
	at java.base/sun.security.ssl.Alert.createSSLException(Alert.java:132)
	at java.base/sun.security.ssl.Alert.createSSLException(Alert.java:117)
	at java.base/sun.security.ssl.TransportContext.fatal(TransportContext.java:370)
	at java.base/sun.security.ssl.Alert$AlertConsumer.consume(Alert.java:287)
	at java.base/sun.security.ssl.TransportContext.dispatch(TransportContext.java:209)
	at java.base/sun.security.ssl.SSLTransport.decode(SSLTransport.java:172)
	at java.base/sun.security.ssl.SSLSocketImpl.decode(SSLSocketImpl.java:1506)
	at java.base/sun.security.ssl.SSLSocketImpl.readHandshakeRecord(SSLSocketImpl.java:1421)
	at java.base/sun.security.ssl.SSLSocketImpl.startHandshake(SSLSocketImpl.java:455)
	at java.base/sun.security.ssl.SSLSocketImpl.ensureNegotiated(SSLSocketImpl.java:922)
	at java.base/sun.security.ssl.SSLSocketImpl$AppOutputStream.write(SSLSocketImpl.java:1291)
	at com.mongodb.internal.connection.SocketStream.write(SocketStream.java:165)
	at com.mongodb.internal.connection.InternalStreamConnection.sendMessage(InternalStreamConnection.java:667)
	... 12 common frames omitted
2026-02-03 17:05:03.017 [main] WARN  o.s.b.w.s.c.AnnotationConfigServletWebServerApplicationContext - Exception encountered during context initialization - cancelling refresh attempt: org.springframework.beans.factory.UnsatisfiedDependencyException: Error creating bean with name 'appCache': Unsatisfied dependency expressed through field 'config_Journal_AppRepository': Error creating bean with name 'config_Journal_AppRepository' defined in com.aakiproject.journalApp.repository.Config_Journal_AppRepository defined in @EnableMongoRepositories declared on MongoRepositoriesRegistrar.EnableMongoRepositoriesConfiguration: Cannot resolve reference to bean 'mongoTemplate' while setting bean property 'mongoOperations'
2026-02-03 17:05:03.028 [main] INFO  o.a.catalina.core.StandardService - Stopping service [Tomcat]
2026-02-03 17:05:03.067 [main] INFO  o.s.b.a.l.ConditionEvaluationReportLogger - 

Error starting ApplicationContext. To display the condition evaluation report re-run your application with 'debug' enabled.
2026-02-03 17:05:03.102 [main] ERROR o.s.boot.SpringApplication - Application run failed
org.springframework.beans.factory.UnsatisfiedDependencyException: Error creating bean with name 'appCache': Unsatisfied dependency expressed through field 'config_Journal_AppRepository': Error creating bean with name 'config_Journal_AppRepository' defined in com.aakiproject.journalApp.repository.Config_Journal_AppRepository defined in @EnableMongoRepositories declared on MongoRepositoriesRegistrar.EnableMongoRepositoriesConfiguration: Cannot resolve reference to bean 'mongoTemplate' while setting bean property 'mongoOperations'
	at org.springframework.beans.factory.annotation.AutowiredAnnotationBeanPostProcessor$AutowiredFieldElement.resolveFieldValue(AutowiredAnnotationBeanPostProcessor.java:787)
	at org.springframework.beans.factory.annotation.AutowiredAnnotationBeanPostProcessor$AutowiredFieldElement.inject(AutowiredAnnotationBeanPostProcessor.java:767)
	at org.springframework.beans.factory.annotation.InjectionMetadata.inject(InjectionMetadata.java:146)
	at org.springframework.beans.factory.annotation.AutowiredAnnotationBeanPostProcessor.postProcessProperties(AutowiredAnnotationBeanPostProcessor.java:509)
	at org.springframework.beans.factory.support.AbstractAutowireCapableBeanFactory.populateBean(AbstractAutowireCapableBeanFactory.java:1459)
	at org.springframework.beans.factory.support.AbstractAutowireCapableBeanFactory.doCreateBean(AbstractAutowireCapableBeanFactory.java:606)
	at org.springframework.beans.factory.support.AbstractAutowireCapableBeanFactory.createBean(AbstractAutowireCapableBeanFactory.java:529)
	at org.springframework.beans.factory.support.AbstractBeanFactory.lambda$doGetBean$0(AbstractBeanFactory.java:339)
	at org.springframework.beans.factory.support.DefaultSingletonBeanRegistry.getSingleton(DefaultSingletonBeanRegistry.java:373)
	at org.springframework.beans.factory.support.AbstractBeanFactory.doGetBean(AbstractBeanFactory.java:337)
	at org.springframework.beans.factory.support.AbstractBeanFactory.getBean(AbstractBeanFactory.java:202)
	at org.springframework.beans.factory.support.DefaultListableBeanFactory.instantiateSingleton(DefaultListableBeanFactory.java:1228)
	at org.springframework.beans.factory.support.DefaultListableBeanFactory.preInstantiateSingleton(DefaultListableBeanFactory.java:1194)
	at org.springframework.beans.factory.support.DefaultListableBeanFactory.preInstantiateSingletons(DefaultListableBeanFactory.java:1130)
	at org.springframework.context.support.AbstractApplicationContext.finishBeanFactoryInitialization(AbstractApplicationContext.java:990)
	at org.springframework.context.support.AbstractApplicationContext.refresh(AbstractApplicationContext.java:627)
	at org.springframework.boot.web.servlet.context.ServletWebServerApplicationContext.refresh(ServletWebServerApplicationContext.java:146)
	at org.springframework.boot.SpringApplication.refresh(SpringApplication.java:752)
	at org.springframework.boot.SpringApplication.refreshContext(SpringApplication.java:439)
	at org.springframework.boot.SpringApplication.run(SpringApplication.java:318)
	at org.springframework.boot.SpringApplication.run(SpringApplication.java:1361)
	at org.springframework.boot.SpringApplication.run(SpringApplication.java:1350)
	at com.aakiproject.journalApp.JournalApplication.main(JournalApplication.java:19)
Caused by: org.springframework.beans.factory.BeanCreationException: Error creating bean with name 'config_Journal_AppRepository' defined in com.aakiproject.journalApp.repository.Config_Journal_AppRepository defined in @EnableMongoRepositories declared on MongoRepositoriesRegistrar.EnableMongoRepositoriesConfiguration: Cannot resolve reference to bean 'mongoTemplate' while setting bean property 'mongoOperations'
	at org.springframework.beans.factory.support.BeanDefinitionValueResolver.resolveReference(BeanDefinitionValueResolver.java:377)
	at org.springframework.beans.factory.support.BeanDefinitionValueResolver.resolveValueIfNecessary(BeanDefinitionValueResolver.java:135)
	at org.springframework.beans.factory.support.AbstractAutowireCapableBeanFactory.applyPropertyValues(AbstractAutowireCapableBeanFactory.java:1725)
	at org.springframework.beans.factory.support.AbstractAutowireCapableBeanFactory.populateBean(AbstractAutowireCapableBeanFactory.java:1474)
	at org.springframework.beans.factory.support.AbstractAutowireCapableBeanFactory.doCreateBean(AbstractAutowireCapableBeanFactory.java:606)
	at org.springframework.beans.factory.support.AbstractAutowireCapableBeanFactory.createBean(AbstractAutowireCapableBeanFactory.java:529)
	at org.springframework.beans.factory.support.AbstractBeanFactory.lambda$doGetBean$0(AbstractBeanFactory.java:339)
	at org.springframework.beans.factory.support.DefaultSingletonBeanRegistry.getSingleton(DefaultSingletonBeanRegistry.java:373)
	at org.springframework.beans.factory.support.AbstractBeanFactory.doGetBean(AbstractBeanFactory.java:337)
	at org.springframework.beans.factory.support.AbstractBeanFactory.getBean(AbstractBeanFactory.java:202)
	at org.springframework.beans.factory.support.DefaultListableBeanFactory.doResolveDependency(DefaultListableBeanFactory.java:1708)
	at org.springframework.beans.factory.support.DefaultListableBeanFactory.resolveDependency(DefaultListableBeanFactory.java:1653)
	at org.springframework.beans.factory.annotation.AutowiredAnnotationBeanPostProcessor$AutowiredFieldElement.resolveFieldValue(AutowiredAnnotationBeanPostProcessor.java:784)
	... 22 common frames omitted
Caused by: org.springframework.beans.factory.BeanCreationException: Error creating bean with name 'mongoTemplate' defined in class path resource [org/springframework/boot/autoconfigure/data/mongo/MongoDatabaseFactoryDependentConfiguration.class]: Failed to instantiate [org.springframework.data.mongodb.core.MongoTemplate]: Factory method 'mongoTemplate' threw exception with message: Timed out while waiting for a server that matches WritableServerSelector. Client view of cluster state is {type=REPLICA_SET, servers=[{address=ac-ekkqvqw-shard-00-00.tzll3pi.mongodb.net:27017, type=UNKNOWN, state=CONNECTING, exception={com.mongodb.MongoSocketWriteException: Exception sending message}, caused by {javax.net.ssl.SSLException: Received fatal alert: internal_error}}, {address=ac-ekkqvqw-shard-00-02.tzll3pi.mongodb.net:27017, type=UNKNOWN, state=CONNECTING, exception={com.mongodb.MongoSocketWriteException: Exception sending message}, caused by {javax.net.ssl.SSLException: Received fatal alert: internal_error}}, {address=ac-ekkqvqw-shard-00-01.tzll3pi.mongodb.net:27017, type=UNKNOWN, state=CONNECTING, exception={com.mongodb.MongoSocketWriteException: Exception sending message}, caused by {javax.net.ssl.SSLException: Received fatal alert: internal_error}}]
	at org.springframework.beans.factory.support.ConstructorResolver.instantiate(ConstructorResolver.java:657)
	at org.springframework.beans.factory.support.ConstructorResolver.instantiateUsingFactoryMethod(ConstructorResolver.java:645)
	at org.springframework.beans.factory.support.AbstractAutowireCapableBeanFactory.instantiateUsingFactoryMethod(AbstractAutowireCapableBeanFactory.java:1375)
	at org.springframework.beans.factory.support.AbstractAutowireCapableBeanFactory.createBeanInstance(AbstractAutowireCapableBeanFactory.java:1205)
	at org.springframework.beans.factory.support.AbstractAutowireCapableBeanFactory.doCreateBean(AbstractAutowireCapableBeanFactory.java:569)
	at org.springframework.beans.factory.support.AbstractAutowireCapableBeanFactory.createBean(AbstractAutowireCapableBeanFactory.java:529)
	at org.springframework.beans.factory.support.AbstractBeanFactory.lambda$doGetBean$0(AbstractBeanFactory.java:339)
	at org.springframework.beans.factory.support.DefaultSingletonBeanRegistry.getSingleton(DefaultSingletonBeanRegistry.java:373)
	at org.springframework.beans.factory.support.AbstractBeanFactory.doGetBean(AbstractBeanFactory.java:337)
	at org.springframework.beans.factory.support.AbstractBeanFactory.getBean(AbstractBeanFactory.java:202)
	at org.springframework.beans.factory.support.BeanDefinitionValueResolver.resolveReference(BeanDefinitionValueResolver.java:365)
	... 34 common frames omitted
Caused by: org.springframework.beans.BeanInstantiationException: Failed to instantiate [org.springframework.data.mongodb.core.MongoTemplate]: Factory method 'mongoTemplate' threw exception with message: Timed out while waiting for a server that matches WritableServerSelector. Client view of cluster state is {type=REPLICA_SET, servers=[{address=ac-ekkqvqw-shard-00-00.tzll3pi.mongodb.net:27017, type=UNKNOWN, state=CONNECTING, exception={com.mongodb.MongoSocketWriteException: Exception sending message}, caused by {javax.net.ssl.SSLException: Received fatal alert: internal_error}}, {address=ac-ekkqvqw-shard-00-02.tzll3pi.mongodb.net:27017, type=UNKNOWN, state=CONNECTING, exception={com.mongodb.MongoSocketWriteException: Exception sending message}, caused by {javax.net.ssl.SSLException: Received fatal alert: internal_error}}, {address=ac-ekkqvqw-shard-00-01.tzll3pi.mongodb.net:27017, type=UNKNOWN, state=CONNECTING, exception={com.mongodb.MongoSocketWriteException: Exception sending message}, caused by {javax.net.ssl.SSLException: Received fatal alert: internal_error}}]
	at org.springframework.beans.factory.support.SimpleInstantiationStrategy.lambda$instantiate$0(SimpleInstantiationStrategy.java:200)
	at org.springframework.beans.factory.support.SimpleInstantiationStrategy.instantiateWithFactoryMethod(SimpleInstantiationStrategy.java:89)
	at org.springframework.beans.factory.support.SimpleInstantiationStrategy.instantiate(SimpleInstantiationStrategy.java:169)
	at org.springframework.beans.factory.support.ConstructorResolver.instantiate(ConstructorResolver.java:653)
	... 44 common frames omitted
Caused by: org.springframework.dao.DataAccessResourceFailureException: Timed out while waiting for a server that matches WritableServerSelector. Client view of cluster state is {type=REPLICA_SET, servers=[{address=ac-ekkqvqw-shard-00-00.tzll3pi.mongodb.net:27017, type=UNKNOWN, state=CONNECTING, exception={com.mongodb.MongoSocketWriteException: Exception sending message}, caused by {javax.net.ssl.SSLException: Received fatal alert: internal_error}}, {address=ac-ekkqvqw-shard-00-02.tzll3pi.mongodb.net:27017, type=UNKNOWN, state=CONNECTING, exception={com.mongodb.MongoSocketWriteException: Exception sending message}, caused by {javax.net.ssl.SSLException: Received fatal alert: internal_error}}, {address=ac-ekkqvqw-shard-00-01.tzll3pi.mongodb.net:27017, type=UNKNOWN, state=CONNECTING, exception={com.mongodb.MongoSocketWriteException: Exception sending message}, caused by {javax.net.ssl.SSLException: Received fatal alert: internal_error}}]
	at org.springframework.data.mongodb.core.MongoExceptionTranslator.doTranslateException(MongoExceptionTranslator.java:97)
	at org.springframework.data.mongodb.core.MongoExceptionTranslator.translateExceptionIfPossible(MongoExceptionTranslator.java:74)
	at org.springframework.data.mongodb.core.MongoTemplate.potentiallyConvertRuntimeException(MongoTemplate.java:3043)
	at org.springframework.data.mongodb.core.MongoTemplate.execute(MongoTemplate.java:618)
	at org.springframework.data.mongodb.core.DefaultIndexOperations.execute(DefaultIndexOperations.java:216)
	at org.springframework.data.mongodb.core.DefaultIndexOperations.createIndex(DefaultIndexOperations.java:120)
	at org.springframework.data.mongodb.core.index.IndexOperations.ensureIndex(IndexOperations.java:40)
	at org.springframework.data.mongodb.core.index.MongoPersistentEntityIndexCreator.createIndex(MongoPersistentEntityIndexCreator.java:152)
	at org.springframework.data.mongodb.core.index.MongoPersistentEntityIndexCreator.checkForAndCreateIndexes(MongoPersistentEntityIndexCreator.java:142)
	at org.springframework.data.mongodb.core.index.MongoPersistentEntityIndexCreator.checkForIndexes(MongoPersistentEntityIndexCreator.java:126)
	at org.springframework.data.mongodb.core.index.MongoPersistentEntityIndexCreator.<init>(MongoPersistentEntityIndexCreator.java:95)
	at org.springframework.data.mongodb.core.index.MongoPersistentEntityIndexCreator.<init>(MongoPersistentEntityIndexCreator.java:72)
	at org.springframework.data.mongodb.core.MongoTemplate.<init>(MongoTemplate.java:278)
	at org.springframework.boot.autoconfigure.data.mongo.MongoDatabaseFactoryDependentConfiguration.mongoTemplate(MongoDatabaseFactoryDependentConfiguration.java:56)
	at java.base/jdk.internal.reflect.DirectMethodHandleAccessor.invoke(DirectMethodHandleAccessor.java:103)
	at java.base/java.lang.reflect.Method.invoke(Method.java:580)
	at org.springframework.beans.factory.support.SimpleInstantiationStrategy.lambda$instantiate$0(SimpleInstantiationStrategy.java:172)
	... 47 common frames omitted
Caused by: com.mongodb.MongoTimeoutException: Timed out while waiting for a server that matches WritableServerSelector. Client view of cluster state is {type=REPLICA_SET, servers=[{address=ac-ekkqvqw-shard-00-00.tzll3pi.mongodb.net:27017, type=UNKNOWN, state=CONNECTING, exception={com.mongodb.MongoSocketWriteException: Exception sending message}, caused by {javax.net.ssl.SSLException: Received fatal alert: internal_error}}, {address=ac-ekkqvqw-shard-00-02.tzll3pi.mongodb.net:27017, type=UNKNOWN, state=CONNECTING, exception={com.mongodb.MongoSocketWriteException: Exception sending message}, caused by {javax.net.ssl.SSLException: Received fatal alert: internal_error}}, {address=ac-ekkqvqw-shard-00-01.tzll3pi.mongodb.net:27017, type=UNKNOWN, state=CONNECTING, exception={com.mongodb.MongoSocketWriteException: Exception sending message}, caused by {javax.net.ssl.SSLException: Received fatal alert: internal_error}}]
	at com.mongodb.internal.connection.BaseCluster.logAndThrowTimeoutException(BaseCluster.java:427)
	at com.mongodb.internal.connection.BaseCluster.lambda$selectServer$0(BaseCluster.java:154)
	at com.mongodb.internal.time.Timeout.lambda$onExistsAndExpired$16(Timeout.java:236)
	at com.mongodb.internal.time.Timeout.lambda$run$10(Timeout.java:201)
	at com.mongodb.internal.time.TimePoint.checkedCall(TimePoint.java:99)
	at com.mongodb.internal.time.Timeout.call(Timeout.java:174)
	at com.mongodb.internal.time.Timeout.run(Timeout.java:194)
	at com.mongodb.internal.time.Timeout.onExistsAndExpired(Timeout.java:233)
	at com.mongodb.internal.time.Timeout.onExpired(Timeout.java:226)
	at com.mongodb.internal.connection.BaseCluster.selectServer(BaseCluster.java:153)
	at com.mongodb.internal.connection.AbstractMultiServerCluster.selectServer(AbstractMultiServerCluster.java:59)
	at com.mongodb.internal.binding.ClusterBinding.getWriteConnectionSource(ClusterBinding.java:100)
	at com.mongodb.client.internal.ClientSessionBinding.getConnectionSource(ClientSessionBinding.java:108)
	at com.mongodb.client.internal.ClientSessionBinding.getWriteConnectionSource(ClientSessionBinding.java:98)
	at com.mongodb.internal.operation.SyncOperationHelper.withSuppliedResource(SyncOperationHelper.java:148)
	at com.mongodb.internal.operation.SyncOperationHelper.withSourceAndConnection(SyncOperationHelper.java:129)
	at com.mongodb.internal.operation.SyncOperationHelper.executeCommand(SyncOperationHelper.java:207)
	at com.mongodb.internal.operation.CreateIndexesOperation.execute(CreateIndexesOperation.java:105)
	at com.mongodb.internal.operation.CreateIndexesOperation.execute(CreateIndexesOperation.java:60)
	at com.mongodb.client.internal.MongoClusterImpl$OperationExecutorImpl.execute(MongoClusterImpl.java:446)
	at com.mongodb.client.internal.MongoCollectionImpl.executeCreateIndexes(MongoCollectionImpl.java:941)
	at com.mongodb.client.internal.MongoCollectionImpl.createIndexes(MongoCollectionImpl.java:923)
	at com.mongodb.client.internal.MongoCollectionImpl.createIndexes(MongoCollectionImpl.java:918)
	at com.mongodb.client.internal.MongoCollectionImpl.createIndex(MongoCollectionImpl.java:903)
	at org.springframework.data.mongodb.core.DefaultIndexOperations.lambda$createIndex$0(DefaultIndexOperations.java:130)
	at org.springframework.data.mongodb.core.MongoTemplate.execute(MongoTemplate.java:616)
	... 60 common frames omitted
2026-02-03 17:06:28.041 [background-preinit] INFO  o.h.validator.internal.util.Version - HV000001: Hibernate Validator 8.0.3.Final
2026-02-03 17:06:28.113 [main] INFO  c.a.journalApp.JournalApplication - Starting JournalApplication using Java 21.0.6 with PID 15092 (D:\SpringBoot\journalApp\target\classes started by aakas in D:\SpringBoot\journalApp)
2026-02-03 17:06:28.114 [main] INFO  c.a.journalApp.JournalApplication - The following 1 profile is active: "dev"
2026-02-03 17:06:28.798 [main] INFO  o.s.d.r.c.RepositoryConfigurationDelegate - Bootstrapping Spring Data MongoDB repositories in DEFAULT mode.
2026-02-03 17:06:28.863 [main] INFO  o.s.d.r.c.RepositoryConfigurationDelegate - Finished Spring Data repository scanning in 55 ms. Found 3 MongoDB repository interfaces.
2026-02-03 17:06:29.437 [main] INFO  o.s.b.w.e.tomcat.TomcatWebServer - Tomcat initialized with port 8080 (http)
2026-02-03 17:06:29.459 [main] INFO  o.a.coyote.http11.Http11NioProtocol - Initializing ProtocolHandler ["http-nio-8080"]
2026-02-03 17:06:29.463 [main] INFO  o.a.catalina.core.StandardService - Starting service [Tomcat]
2026-02-03 17:06:29.463 [main] INFO  o.a.catalina.core.StandardEngine - Starting Servlet engine: [Apache Tomcat/10.1.50]
2026-02-03 17:06:29.518 [main] INFO  o.a.c.c.C.[Tomcat].[localhost].[/] - Initializing Spring embedded WebApplicationContext
2026-02-03 17:06:29.519 [main] INFO  o.s.b.w.s.c.ServletWebServerApplicationContext - Root WebApplicationContext: initialization completed in 1361 ms
2026-02-03 17:06:29.910 [main] INFO  org.mongodb.driver.client - MongoClient with metadata {"application": {"name": "Cluster0"}, "driver": {"name": "mongo-java-driver|sync|spring-boot", "version": "5.5.2"}, "os": {"type": "Windows", "name": "Windows 11", "architecture": "amd64", "version": "10.0"}, "platform": "Java/Oracle Corporation/21.0.6+8-LTS-188"} created with settings MongoClientSettings{readPreference=primary, writeConcern=WriteConcern{w=null, wTimeout=null ms, journal=null}, retryWrites=true, retryReads=true, readConcern=ReadConcern{level=null}, credential=MongoCredential{mechanism=null, userName='aakashbhatt19_db_user', source='admin', password=<hidden>, mechanismProperties=<hidden>}, transportSettings=null, commandListeners=[], codecRegistry=ProvidersCodecRegistry{codecProviders=[ValueCodecProvider{}, BsonValueCodecProvider{}, DBRefCodecProvider{}, DBObjectCodecProvider{}, DocumentCodecProvider{}, CollectionCodecProvider{}, IterableCodecProvider{}, MapCodecProvider{}, GeoJsonCodecProvider{}, GridFSFileCodecProvider{}, Jsr310CodecProvider{}, JsonObjectCodecProvider{}, BsonCodecProvider{}, EnumCodecProvider{}, com.mongodb.client.model.mql.ExpressionCodecProvider@5ba1b62e, com.mongodb.Jep395RecordCodecProvider@65bd19bf, com.mongodb.KotlinCodecProvider@74697863]}, loggerSettings=LoggerSettings{maxDocumentLength=1000}, clusterSettings={hosts=[127.0.0.1:27017], srvHost=cluster0.tzll3pi.mongodb.net, srvServiceName=mongodb, mode=MULTIPLE, requiredClusterType=REPLICA_SET, requiredReplicaSetName='atlas-b2qrri-shard-0', serverSelector='null', clusterListeners='[]', serverSelectionTimeout='30000 ms', localThreshold='15 ms'}, socketSettings=SocketSettings{connectTimeoutMS=10000, readTimeoutMS=0, receiveBufferSize=0, proxySettings=ProxySettings{host=null, port=null, username=null, password=null}}, heartbeatSocketSettings=SocketSettings{connectTimeoutMS=10000, readTimeoutMS=10000, receiveBufferSize=0, proxySettings=ProxySettings{host=null, port=null, username=null, password=null}}, connectionPoolSettings=ConnectionPoolSettings{maxSize=100, minSize=0, maxWaitTimeMS=120000, maxConnectionLifeTimeMS=0, maxConnectionIdleTimeMS=0, maintenanceInitialDelayMS=0, maintenanceFrequencyMS=60000, connectionPoolListeners=[], maxConnecting=2}, serverSettings=ServerSettings{heartbeatFrequencyMS=10000, minHeartbeatFrequencyMS=500, serverMonitoringMode=AUTO, serverListeners='[]', serverMonitorListeners='[]'}, sslSettings=SslSettings{enabled=true, invalidHostNameAllowed=false, context=null}, applicationName='Cluster0', compressorList=[], uuidRepresentation=JAVA_LEGACY, serverApi=null, autoEncryptionSettings=null, dnsClient=null, inetAddressResolver=null, contextProvider=null, timeoutMS=null}
2026-02-03 17:06:30.158 [main] INFO  org.mongodb.driver.cluster - Waiting for server to become available for operation with ID 2. Remaining time: 29991 ms. Selector: WritableServerSelector, topology description: {type=UNKNOWN, servers=[].
2026-02-03 17:06:30.379 [cluster-ClusterId{value='6981ddbdba1a4719adf5b373', description='Cluster0'}-srv-cluster0.tzll3pi.mongodb.net] INFO  org.mongodb.driver.cluster - Adding discovered server ac-ekkqvqw-shard-00-01.tzll3pi.mongodb.net:27017 to client view of cluster
2026-02-03 17:06:30.411 [cluster-ClusterId{value='6981ddbdba1a4719adf5b373', description='Cluster0'}-srv-cluster0.tzll3pi.mongodb.net] INFO  org.mongodb.driver.cluster - Adding discovered server ac-ekkqvqw-shard-00-00.tzll3pi.mongodb.net:27017 to client view of cluster
2026-02-03 17:06:30.415 [cluster-ClusterId{value='6981ddbdba1a4719adf5b373', description='Cluster0'}-srv-cluster0.tzll3pi.mongodb.net] INFO  org.mongodb.driver.cluster - Adding discovered server ac-ekkqvqw-shard-00-02.tzll3pi.mongodb.net:27017 to client view of cluster
2026-02-03 17:06:31.066 [cluster-ClusterId{value='6981ddbdba1a4719adf5b373', description='Cluster0'}-ac-ekkqvqw-shard-00-00.tzll3pi.mongodb.net:27017] INFO  org.mongodb.driver.cluster - Monitor thread successfully connected to server with description ServerDescription{address=ac-ekkqvqw-shard-00-00.tzll3pi.mongodb.net:27017, type=REPLICA_SET_SECONDARY, cryptd=false, state=CONNECTED, ok=true, minWireVersion=0, maxWireVersion=25, maxDocumentSize=16777216, logicalSessionTimeoutMinutes=30, roundTripTimeNanos=297936100, minRoundTripTimeNanos=0, setName='atlas-b2qrri-shard-0', canonicalAddress=ac-ekkqvqw-shard-00-00.tzll3pi.mongodb.net:27017, hosts=[ac-ekkqvqw-shard-00-00.tzll3pi.mongodb.net:27017, ac-ekkqvqw-shard-00-01.tzll3pi.mongodb.net:27017, ac-ekkqvqw-shard-00-02.tzll3pi.mongodb.net:27017], passives=[], arbiters=[], primary='ac-ekkqvqw-shard-00-01.tzll3pi.mongodb.net:27017', tagSet=TagSet{[Tag{name='availabilityZone', value='aps1-az1'}, Tag{name='diskState', value='READY'}, Tag{name='nodeType', value='ELECTABLE'}, Tag{name='provider', value='AWS'}, Tag{name='region', value='AP_SOUTH_1'}, Tag{name='workloadType', value='OPERATIONAL'}]}, electionId=null, setVersion=192, topologyVersion=TopologyVersion{processId=697b73efcd2b7a4a055f8b73, counter=4}, lastWriteDate=Tue Feb 03 17:06:30 IST 2026, lastUpdateTimeNanos=58137903390300}
2026-02-03 17:06:31.066 [cluster-ClusterId{value='6981ddbdba1a4719adf5b373', description='Cluster0'}-ac-ekkqvqw-shard-00-01.tzll3pi.mongodb.net:27017] INFO  org.mongodb.driver.cluster - Monitor thread successfully connected to server with description ServerDescription{address=ac-ekkqvqw-shard-00-01.tzll3pi.mongodb.net:27017, type=REPLICA_SET_PRIMARY, cryptd=false, state=CONNECTED, ok=true, minWireVersion=0, maxWireVersion=25, maxDocumentSize=16777216, logicalSessionTimeoutMinutes=30, roundTripTimeNanos=293366300, minRoundTripTimeNanos=0, setName='atlas-b2qrri-shard-0', canonicalAddress=ac-ekkqvqw-shard-00-01.tzll3pi.mongodb.net:27017, hosts=[ac-ekkqvqw-shard-00-00.tzll3pi.mongodb.net:27017, ac-ekkqvqw-shard-00-01.tzll3pi.mongodb.net:27017, ac-ekkqvqw-shard-00-02.tzll3pi.mongodb.net:27017], passives=[], arbiters=[], primary='ac-ekkqvqw-shard-00-01.tzll3pi.mongodb.net:27017', tagSet=TagSet{[Tag{name='availabilityZone', value='aps1-az3'}, Tag{name='diskState', value='READY'}, Tag{name='nodeType', value='ELECTABLE'}, Tag{name='provider', value='AWS'}, Tag{name='region', value='AP_SOUTH_1'}, Tag{name='workloadType', value='OPERATIONAL'}]}, electionId=7fffffff00000000000001f1, setVersion=192, topologyVersion=TopologyVersion{processId=697b78626a1d39ed513da1d3, counter=6}, lastWriteDate=Tue Feb 03 17:06:30 IST 2026, lastUpdateTimeNanos=58137903390300}
2026-02-03 17:06:31.070 [cluster-ClusterId{value='6981ddbdba1a4719adf5b373', description='Cluster0'}-ac-ekkqvqw-shard-00-01.tzll3pi.mongodb.net:27017] INFO  org.mongodb.driver.cluster - Discovered replica set primary ac-ekkqvqw-shard-00-01.tzll3pi.mongodb.net:27017 with max election id 7fffffff00000000000001f1 and max set version 192
2026-02-03 17:06:31.074 [cluster-ClusterId{value='6981ddbdba1a4719adf5b373', description='Cluster0'}-ac-ekkqvqw-shard-00-02.tzll3pi.mongodb.net:27017] INFO  org.mongodb.driver.cluster - Monitor thread successfully connected to server with description ServerDescription{address=ac-ekkqvqw-shard-00-02.tzll3pi.mongodb.net:27017, type=REPLICA_SET_SECONDARY, cryptd=false, state=CONNECTED, ok=true, minWireVersion=0, maxWireVersion=25, maxDocumentSize=16777216, logicalSessionTimeoutMinutes=30, roundTripTimeNanos=292476900, minRoundTripTimeNanos=0, setName='atlas-b2qrri-shard-0', canonicalAddress=ac-ekkqvqw-shard-00-02.tzll3pi.mongodb.net:27017, hosts=[ac-ekkqvqw-shard-00-00.tzll3pi.mongodb.net:27017, ac-ekkqvqw-shard-00-01.tzll3pi.mongodb.net:27017, ac-ekkqvqw-shard-00-02.tzll3pi.mongodb.net:27017], passives=[], arbiters=[], primary='ac-ekkqvqw-shard-00-01.tzll3pi.mongodb.net:27017', tagSet=TagSet{[Tag{name='availabilityZone', value='aps1-az2'}, Tag{name='diskState', value='READY'}, Tag{name='nodeType', value='ELECTABLE'}, Tag{name='provider', value='AWS'}, Tag{name='region', value='AP_SOUTH_1'}, Tag{name='workloadType', value='OPERATIONAL'}]}, electionId=null, setVersion=192, topologyVersion=TopologyVersion{processId=697b7d3f44b6d42dc4bef0cd, counter=3}, lastWriteDate=Tue Feb 03 17:06:30 IST 2026, lastUpdateTimeNanos=58137913489100}
2026-02-03 17:06:32.503 [main] INFO  o.s.s.c.a.a.c.InitializeUserDetailsBeanManagerConfigurer$InitializeUserDetailsManagerConfigurer - Global AuthenticationManager configured with UserDetailsService bean with name userDetailsServiceImpl
2026-02-03 17:06:32.995 [main] INFO  o.a.coyote.http11.Http11NioProtocol - Starting ProtocolHandler ["http-nio-8080"]
2026-02-03 17:06:33.009 [main] INFO  o.s.b.w.e.tomcat.TomcatWebServer - Tomcat started on port 8080 (http) with context path '/'
2026-02-03 17:06:33.020 [main] INFO  c.a.journalApp.JournalApplication - Started JournalApplication in 5.469 seconds (process running for 7.273)
2026-02-03 17:07:34.369 [SpringApplicationShutdownHook] INFO  o.s.b.w.e.tomcat.GracefulShutdown - Commencing graceful shutdown. Waiting for active requests to complete
2026-02-03 17:07:34.375 [tomcat-shutdown] INFO  o.s.b.w.e.tomcat.GracefulShutdown - Graceful shutdown complete
2026-02-03 17:07:40.422 [background-preinit] INFO  o.h.validator.internal.util.Version - HV000001: Hibernate Validator 8.0.3.Final
2026-02-03 17:07:40.540 [main] INFO  c.a.journalApp.JournalApplication - Starting JournalApplication using Java 21.0.6 with PID 5380 (D:\SpringBoot\journalApp\target\classes started by aakas in D:\SpringBoot\journalApp)
2026-02-03 17:07:40.542 [main] INFO  c.a.journalApp.JournalApplication - The following 1 profile is active: "dev"
2026-02-03 17:07:41.968 [main] INFO  o.s.d.r.c.RepositoryConfigurationDelegate - Bootstrapping Spring Data MongoDB repositories in DEFAULT mode.
2026-02-03 17:07:42.033 [main] INFO  o.s.d.r.c.RepositoryConfigurationDelegate - Finished Spring Data repository scanning in 58 ms. Found 3 MongoDB repository interfaces.
2026-02-03 17:07:42.559 [main] INFO  o.s.b.w.e.tomcat.TomcatWebServer - Tomcat initialized with port 8080 (http)
2026-02-03 17:07:42.581 [main] INFO  o.a.coyote.http11.Http11NioProtocol - Initializing ProtocolHandler ["http-nio-8080"]
2026-02-03 17:07:42.588 [main] INFO  o.a.catalina.core.StandardService - Starting service [Tomcat]
2026-02-03 17:07:42.589 [main] INFO  o.a.catalina.core.StandardEngine - Starting Servlet engine: [Apache Tomcat/10.1.50]
2026-02-03 17:07:42.648 [main] INFO  o.a.c.c.C.[Tomcat].[localhost].[/] - Initializing Spring embedded WebApplicationContext
2026-02-03 17:07:42.649 [main] INFO  o.s.b.w.s.c.ServletWebServerApplicationContext - Root WebApplicationContext: initialization completed in 1964 ms
2026-02-03 17:07:43.063 [main] INFO  org.mongodb.driver.client - MongoClient with metadata {"application": {"name": "Cluster0"}, "driver": {"name": "mongo-java-driver|sync|spring-boot", "version": "5.5.2"}, "os": {"type": "Windows", "name": "Windows 11", "architecture": "amd64", "version": "10.0"}, "platform": "Java/Oracle Corporation/21.0.6+8-LTS-188"} created with settings MongoClientSettings{readPreference=primary, writeConcern=WriteConcern{w=null, wTimeout=null ms, journal=null}, retryWrites=true, retryReads=true, readConcern=ReadConcern{level=null}, credential=MongoCredential{mechanism=null, userName='aakashbhatt19_db_user', source='admin', password=<hidden>, mechanismProperties=<hidden>}, transportSettings=null, commandListeners=[], codecRegistry=ProvidersCodecRegistry{codecProviders=[ValueCodecProvider{}, BsonValueCodecProvider{}, DBRefCodecProvider{}, DBObjectCodecProvider{}, DocumentCodecProvider{}, CollectionCodecProvider{}, IterableCodecProvider{}, MapCodecProvider{}, GeoJsonCodecProvider{}, GridFSFileCodecProvider{}, Jsr310CodecProvider{}, JsonObjectCodecProvider{}, BsonCodecProvider{}, EnumCodecProvider{}, com.mongodb.client.model.mql.ExpressionCodecProvider@19526f1d, com.mongodb.Jep395RecordCodecProvider@3d1c933, com.mongodb.KotlinCodecProvider@79be91eb]}, loggerSettings=LoggerSettings{maxDocumentLength=1000}, clusterSettings={hosts=[127.0.0.1:27017], srvHost=cluster0.tzll3pi.mongodb.net, srvServiceName=mongodb, mode=MULTIPLE, requiredClusterType=REPLICA_SET, requiredReplicaSetName='atlas-b2qrri-shard-0', serverSelector='null', clusterListeners='[]', serverSelectionTimeout='30000 ms', localThreshold='15 ms'}, socketSettings=SocketSettings{connectTimeoutMS=10000, readTimeoutMS=0, receiveBufferSize=0, proxySettings=ProxySettings{host=null, port=null, username=null, password=null}}, heartbeatSocketSettings=SocketSettings{connectTimeoutMS=10000, readTimeoutMS=10000, receiveBufferSize=0, proxySettings=ProxySettings{host=null, port=null, username=null, password=null}}, connectionPoolSettings=ConnectionPoolSettings{maxSize=100, minSize=0, maxWaitTimeMS=120000, maxConnectionLifeTimeMS=0, maxConnectionIdleTimeMS=0, maintenanceInitialDelayMS=0, maintenanceFrequencyMS=60000, connectionPoolListeners=[], maxConnecting=2}, serverSettings=ServerSettings{heartbeatFrequencyMS=10000, minHeartbeatFrequencyMS=500, serverMonitoringMode=AUTO, serverListeners='[]', serverMonitorListeners='[]'}, sslSettings=SslSettings{enabled=true, invalidHostNameAllowed=false, context=null}, applicationName='Cluster0', compressorList=[], uuidRepresentation=JAVA_LEGACY, serverApi=null, autoEncryptionSettings=null, dnsClient=null, inetAddressResolver=null, contextProvider=null, timeoutMS=null}
2026-02-03 17:07:43.222 [cluster-ClusterId{value='6981de07abbf4aa13ab39d71', description='Cluster0'}-srv-cluster0.tzll3pi.mongodb.net] INFO  org.mongodb.driver.cluster - Adding discovered server ac-ekkqvqw-shard-00-01.tzll3pi.mongodb.net:27017 to client view of cluster
2026-02-03 17:07:43.251 [cluster-ClusterId{value='6981de07abbf4aa13ab39d71', description='Cluster0'}-srv-cluster0.tzll3pi.mongodb.net] INFO  org.mongodb.driver.cluster - Adding discovered server ac-ekkqvqw-shard-00-00.tzll3pi.mongodb.net:27017 to client view of cluster
2026-02-03 17:07:43.254 [cluster-ClusterId{value='6981de07abbf4aa13ab39d71', description='Cluster0'}-srv-cluster0.tzll3pi.mongodb.net] INFO  org.mongodb.driver.cluster - Adding discovered server ac-ekkqvqw-shard-00-02.tzll3pi.mongodb.net:27017 to client view of cluster
2026-02-03 17:07:43.343 [main] INFO  org.mongodb.driver.cluster - Waiting for server to become available for operation with ID 5. Remaining time: 29983 ms. Selector: WritableServerSelector, topology description: {type=REPLICA_SET, servers=[{address=ac-ekkqvqw-shard-00-00.tzll3pi.mongodb.net:27017, type=UNKNOWN, state=CONNECTING}, {address=ac-ekkqvqw-shard-00-02.tzll3pi.mongodb.net:27017, type=UNKNOWN, state=CONNECTING}, {address=ac-ekkqvqw-shard-00-01.tzll3pi.mongodb.net:27017, type=UNKNOWN, state=CONNECTING}].
2026-02-03 17:07:44.014 [cluster-ClusterId{value='6981de07abbf4aa13ab39d71', description='Cluster0'}-ac-ekkqvqw-shard-00-01.tzll3pi.mongodb.net:27017] INFO  org.mongodb.driver.cluster - Monitor thread successfully connected to server with description ServerDescription{address=ac-ekkqvqw-shard-00-01.tzll3pi.mongodb.net:27017, type=REPLICA_SET_PRIMARY, cryptd=false, state=CONNECTED, ok=true, minWireVersion=0, maxWireVersion=25, maxDocumentSize=16777216, logicalSessionTimeoutMinutes=30, roundTripTimeNanos=342712500, minRoundTripTimeNanos=0, setName='atlas-b2qrri-shard-0', canonicalAddress=ac-ekkqvqw-shard-00-01.tzll3pi.mongodb.net:27017, hosts=[ac-ekkqvqw-shard-00-00.tzll3pi.mongodb.net:27017, ac-ekkqvqw-shard-00-01.tzll3pi.mongodb.net:27017, ac-ekkqvqw-shard-00-02.tzll3pi.mongodb.net:27017], passives=[], arbiters=[], primary='ac-ekkqvqw-shard-00-01.tzll3pi.mongodb.net:27017', tagSet=TagSet{[Tag{name='availabilityZone', value='aps1-az3'}, Tag{name='diskState', value='READY'}, Tag{name='nodeType', value='ELECTABLE'}, Tag{name='provider', value='AWS'}, Tag{name='region', value='AP_SOUTH_1'}, Tag{name='workloadType', value='OPERATIONAL'}]}, electionId=7fffffff00000000000001f1, setVersion=192, topologyVersion=TopologyVersion{processId=697b78626a1d39ed513da1d3, counter=6}, lastWriteDate=Tue Feb 03 17:07:43 IST 2026, lastUpdateTimeNanos=58210846062400}
2026-02-03 17:07:44.016 [cluster-ClusterId{value='6981de07abbf4aa13ab39d71', description='Cluster0'}-ac-ekkqvqw-shard-00-00.tzll3pi.mongodb.net:27017] INFO  org.mongodb.driver.cluster - Monitor thread successfully connected to server with description ServerDescription{address=ac-ekkqvqw-shard-00-00.tzll3pi.mongodb.net:27017, type=REPLICA_SET_SECONDARY, cryptd=false, state=CONNECTED, ok=true, minWireVersion=0, maxWireVersion=25, maxDocumentSize=16777216, logicalSessionTimeoutMinutes=30, roundTripTimeNanos=342712700, minRoundTripTimeNanos=0, setName='atlas-b2qrri-shard-0', canonicalAddress=ac-ekkqvqw-shard-00-00.tzll3pi.mongodb.net:27017, hosts=[ac-ekkqvqw-shard-00-00.tzll3pi.mongodb.net:27017, ac-ekkqvqw-shard-00-01.tzll3pi.mongodb.net:27017, ac-ekkqvqw-shard-00-02.tzll3pi.mongodb.net:27017], passives=[], arbiters=[], primary='ac-ekkqvqw-shard-00-01.tzll3pi.mongodb.net:27017', tagSet=TagSet{[Tag{name='availabilityZone', value='aps1-az1'}, Tag{name='diskState', value='READY'}, Tag{name='nodeType', value='ELECTABLE'}, Tag{name='provider', value='AWS'}, Tag{name='region', value='AP_SOUTH_1'}, Tag{name='workloadType', value='OPERATIONAL'}]}, electionId=null, setVersion=192, topologyVersion=TopologyVersion{processId=697b73efcd2b7a4a055f8b73, counter=4}, lastWriteDate=Tue Feb 03 17:07:43 IST 2026, lastUpdateTimeNanos=58210846062300}
2026-02-03 17:07:44.016 [cluster-ClusterId{value='6981de07abbf4aa13ab39d71', description='Cluster0'}-ac-ekkqvqw-shard-00-02.tzll3pi.mongodb.net:27017] INFO  org.mongodb.driver.cluster - Monitor thread successfully connected to server with description ServerDescription{address=ac-ekkqvqw-shard-00-02.tzll3pi.mongodb.net:27017, type=REPLICA_SET_SECONDARY, cryptd=false, state=CONNECTED, ok=true, minWireVersion=0, maxWireVersion=25, maxDocumentSize=16777216, logicalSessionTimeoutMinutes=30, roundTripTimeNanos=342670800, minRoundTripTimeNanos=0, setName='atlas-b2qrri-shard-0', canonicalAddress=ac-ekkqvqw-shard-00-02.tzll3pi.mongodb.net:27017, hosts=[ac-ekkqvqw-shard-00-00.tzll3pi.mongodb.net:27017, ac-ekkqvqw-shard-00-01.tzll3pi.mongodb.net:27017, ac-ekkqvqw-shard-00-02.tzll3pi.mongodb.net:27017], passives=[], arbiters=[], primary='ac-ekkqvqw-shard-00-01.tzll3pi.mongodb.net:27017', tagSet=TagSet{[Tag{name='availabilityZone', value='aps1-az2'}, Tag{name='diskState', value='READY'}, Tag{name='nodeType', value='ELECTABLE'}, Tag{name='provider', value='AWS'}, Tag{name='region', value='AP_SOUTH_1'}, Tag{name='workloadType', value='OPERATIONAL'}]}, electionId=null, setVersion=192, topologyVersion=TopologyVersion{processId=697b7d3f44b6d42dc4bef0cd, counter=3}, lastWriteDate=Tue Feb 03 17:07:43 IST 2026, lastUpdateTimeNanos=58210846062400}
2026-02-03 17:07:44.021 [cluster-ClusterId{value='6981de07abbf4aa13ab39d71', description='Cluster0'}-ac-ekkqvqw-shard-00-01.tzll3pi.mongodb.net:27017] INFO  org.mongodb.driver.cluster - Discovered replica set primary ac-ekkqvqw-shard-00-01.tzll3pi.mongodb.net:27017 with max election id 7fffffff00000000000001f1 and max set version 192
2026-02-03 17:07:44.772 [main] INFO  o.s.s.c.a.a.c.InitializeUserDetailsBeanManagerConfigurer$InitializeUserDetailsManagerConfigurer - Global AuthenticationManager configured with UserDetailsService bean with name userDetailsServiceImpl
2026-02-03 17:07:45.219 [main] INFO  o.a.coyote.http11.Http11NioProtocol - Starting ProtocolHandler ["http-nio-8080"]
2026-02-03 17:07:45.230 [main] INFO  o.s.b.w.e.tomcat.TomcatWebServer - Tomcat started on port 8080 (http) with context path '/'
2026-02-03 17:07:45.237 [main] INFO  c.a.journalApp.JournalApplication - Started JournalApplication in 5.807 seconds (process running for 8.084)
2026-02-03 17:08:17.298 [SpringApplicationShutdownHook] INFO  o.s.b.w.e.tomcat.GracefulShutdown - Commencing graceful shutdown. Waiting for active requests to complete
2026-02-03 17:08:17.306 [tomcat-shutdown] INFO  o.s.b.w.e.tomcat.GracefulShutdown - Graceful shutdown complete
2026-02-03 17:08:20.170 [background-preinit] INFO  o.h.validator.internal.util.Version - HV000001: Hibernate Validator 8.0.3.Final
2026-02-03 17:08:20.227 [main] INFO  c.a.journalApp.JournalApplication - Starting JournalApplication using Java 21.0.6 with PID 1252 (D:\SpringBoot\journalApp\target\classes started by aakas in D:\SpringBoot\journalApp)
2026-02-03 17:08:20.228 [main] INFO  c.a.journalApp.JournalApplication - The following 1 profile is active: "dev"
2026-02-03 17:08:20.839 [main] INFO  o.s.d.r.c.RepositoryConfigurationDelegate - Bootstrapping Spring Data MongoDB repositories in DEFAULT mode.
2026-02-03 17:08:20.887 [main] INFO  o.s.d.r.c.RepositoryConfigurationDelegate - Finished Spring Data repository scanning in 44 ms. Found 3 MongoDB repository interfaces.
2026-02-03 17:08:21.345 [main] INFO  o.s.b.w.e.tomcat.TomcatWebServer - Tomcat initialized with port 8080 (http)
2026-02-03 17:08:21.356 [main] INFO  o.a.coyote.http11.Http11NioProtocol - Initializing ProtocolHandler ["http-nio-8080"]
2026-02-03 17:08:21.365 [main] INFO  o.a.catalina.core.StandardService - Starting service [Tomcat]
2026-02-03 17:08:21.365 [main] INFO  o.a.catalina.core.StandardEngine - Starting Servlet engine: [Apache Tomcat/10.1.50]
2026-02-03 17:08:21.420 [main] INFO  o.a.c.c.C.[Tomcat].[localhost].[/] - Initializing Spring embedded WebApplicationContext
2026-02-03 17:08:21.421 [main] INFO  o.s.b.w.s.c.ServletWebServerApplicationContext - Root WebApplicationContext: initialization completed in 1148 ms
2026-02-03 17:08:21.736 [main] INFO  org.mongodb.driver.client - MongoClient with metadata {"application": {"name": "Cluster0"}, "driver": {"name": "mongo-java-driver|sync|spring-boot", "version": "5.5.2"}, "os": {"type": "Windows", "name": "Windows 11", "architecture": "amd64", "version": "10.0"}, "platform": "Java/Oracle Corporation/21.0.6+8-LTS-188"} created with settings MongoClientSettings{readPreference=primary, writeConcern=WriteConcern{w=null, wTimeout=null ms, journal=null}, retryWrites=true, retryReads=true, readConcern=ReadConcern{level=null}, credential=MongoCredential{mechanism=null, userName='aakashbhatt19_db_user', source='admin', password=<hidden>, mechanismProperties=<hidden>}, transportSettings=null, commandListeners=[], codecRegistry=ProvidersCodecRegistry{codecProviders=[ValueCodecProvider{}, BsonValueCodecProvider{}, DBRefCodecProvider{}, DBObjectCodecProvider{}, DocumentCodecProvider{}, CollectionCodecProvider{}, IterableCodecProvider{}, MapCodecProvider{}, GeoJsonCodecProvider{}, GridFSFileCodecProvider{}, Jsr310CodecProvider{}, JsonObjectCodecProvider{}, BsonCodecProvider{}, EnumCodecProvider{}, com.mongodb.client.model.mql.ExpressionCodecProvider@79e10fb4, com.mongodb.Jep395RecordCodecProvider@70fede7d, com.mongodb.KotlinCodecProvider@36510e73]}, loggerSettings=LoggerSettings{maxDocumentLength=1000}, clusterSettings={hosts=[127.0.0.1:27017], srvHost=cluster0.tzll3pi.mongodb.net, srvServiceName=mongodb, mode=MULTIPLE, requiredClusterType=REPLICA_SET, requiredReplicaSetName='atlas-b2qrri-shard-0', serverSelector='null', clusterListeners='[]', serverSelectionTimeout='30000 ms', localThreshold='15 ms'}, socketSettings=SocketSettings{connectTimeoutMS=10000, readTimeoutMS=0, receiveBufferSize=0, proxySettings=ProxySettings{host=null, port=null, username=null, password=null}}, heartbeatSocketSettings=SocketSettings{connectTimeoutMS=10000, readTimeoutMS=10000, receiveBufferSize=0, proxySettings=ProxySettings{host=null, port=null, username=null, password=null}}, connectionPoolSettings=ConnectionPoolSettings{maxSize=100, minSize=0, maxWaitTimeMS=120000, maxConnectionLifeTimeMS=0, maxConnectionIdleTimeMS=0, maintenanceInitialDelayMS=0, maintenanceFrequencyMS=60000, connectionPoolListeners=[], maxConnecting=2}, serverSettings=ServerSettings{heartbeatFrequencyMS=10000, minHeartbeatFrequencyMS=500, serverMonitoringMode=AUTO, serverListeners='[]', serverMonitorListeners='[]'}, sslSettings=SslSettings{enabled=true, invalidHostNameAllowed=false, context=null}, applicationName='Cluster0', compressorList=[], uuidRepresentation=JAVA_LEGACY, serverApi=null, autoEncryptionSettings=null, dnsClient=null, inetAddressResolver=null, contextProvider=null, timeoutMS=null}
2026-02-03 17:08:21.914 [cluster-ClusterId{value='6981de2d6d6a46c83d805aa1', description='Cluster0'}-srv-cluster0.tzll3pi.mongodb.net] INFO  org.mongodb.driver.cluster - Adding discovered server ac-ekkqvqw-shard-00-01.tzll3pi.mongodb.net:27017 to client view of cluster
2026-02-03 17:08:21.936 [cluster-ClusterId{value='6981de2d6d6a46c83d805aa1', description='Cluster0'}-srv-cluster0.tzll3pi.mongodb.net] INFO  org.mongodb.driver.cluster - Adding discovered server ac-ekkqvqw-shard-00-00.tzll3pi.mongodb.net:27017 to client view of cluster
2026-02-03 17:08:21.939 [cluster-ClusterId{value='6981de2d6d6a46c83d805aa1', description='Cluster0'}-srv-cluster0.tzll3pi.mongodb.net] INFO  org.mongodb.driver.cluster - Adding discovered server ac-ekkqvqw-shard-00-02.tzll3pi.mongodb.net:27017 to client view of cluster
2026-02-03 17:08:21.975 [main] INFO  org.mongodb.driver.cluster - Waiting for server to become available for operation with ID 5. Remaining time: 29983 ms. Selector: WritableServerSelector, topology description: {type=REPLICA_SET, servers=[{address=ac-ekkqvqw-shard-00-00.tzll3pi.mongodb.net:27017, type=UNKNOWN, state=CONNECTING}, {address=ac-ekkqvqw-shard-00-02.tzll3pi.mongodb.net:27017, type=UNKNOWN, state=CONNECTING}, {address=ac-ekkqvqw-shard-00-01.tzll3pi.mongodb.net:27017, type=UNKNOWN, state=CONNECTING}].
2026-02-03 17:08:22.513 [cluster-ClusterId{value='6981de2d6d6a46c83d805aa1', description='Cluster0'}-ac-ekkqvqw-shard-00-02.tzll3pi.mongodb.net:27017] INFO  org.mongodb.driver.cluster - Monitor thread successfully connected to server with description ServerDescription{address=ac-ekkqvqw-shard-00-02.tzll3pi.mongodb.net:27017, type=REPLICA_SET_SECONDARY, cryptd=false, state=CONNECTED, ok=true, minWireVersion=0, maxWireVersion=25, maxDocumentSize=16777216, logicalSessionTimeoutMinutes=30, roundTripTimeNanos=264013200, minRoundTripTimeNanos=0, setName='atlas-b2qrri-shard-0', canonicalAddress=ac-ekkqvqw-shard-00-02.tzll3pi.mongodb.net:27017, hosts=[ac-ekkqvqw-shard-00-00.tzll3pi.mongodb.net:27017, ac-ekkqvqw-shard-00-01.tzll3pi.mongodb.net:27017, ac-ekkqvqw-shard-00-02.tzll3pi.mongodb.net:27017], passives=[], arbiters=[], primary='ac-ekkqvqw-shard-00-01.tzll3pi.mongodb.net:27017', tagSet=TagSet{[Tag{name='availabilityZone', value='aps1-az2'}, Tag{name='diskState', value='READY'}, Tag{name='nodeType', value='ELECTABLE'}, Tag{name='provider', value='AWS'}, Tag{name='region', value='AP_SOUTH_1'}, Tag{name='workloadType', value='OPERATIONAL'}]}, electionId=null, setVersion=192, topologyVersion=TopologyVersion{processId=697b7d3f44b6d42dc4bef0cd, counter=3}, lastWriteDate=Tue Feb 03 17:08:22 IST 2026, lastUpdateTimeNanos=58249348389600}
2026-02-03 17:08:22.514 [cluster-ClusterId{value='6981de2d6d6a46c83d805aa1', description='Cluster0'}-ac-ekkqvqw-shard-00-01.tzll3pi.mongodb.net:27017] INFO  org.mongodb.driver.cluster - Monitor thread successfully connected to server with description ServerDescription{address=ac-ekkqvqw-shard-00-01.tzll3pi.mongodb.net:27017, type=REPLICA_SET_PRIMARY, cryptd=false, state=CONNECTED, ok=true, minWireVersion=0, maxWireVersion=25, maxDocumentSize=16777216, logicalSessionTimeoutMinutes=30, roundTripTimeNanos=273701300, minRoundTripTimeNanos=0, setName='atlas-b2qrri-shard-0', canonicalAddress=ac-ekkqvqw-shard-00-01.tzll3pi.mongodb.net:27017, hosts=[ac-ekkqvqw-shard-00-00.tzll3pi.mongodb.net:27017, ac-ekkqvqw-shard-00-01.tzll3pi.mongodb.net:27017, ac-ekkqvqw-shard-00-02.tzll3pi.mongodb.net:27017], passives=[], arbiters=[], primary='ac-ekkqvqw-shard-00-01.tzll3pi.mongodb.net:27017', tagSet=TagSet{[Tag{name='availabilityZone', value='aps1-az3'}, Tag{name='diskState', value='READY'}, Tag{name='nodeType', value='ELECTABLE'}, Tag{name='provider', value='AWS'}, Tag{name='region', value='AP_SOUTH_1'}, Tag{name='workloadType', value='OPERATIONAL'}]}, electionId=7fffffff00000000000001f1, setVersion=192, topologyVersion=TopologyVersion{processId=697b78626a1d39ed513da1d3, counter=6}, lastWriteDate=Tue Feb 03 17:08:22 IST 2026, lastUpdateTimeNanos=58249348389700}
2026-02-03 17:08:22.514 [cluster-ClusterId{value='6981de2d6d6a46c83d805aa1', description='Cluster0'}-ac-ekkqvqw-shard-00-00.tzll3pi.mongodb.net:27017] INFO  org.mongodb.driver.cluster - Monitor thread successfully connected to server with description ServerDescription{address=ac-ekkqvqw-shard-00-00.tzll3pi.mongodb.net:27017, type=REPLICA_SET_SECONDARY, cryptd=false, state=CONNECTED, ok=true, minWireVersion=0, maxWireVersion=25, maxDocumentSize=16777216, logicalSessionTimeoutMinutes=30, roundTripTimeNanos=246060500, minRoundTripTimeNanos=0, setName='atlas-b2qrri-shard-0', canonicalAddress=ac-ekkqvqw-shard-00-00.tzll3pi.mongodb.net:27017, hosts=[ac-ekkqvqw-shard-00-00.tzll3pi.mongodb.net:27017, ac-ekkqvqw-shard-00-01.tzll3pi.mongodb.net:27017, ac-ekkqvqw-shard-00-02.tzll3pi.mongodb.net:27017], passives=[], arbiters=[], primary='ac-ekkqvqw-shard-00-01.tzll3pi.mongodb.net:27017', tagSet=TagSet{[Tag{name='availabilityZone', value='aps1-az1'}, Tag{name='diskState', value='READY'}, Tag{name='nodeType', value='ELECTABLE'}, Tag{name='provider', value='AWS'}, Tag{name='region', value='AP_SOUTH_1'}, Tag{name='workloadType', value='OPERATIONAL'}]}, electionId=null, setVersion=192, topologyVersion=TopologyVersion{processId=697b73efcd2b7a4a055f8b73, counter=4}, lastWriteDate=Tue Feb 03 17:08:22 IST 2026, lastUpdateTimeNanos=58249348389700}
2026-02-03 17:08:22.519 [cluster-ClusterId{value='6981de2d6d6a46c83d805aa1', description='Cluster0'}-ac-ekkqvqw-shard-00-01.tzll3pi.mongodb.net:27017] INFO  org.mongodb.driver.cluster - Discovered replica set primary ac-ekkqvqw-shard-00-01.tzll3pi.mongodb.net:27017 with max election id 7fffffff00000000000001f1 and max set version 192
2026-02-03 17:08:23.229 [main] INFO  o.s.s.c.a.a.c.InitializeUserDetailsBeanManagerConfigurer$InitializeUserDetailsManagerConfigurer - Global AuthenticationManager configured with UserDetailsService bean with name userDetailsServiceImpl
2026-02-03 17:08:23.665 [main] INFO  o.a.coyote.http11.Http11NioProtocol - Starting ProtocolHandler ["http-nio-8080"]
2026-02-03 17:08:23.676 [main] INFO  o.s.b.w.e.tomcat.TomcatWebServer - Tomcat started on port 8080 (http) with context path '/'
2026-02-03 17:08:23.684 [main] INFO  c.a.journalApp.JournalApplication - Started JournalApplication in 4.043 seconds (process running for 5.146)
2026-02-03 17:11:50.872 [SpringApplicationShutdownHook] INFO  o.s.b.w.e.tomcat.GracefulShutdown - Commencing graceful shutdown. Waiting for active requests to complete
2026-02-03 17:11:50.883 [tomcat-shutdown] INFO  o.s.b.w.e.tomcat.GracefulShutdown - Graceful shutdown complete
2026-02-03 17:11:53.721 [background-preinit] INFO  o.h.validator.internal.util.Version - HV000001: Hibernate Validator 8.0.3.Final
2026-02-03 17:11:53.779 [main] INFO  c.a.journalApp.JournalApplication - Starting JournalApplication using Java 21.0.6 with PID 2948 (D:\SpringBoot\journalApp\target\classes started by aakas in D:\SpringBoot\journalApp)
2026-02-03 17:11:53.780 [main] INFO  c.a.journalApp.JournalApplication - The following 1 profile is active: "dev"
2026-02-03 17:11:54.435 [main] INFO  o.s.d.r.c.RepositoryConfigurationDelegate - Bootstrapping Spring Data MongoDB repositories in DEFAULT mode.
2026-02-03 17:11:54.487 [main] INFO  o.s.d.r.c.RepositoryConfigurationDelegate - Finished Spring Data repository scanning in 47 ms. Found 3 MongoDB repository interfaces.
2026-02-03 17:11:54.982 [main] INFO  o.s.b.w.e.tomcat.TomcatWebServer - Tomcat initialized with port 8080 (http)
2026-02-03 17:11:55.009 [main] INFO  o.a.coyote.http11.Http11NioProtocol - Initializing ProtocolHandler ["http-nio-8080"]
2026-02-03 17:11:55.013 [main] INFO  o.a.catalina.core.StandardService - Starting service [Tomcat]
2026-02-03 17:11:55.013 [main] INFO  o.a.catalina.core.StandardEngine - Starting Servlet engine: [Apache Tomcat/10.1.50]
2026-02-03 17:11:55.065 [main] INFO  o.a.c.c.C.[Tomcat].[localhost].[/] - Initializing Spring embedded WebApplicationContext
2026-02-03 17:11:55.066 [main] INFO  o.s.b.w.s.c.ServletWebServerApplicationContext - Root WebApplicationContext: initialization completed in 1236 ms
2026-02-03 17:11:55.362 [main] INFO  org.mongodb.driver.client - MongoClient with metadata {"application": {"name": "Cluster0"}, "driver": {"name": "mongo-java-driver|sync|spring-boot", "version": "5.5.2"}, "os": {"type": "Windows", "name": "Windows 11", "architecture": "amd64", "version": "10.0"}, "platform": "Java/Oracle Corporation/21.0.6+8-LTS-188"} created with settings MongoClientSettings{readPreference=primary, writeConcern=WriteConcern{w=null, wTimeout=null ms, journal=null}, retryWrites=true, retryReads=true, readConcern=ReadConcern{level=null}, credential=MongoCredential{mechanism=null, userName='aakashbhatt19_db_user', source='admin', password=<hidden>, mechanismProperties=<hidden>}, transportSettings=null, commandListeners=[], codecRegistry=ProvidersCodecRegistry{codecProviders=[ValueCodecProvider{}, BsonValueCodecProvider{}, DBRefCodecProvider{}, DBObjectCodecProvider{}, DocumentCodecProvider{}, CollectionCodecProvider{}, IterableCodecProvider{}, MapCodecProvider{}, GeoJsonCodecProvider{}, GridFSFileCodecProvider{}, Jsr310CodecProvider{}, JsonObjectCodecProvider{}, BsonCodecProvider{}, EnumCodecProvider{}, com.mongodb.client.model.mql.ExpressionCodecProvider@79e10fb4, com.mongodb.Jep395RecordCodecProvider@70fede7d, com.mongodb.KotlinCodecProvider@36510e73]}, loggerSettings=LoggerSettings{maxDocumentLength=1000}, clusterSettings={hosts=[127.0.0.1:27017], srvHost=cluster0.tzll3pi.mongodb.net, srvServiceName=mongodb, mode=MULTIPLE, requiredClusterType=REPLICA_SET, requiredReplicaSetName='atlas-b2qrri-shard-0', serverSelector='null', clusterListeners='[]', serverSelectionTimeout='30000 ms', localThreshold='15 ms'}, socketSettings=SocketSettings{connectTimeoutMS=10000, readTimeoutMS=0, receiveBufferSize=0, proxySettings=ProxySettings{host=null, port=null, username=null, password=null}}, heartbeatSocketSettings=SocketSettings{connectTimeoutMS=10000, readTimeoutMS=10000, receiveBufferSize=0, proxySettings=ProxySettings{host=null, port=null, username=null, password=null}}, connectionPoolSettings=ConnectionPoolSettings{maxSize=100, minSize=0, maxWaitTimeMS=120000, maxConnectionLifeTimeMS=0, maxConnectionIdleTimeMS=0, maintenanceInitialDelayMS=0, maintenanceFrequencyMS=60000, connectionPoolListeners=[], maxConnecting=2}, serverSettings=ServerSettings{heartbeatFrequencyMS=10000, minHeartbeatFrequencyMS=500, serverMonitoringMode=AUTO, serverListeners='[]', serverMonitorListeners='[]'}, sslSettings=SslSettings{enabled=true, invalidHostNameAllowed=false, context=null}, applicationName='Cluster0', compressorList=[], uuidRepresentation=JAVA_LEGACY, serverApi=null, autoEncryptionSettings=null, dnsClient=null, inetAddressResolver=null, contextProvider=null, timeoutMS=null}
2026-02-03 17:11:55.501 [cluster-ClusterId{value='6981df03ebfbc18a8e4bf812', description='Cluster0'}-srv-cluster0.tzll3pi.mongodb.net] INFO  org.mongodb.driver.cluster - Adding discovered server ac-ekkqvqw-shard-00-01.tzll3pi.mongodb.net:27017 to client view of cluster
2026-02-03 17:11:55.531 [cluster-ClusterId{value='6981df03ebfbc18a8e4bf812', description='Cluster0'}-srv-cluster0.tzll3pi.mongodb.net] INFO  org.mongodb.driver.cluster - Adding discovered server ac-ekkqvqw-shard-00-00.tzll3pi.mongodb.net:27017 to client view of cluster
2026-02-03 17:11:55.533 [cluster-ClusterId{value='6981df03ebfbc18a8e4bf812', description='Cluster0'}-srv-cluster0.tzll3pi.mongodb.net] INFO  org.mongodb.driver.cluster - Adding discovered server ac-ekkqvqw-shard-00-02.tzll3pi.mongodb.net:27017 to client view of cluster
2026-02-03 17:11:55.652 [main] INFO  org.mongodb.driver.cluster - Waiting for server to become available for operation with ID 5. Remaining time: 29987 ms. Selector: WritableServerSelector, topology description: {type=REPLICA_SET, servers=[{address=ac-ekkqvqw-shard-00-00.tzll3pi.mongodb.net:27017, type=UNKNOWN, state=CONNECTING}, {address=ac-ekkqvqw-shard-00-02.tzll3pi.mongodb.net:27017, type=UNKNOWN, state=CONNECTING}, {address=ac-ekkqvqw-shard-00-01.tzll3pi.mongodb.net:27017, type=UNKNOWN, state=CONNECTING}].
2026-02-03 17:11:56.254 [cluster-ClusterId{value='6981df03ebfbc18a8e4bf812', description='Cluster0'}-ac-ekkqvqw-shard-00-00.tzll3pi.mongodb.net:27017] INFO  org.mongodb.driver.cluster - Monitor thread successfully connected to server with description ServerDescription{address=ac-ekkqvqw-shard-00-00.tzll3pi.mongodb.net:27017, type=REPLICA_SET_SECONDARY, cryptd=false, state=CONNECTED, ok=true, minWireVersion=0, maxWireVersion=25, maxDocumentSize=16777216, logicalSessionTimeoutMinutes=30, roundTripTimeNanos=307511300, minRoundTripTimeNanos=0, setName='atlas-b2qrri-shard-0', canonicalAddress=ac-ekkqvqw-shard-00-00.tzll3pi.mongodb.net:27017, hosts=[ac-ekkqvqw-shard-00-00.tzll3pi.mongodb.net:27017, ac-ekkqvqw-shard-00-01.tzll3pi.mongodb.net:27017, ac-ekkqvqw-shard-00-02.tzll3pi.mongodb.net:27017], passives=[], arbiters=[], primary='ac-ekkqvqw-shard-00-01.tzll3pi.mongodb.net:27017', tagSet=TagSet{[Tag{name='availabilityZone', value='aps1-az1'}, Tag{name='diskState', value='READY'}, Tag{name='nodeType', value='ELECTABLE'}, Tag{name='provider', value='AWS'}, Tag{name='region', value='AP_SOUTH_1'}, Tag{name='workloadType', value='OPERATIONAL'}]}, electionId=null, setVersion=192, topologyVersion=TopologyVersion{processId=697b73efcd2b7a4a055f8b73, counter=4}, lastWriteDate=Tue Feb 03 17:11:55 IST 2026, lastUpdateTimeNanos=58463090614500}
2026-02-03 17:11:56.254 [cluster-ClusterId{value='6981df03ebfbc18a8e4bf812', description='Cluster0'}-ac-ekkqvqw-shard-00-01.tzll3pi.mongodb.net:27017] INFO  org.mongodb.driver.cluster - Monitor thread successfully connected to server with description ServerDescription{address=ac-ekkqvqw-shard-00-01.tzll3pi.mongodb.net:27017, type=REPLICA_SET_PRIMARY, cryptd=false, state=CONNECTED, ok=true, minWireVersion=0, maxWireVersion=25, maxDocumentSize=16777216, logicalSessionTimeoutMinutes=30, roundTripTimeNanos=304214700, minRoundTripTimeNanos=0, setName='atlas-b2qrri-shard-0', canonicalAddress=ac-ekkqvqw-shard-00-01.tzll3pi.mongodb.net:27017, hosts=[ac-ekkqvqw-shard-00-00.tzll3pi.mongodb.net:27017, ac-ekkqvqw-shard-00-01.tzll3pi.mongodb.net:27017, ac-ekkqvqw-shard-00-02.tzll3pi.mongodb.net:27017], passives=[], arbiters=[], primary='ac-ekkqvqw-shard-00-01.tzll3pi.mongodb.net:27017', tagSet=TagSet{[Tag{name='availabilityZone', value='aps1-az3'}, Tag{name='diskState', value='READY'}, Tag{name='nodeType', value='ELECTABLE'}, Tag{name='provider', value='AWS'}, Tag{name='region', value='AP_SOUTH_1'}, Tag{name='workloadType', value='OPERATIONAL'}]}, electionId=7fffffff00000000000001f1, setVersion=192, topologyVersion=TopologyVersion{processId=697b78626a1d39ed513da1d3, counter=6}, lastWriteDate=Tue Feb 03 17:11:55 IST 2026, lastUpdateTimeNanos=58463090614500}
2026-02-03 17:11:56.257 [cluster-ClusterId{value='6981df03ebfbc18a8e4bf812', description='Cluster0'}-ac-ekkqvqw-shard-00-02.tzll3pi.mongodb.net:27017] INFO  org.mongodb.driver.cluster - Monitor thread successfully connected to server with description ServerDescription{address=ac-ekkqvqw-shard-00-02.tzll3pi.mongodb.net:27017, type=REPLICA_SET_SECONDARY, cryptd=false, state=CONNECTED, ok=true, minWireVersion=0, maxWireVersion=25, maxDocumentSize=16777216, logicalSessionTimeoutMinutes=30, roundTripTimeNanos=292117100, minRoundTripTimeNanos=0, setName='atlas-b2qrri-shard-0', canonicalAddress=ac-ekkqvqw-shard-00-02.tzll3pi.mongodb.net:27017, hosts=[ac-ekkqvqw-shard-00-00.tzll3pi.mongodb.net:27017, ac-ekkqvqw-shard-00-01.tzll3pi.mongodb.net:27017, ac-ekkqvqw-shard-00-02.tzll3pi.mongodb.net:27017], passives=[], arbiters=[], primary='ac-ekkqvqw-shard-00-01.tzll3pi.mongodb.net:27017', tagSet=TagSet{[Tag{name='availabilityZone', value='aps1-az2'}, Tag{name='diskState', value='READY'}, Tag{name='nodeType', value='ELECTABLE'}, Tag{name='provider', value='AWS'}, Tag{name='region', value='AP_SOUTH_1'}, Tag{name='workloadType', value='OPERATIONAL'}]}, electionId=null, setVersion=192, topologyVersion=TopologyVersion{processId=697b7d3f44b6d42dc4bef0cd, counter=3}, lastWriteDate=Tue Feb 03 17:11:55 IST 2026, lastUpdateTimeNanos=58463095971800}
2026-02-03 17:11:56.258 [cluster-ClusterId{value='6981df03ebfbc18a8e4bf812', description='Cluster0'}-ac-ekkqvqw-shard-00-01.tzll3pi.mongodb.net:27017] INFO  org.mongodb.driver.cluster - Discovered replica set primary ac-ekkqvqw-shard-00-01.tzll3pi.mongodb.net:27017 with max election id 7fffffff00000000000001f1 and max set version 192
2026-02-03 17:11:56.882 [main] INFO  o.s.s.c.a.a.c.InitializeUserDetailsBeanManagerConfigurer$InitializeUserDetailsManagerConfigurer - Global AuthenticationManager configured with UserDetailsService bean with name userDetailsServiceImpl
2026-02-03 17:11:57.270 [main] INFO  o.a.coyote.http11.Http11NioProtocol - Starting ProtocolHandler ["http-nio-8080"]
2026-02-03 17:11:57.281 [main] INFO  o.s.b.w.e.tomcat.TomcatWebServer - Tomcat started on port 8080 (http) with context path '/'
2026-02-03 17:11:57.287 [main] INFO  c.a.journalApp.JournalApplication - Started JournalApplication in 3.994 seconds (process running for 5.072)
2026-02-03 17:12:06.895 [SpringApplicationShutdownHook] INFO  o.s.b.w.e.tomcat.GracefulShutdown - Commencing graceful shutdown. Waiting for active requests to complete
2026-02-03 17:12:06.901 [tomcat-shutdown] INFO  o.s.b.w.e.tomcat.GracefulShutdown - Graceful shutdown complete
2026-02-03 17:12:11.042 [background-preinit] INFO  o.h.validator.internal.util.Version - HV000001: Hibernate Validator 8.0.3.Final
2026-02-03 17:12:11.091 [main] INFO  c.a.journalApp.JournalApplication - Starting JournalApplication using Java 21.0.6 with PID 11164 (D:\SpringBoot\journalApp\target\classes started by aakas in D:\SpringBoot\journalApp)
2026-02-03 17:12:11.092 [main] INFO  c.a.journalApp.JournalApplication - The following 1 profile is active: "dev"
2026-02-03 17:12:11.650 [main] INFO  o.s.d.r.c.RepositoryConfigurationDelegate - Bootstrapping Spring Data MongoDB repositories in DEFAULT mode.
2026-02-03 17:12:11.701 [main] INFO  o.s.d.r.c.RepositoryConfigurationDelegate - Finished Spring Data repository scanning in 46 ms. Found 3 MongoDB repository interfaces.
2026-02-03 17:12:12.133 [main] INFO  o.s.b.w.e.tomcat.TomcatWebServer - Tomcat initialized with port 8080 (http)
2026-02-03 17:12:12.143 [main] INFO  o.a.coyote.http11.Http11NioProtocol - Initializing ProtocolHandler ["http-nio-8080"]
2026-02-03 17:12:12.146 [main] INFO  o.a.catalina.core.StandardService - Starting service [Tomcat]
2026-02-03 17:12:12.146 [main] INFO  o.a.catalina.core.StandardEngine - Starting Servlet engine: [Apache Tomcat/10.1.50]
2026-02-03 17:12:12.205 [main] INFO  o.a.c.c.C.[Tomcat].[localhost].[/] - Initializing Spring embedded WebApplicationContext
2026-02-03 17:12:12.206 [main] INFO  o.s.b.w.s.c.ServletWebServerApplicationContext - Root WebApplicationContext: initialization completed in 1068 ms
2026-02-03 17:12:12.466 [main] INFO  org.mongodb.driver.client - MongoClient with metadata {"application": {"name": "Cluster0"}, "driver": {"name": "mongo-java-driver|sync|spring-boot", "version": "5.5.2"}, "os": {"type": "Windows", "name": "Windows 11", "architecture": "amd64", "version": "10.0"}, "platform": "Java/Oracle Corporation/21.0.6+8-LTS-188"} created with settings MongoClientSettings{readPreference=primary, writeConcern=WriteConcern{w=null, wTimeout=null ms, journal=null}, retryWrites=true, retryReads=true, readConcern=ReadConcern{level=null}, credential=MongoCredential{mechanism=null, userName='aakashbhatt19_db_user', source='admin', password=<hidden>, mechanismProperties=<hidden>}, transportSettings=null, commandListeners=[], codecRegistry=ProvidersCodecRegistry{codecProviders=[ValueCodecProvider{}, BsonValueCodecProvider{}, DBRefCodecProvider{}, DBObjectCodecProvider{}, DocumentCodecProvider{}, CollectionCodecProvider{}, IterableCodecProvider{}, MapCodecProvider{}, GeoJsonCodecProvider{}, GridFSFileCodecProvider{}, Jsr310CodecProvider{}, JsonObjectCodecProvider{}, BsonCodecProvider{}, EnumCodecProvider{}, com.mongodb.client.model.mql.ExpressionCodecProvider@5d2a86c0, com.mongodb.Jep395RecordCodecProvider@5ba1b62e, com.mongodb.KotlinCodecProvider@65bd19bf]}, loggerSettings=LoggerSettings{maxDocumentLength=1000}, clusterSettings={hosts=[127.0.0.1:27017], srvHost=cluster0.tzll3pi.mongodb.net, srvServiceName=mongodb, mode=MULTIPLE, requiredClusterType=REPLICA_SET, requiredReplicaSetName='atlas-b2qrri-shard-0', serverSelector='null', clusterListeners='[]', serverSelectionTimeout='30000 ms', localThreshold='15 ms'}, socketSettings=SocketSettings{connectTimeoutMS=10000, readTimeoutMS=0, receiveBufferSize=0, proxySettings=ProxySettings{host=null, port=null, username=null, password=null}}, heartbeatSocketSettings=SocketSettings{connectTimeoutMS=10000, readTimeoutMS=10000, receiveBufferSize=0, proxySettings=ProxySettings{host=null, port=null, username=null, password=null}}, connectionPoolSettings=ConnectionPoolSettings{maxSize=100, minSize=0, maxWaitTimeMS=120000, maxConnectionLifeTimeMS=0, maxConnectionIdleTimeMS=0, maintenanceInitialDelayMS=0, maintenanceFrequencyMS=60000, connectionPoolListeners=[], maxConnecting=2}, serverSettings=ServerSettings{heartbeatFrequencyMS=10000, minHeartbeatFrequencyMS=500, serverMonitoringMode=AUTO, serverListeners='[]', serverMonitorListeners='[]'}, sslSettings=SslSettings{enabled=true, invalidHostNameAllowed=false, context=null}, applicationName='Cluster0', compressorList=[], uuidRepresentation=JAVA_LEGACY, serverApi=null, autoEncryptionSettings=null, dnsClient=null, inetAddressResolver=null, contextProvider=null, timeoutMS=null}
2026-02-03 17:12:12.550 [cluster-ClusterId{value='6981df14612e3ac9f7a66af7', description='Cluster0'}-srv-cluster0.tzll3pi.mongodb.net] INFO  org.mongodb.driver.cluster - Adding discovered server ac-ekkqvqw-shard-00-01.tzll3pi.mongodb.net:27017 to client view of cluster
2026-02-03 17:12:12.571 [cluster-ClusterId{value='6981df14612e3ac9f7a66af7', description='Cluster0'}-srv-cluster0.tzll3pi.mongodb.net] INFO  org.mongodb.driver.cluster - Adding discovered server ac-ekkqvqw-shard-00-00.tzll3pi.mongodb.net:27017 to client view of cluster
2026-02-03 17:12:12.574 [cluster-ClusterId{value='6981df14612e3ac9f7a66af7', description='Cluster0'}-srv-cluster0.tzll3pi.mongodb.net] INFO  org.mongodb.driver.cluster - Adding discovered server ac-ekkqvqw-shard-00-02.tzll3pi.mongodb.net:27017 to client view of cluster
2026-02-03 17:12:12.706 [main] INFO  org.mongodb.driver.cluster - Waiting for server to become available for operation with ID 5. Remaining time: 29989 ms. Selector: WritableServerSelector, topology description: {type=REPLICA_SET, servers=[{address=ac-ekkqvqw-shard-00-00.tzll3pi.mongodb.net:27017, type=UNKNOWN, state=CONNECTING}, {address=ac-ekkqvqw-shard-00-02.tzll3pi.mongodb.net:27017, type=UNKNOWN, state=CONNECTING}, {address=ac-ekkqvqw-shard-00-01.tzll3pi.mongodb.net:27017, type=UNKNOWN, state=CONNECTING}].
2026-02-03 17:12:13.096 [cluster-ClusterId{value='6981df14612e3ac9f7a66af7', description='Cluster0'}-ac-ekkqvqw-shard-00-02.tzll3pi.mongodb.net:27017] INFO  org.mongodb.driver.cluster - Monitor thread successfully connected to server with description ServerDescription{address=ac-ekkqvqw-shard-00-02.tzll3pi.mongodb.net:27017, type=REPLICA_SET_SECONDARY, cryptd=false, state=CONNECTED, ok=true, minWireVersion=0, maxWireVersion=25, maxDocumentSize=16777216, logicalSessionTimeoutMinutes=30, roundTripTimeNanos=288821300, minRoundTripTimeNanos=0, setName='atlas-b2qrri-shard-0', canonicalAddress=ac-ekkqvqw-shard-00-02.tzll3pi.mongodb.net:27017, hosts=[ac-ekkqvqw-shard-00-00.tzll3pi.mongodb.net:27017, ac-ekkqvqw-shard-00-01.tzll3pi.mongodb.net:27017, ac-ekkqvqw-shard-00-02.tzll3pi.mongodb.net:27017], passives=[], arbiters=[], primary='ac-ekkqvqw-shard-00-01.tzll3pi.mongodb.net:27017', tagSet=TagSet{[Tag{name='availabilityZone', value='aps1-az2'}, Tag{name='diskState', value='READY'}, Tag{name='nodeType', value='ELECTABLE'}, Tag{name='provider', value='AWS'}, Tag{name='region', value='AP_SOUTH_1'}, Tag{name='workloadType', value='OPERATIONAL'}]}, electionId=null, setVersion=192, topologyVersion=TopologyVersion{processId=697b7d3f44b6d42dc4bef0cd, counter=3}, lastWriteDate=Tue Feb 03 17:12:13 IST 2026, lastUpdateTimeNanos=58479929894200}
2026-02-03 17:12:13.096 [cluster-ClusterId{value='6981df14612e3ac9f7a66af7', description='Cluster0'}-ac-ekkqvqw-shard-00-00.tzll3pi.mongodb.net:27017] INFO  org.mongodb.driver.cluster - Monitor thread successfully connected to server with description ServerDescription{address=ac-ekkqvqw-shard-00-00.tzll3pi.mongodb.net:27017, type=REPLICA_SET_SECONDARY, cryptd=false, state=CONNECTED, ok=true, minWireVersion=0, maxWireVersion=25, maxDocumentSize=16777216, logicalSessionTimeoutMinutes=30, roundTripTimeNanos=291024100, minRoundTripTimeNanos=0, setName='atlas-b2qrri-shard-0', canonicalAddress=ac-ekkqvqw-shard-00-00.tzll3pi.mongodb.net:27017, hosts=[ac-ekkqvqw-shard-00-00.tzll3pi.mongodb.net:27017, ac-ekkqvqw-shard-00-01.tzll3pi.mongodb.net:27017, ac-ekkqvqw-shard-00-02.tzll3pi.mongodb.net:27017], passives=[], arbiters=[], primary='ac-ekkqvqw-shard-00-01.tzll3pi.mongodb.net:27017', tagSet=TagSet{[Tag{name='availabilityZone', value='aps1-az1'}, Tag{name='diskState', value='READY'}, Tag{name='nodeType', value='ELECTABLE'}, Tag{name='provider', value='AWS'}, Tag{name='region', value='AP_SOUTH_1'}, Tag{name='workloadType', value='OPERATIONAL'}]}, electionId=null, setVersion=192, topologyVersion=TopologyVersion{processId=697b73efcd2b7a4a055f8b73, counter=4}, lastWriteDate=Tue Feb 03 17:12:13 IST 2026, lastUpdateTimeNanos=58479929860100}
2026-02-03 17:12:13.096 [cluster-ClusterId{value='6981df14612e3ac9f7a66af7', description='Cluster0'}-ac-ekkqvqw-shard-00-01.tzll3pi.mongodb.net:27017] INFO  org.mongodb.driver.cluster - Monitor thread successfully connected to server with description ServerDescription{address=ac-ekkqvqw-shard-00-01.tzll3pi.mongodb.net:27017, type=REPLICA_SET_PRIMARY, cryptd=false, state=CONNECTED, ok=true, minWireVersion=0, maxWireVersion=25, maxDocumentSize=16777216, logicalSessionTimeoutMinutes=30, roundTripTimeNanos=296136200, minRoundTripTimeNanos=0, setName='atlas-b2qrri-shard-0', canonicalAddress=ac-ekkqvqw-shard-00-01.tzll3pi.mongodb.net:27017, hosts=[ac-ekkqvqw-shard-00-00.tzll3pi.mongodb.net:27017, ac-ekkqvqw-shard-00-01.tzll3pi.mongodb.net:27017, ac-ekkqvqw-shard-00-02.tzll3pi.mongodb.net:27017], passives=[], arbiters=[], primary='ac-ekkqvqw-shard-00-01.tzll3pi.mongodb.net:27017', tagSet=TagSet{[Tag{name='availabilityZone', value='aps1-az3'}, Tag{name='diskState', value='READY'}, Tag{name='nodeType', value='ELECTABLE'}, Tag{name='provider', value='AWS'}, Tag{name='region', value='AP_SOUTH_1'}, Tag{name='workloadType', value='OPERATIONAL'}]}, electionId=7fffffff00000000000001f1, setVersion=192, topologyVersion=TopologyVersion{processId=697b78626a1d39ed513da1d3, counter=6}, lastWriteDate=Tue Feb 03 17:12:13 IST 2026, lastUpdateTimeNanos=58479929869600}
2026-02-03 17:12:13.100 [cluster-ClusterId{value='6981df14612e3ac9f7a66af7', description='Cluster0'}-ac-ekkqvqw-shard-00-01.tzll3pi.mongodb.net:27017] INFO  org.mongodb.driver.cluster - Discovered replica set primary ac-ekkqvqw-shard-00-01.tzll3pi.mongodb.net:27017 with max election id 7fffffff00000000000001f1 and max set version 192
2026-02-03 17:12:13.754 [main] INFO  o.s.s.c.a.a.c.InitializeUserDetailsBeanManagerConfigurer$InitializeUserDetailsManagerConfigurer - Global AuthenticationManager configured with UserDetailsService bean with name userDetailsServiceImpl
2026-02-03 17:12:14.148 [main] INFO  o.a.coyote.http11.Http11NioProtocol - Starting ProtocolHandler ["http-nio-8080"]
2026-02-03 17:12:14.158 [main] INFO  o.s.b.w.e.tomcat.TomcatWebServer - Tomcat started on port 8080 (http) with context path '/'
2026-02-03 17:12:14.165 [main] INFO  c.a.journalApp.JournalApplication - Started JournalApplication in 3.543 seconds (process running for 4.39)
2026-02-03 17:12:29.608 [SpringApplicationShutdownHook] INFO  o.s.b.w.e.tomcat.GracefulShutdown - Commencing graceful shutdown. Waiting for active requests to complete
2026-02-03 17:12:29.617 [tomcat-shutdown] INFO  o.s.b.w.e.tomcat.GracefulShutdown - Graceful shutdown complete
